<?xml version="1.0" encoding="UTF-8"?>

<AnalyzerReport tool_version="4.0p1" tool_name="gt-csonar" uuid="23c74513-4332-4b6f-9091-28704cd772e8">
  <BugInstance id="1">
    <Methods>
      <Method id="1" primary="true">SHA1ProcessMessageBlock</Method>
    </Methods>
    <BugLocations>
      <Location id="1" primary="true">
        <SourceFile>yubico-c-client-ykclient-2.11/sha1.c</SourceFile>
        <StartLine>392</StartLine>
        <EndLine>392</EndLine>
        <Explanation>This code assigns the variable the same value it already had.</Explanation>
      </Location>
    </BugLocations>
    <BugGroup>Useless Assignment</BugGroup>
    <BugCode>LANG.STRUCT.UA</BugCode>
    <BugSeverity>None</BugSeverity>
    <BugMessage> Event 1 at yubico-c-client-ykclient-2.11/sha1.c:392: This code assigns the variable the same value it already had.

</BugMessage>
    <BugTrace>
      <BuildId>1</BuildId>
      <AssessmentReportFile>5.xml</AssessmentReportFile>
    </BugTrace>
  </BugInstance>
  <BugInstance id="2">
    <Methods>
      <Method id="1" primary="true">ykclient_init</Method>
    </Methods>
    <BugLocations>
      <Location id="1" primary="true">
        <SourceFile>yubico-c-client-ykclient-2.11/ykclient.c</SourceFile>
        <StartLine>146</StartLine>
        <EndLine>146</EndLine>
        <Explanation>This code assigns the variable the same value it already had.</Explanation>
      </Location>
    </BugLocations>
    <BugGroup>Useless Assignment</BugGroup>
    <BugCode>LANG.STRUCT.UA</BugCode>
    <BugSeverity>None</BugSeverity>
    <BugMessage> Event 1 at yubico-c-client-ykclient-2.11/ykclient.c:146: This code assigns the variable the same value it already had.

</BugMessage>
    <BugTrace>
      <AssessmentReportFile>20.xml</AssessmentReportFile>
    </BugTrace>
  </BugInstance>
  <BugInstance id="3">
    <Methods>
      <Method id="1" primary="true">SHA224_256ProcessMessageBlock</Method>
    </Methods>
    <BugLocations>
      <Location id="1" primary="true">
        <SourceFile>yubico-c-client-ykclient-2.11/sha224-256.c</SourceFile>
        <StartLine>473</StartLine>
        <EndLine>473</EndLine>
        <Explanation>This code assigns the variable the same value it already had.</Explanation>
      </Location>
    </BugLocations>
    <BugGroup>Useless Assignment</BugGroup>
    <BugCode>LANG.STRUCT.UA</BugCode>
    <BugSeverity>None</BugSeverity>
    <BugMessage> Event 1 at yubico-c-client-ykclient-2.11/sha224-256.c:473: This code assigns the variable the same value it already had.

</BugMessage>
    <BugTrace>
      <AssessmentReportFile>1.xml</AssessmentReportFile>
    </BugTrace>
  </BugInstance>
  <BugInstance id="4">
    <Methods>
      <Method id="1" primary="true">SHA1ProcessMessageBlock</Method>
    </Methods>
    <BugLocations>
      <Location id="1" primary="true">
        <SourceFile>yubico-c-client-ykclient-2.11/sha1.c</SourceFile>
        <StartLine>374</StartLine>
        <EndLine>374</EndLine>
        <Explanation>This code assigns the variable the same value it already had.</Explanation>
      </Location>
    </BugLocations>
    <BugGroup>Useless Assignment</BugGroup>
    <BugCode>LANG.STRUCT.UA</BugCode>
    <BugSeverity>None</BugSeverity>
    <BugMessage> Event 1 at yubico-c-client-ykclient-2.11/sha1.c:374: This code assigns the variable the same value it already had.

</BugMessage>
    <BugTrace>
      <AssessmentReportFile>4.xml</AssessmentReportFile>
    </BugTrace>
  </BugInstance>
  <BugInstance id="5">
    <Methods>
      <Method id="1" primary="true">ykclient_done</Method>
    </Methods>
    <BugLocations>
      <Location id="1" primary="false">
        <SourceFile>yubico-c-client-ykclient-2.11/ykclient.c</SourceFile>
        <StartLine>1362</StartLine>
        <EndLine>1362</EndLine>
        <Explanation>Taking true branch.  ykc_in == (void *)0 evaluates to true.</Explanation>
      </Location>
      <Location id="2" primary="false">
        <SourceFile>yubico-c-client-ykclient-2.11/ykclient.c</SourceFile>
        <StartLine>1364</StartLine>
        <EndLine>1364</EndLine>
        <Explanation>&amp;ykc is passed to ykclient_init().</Explanation>
      </Location>
      <Location id="3" primary="false">
        <SourceFile>yubico-c-client-ykclient-2.11/ykclient.c</SourceFile>
        <StartLine>130</StartLine>
        <EndLine>130</EndLine>
        <Explanation>ykc is set to &amp;ykcykclient.c</Explanation>
      </Location>
      <Location id="4" primary="false">
        <SourceFile>yubico-c-client-ykclient-2.11/ykclient.c</SourceFile>
        <StartLine>134</StartLine>
        <EndLine>134</EndLine>
        <Explanation>malloc() returns the address of a new object.</Explanation>
      </Location>
      <Location id="5" primary="false">
        <SourceFile>yubico-c-client-ykclient-2.11/ykclient.c</SourceFile>
        <StartLine>134</StartLine>
        <EndLine>134</EndLine>
        <Explanation>p is set to malloc(sizeof( *p )). [event 4]</Explanation>
      </Location>
      <Location id="6" primary="false">
        <SourceFile>yubico-c-client-ykclient-2.11/ykclient.c</SourceFile>
        <StartLine>136</StartLine>
        <EndLine>136</EndLine>
        <Explanation>Skipping "if".  p evaluates to true.</Explanation>
      </Location>
      <Location id="7" primary="false">
        <SourceFile>yubico-c-client-ykclient-2.11/ykclient.c</SourceFile>
        <StartLine>147</StartLine>
        <EndLine>147</EndLine>
        <Explanation>p-&gt;key_buf is set to NULL, where p is malloc(sizeof( *p )) [event 4, ykclient.c</Explanation>
      </Location>
      <Location id="8" primary="false">
        <SourceFile>yubico-c-client-ykclient-2.11/ykclient.c</SourceFile>
        <StartLine>160</StartLine>
        <EndLine>160</EndLine>
        <Explanation>*ykc is set to p, which evaluates to malloc(sizeof( *p )) [event 4, ykclient.c</Explanation>
      </Location>
      <Location id="9" primary="false">
        <SourceFile>yubico-c-client-ykclient-2.11/ykclient.c</SourceFile>
        <StartLine>1365</StartLine>
        <EndLine>1365</EndLine>
        <Explanation>Skipping "if".  out != YKCLIENT_OK evaluates to false.</Explanation>
      </Location>
      <Location id="10" primary="false">
        <SourceFile>yubico-c-client-ykclient-2.11/ykclient.c</SourceFile>
        <StartLine>1377</StartLine>
        <EndLine>1377</EndLine>
        <Explanation>Skipping "if".
   * urlcount != 0 evaluates to true.
   * *urls != 0 evaluates to false.</Explanation>
      </Location>
      <Location id="11" primary="false">
        <SourceFile>yubico-c-client-ykclient-2.11/ykclient.c</SourceFile>
        <StartLine>1382</StartLine>
        <EndLine>1382</EndLine>
        <Explanation>Skipping "if".  api_key evaluates to false.</Explanation>
      </Location>
      <Location id="12" primary="false">
        <SourceFile>yubico-c-client-ykclient-2.11/ykclient.c</SourceFile>
        <StartLine>1390</StartLine>
        <EndLine>1390</EndLine>
        <Explanation>Taking true branch.  ykc_in == (void *)0 evaluates to true.</Explanation>
      </Location>
      <Location id="13" primary="false">
        <SourceFile>yubico-c-client-ykclient-2.11/ykclient.c</SourceFile>
        <StartLine>1392</StartLine>
        <EndLine>1392</EndLine>
        <Explanation>&amp;ykc is passed to ykclient_done().</Explanation>
      </Location>
      <Location id="14" primary="false">
        <SourceFile>yubico-c-client-ykclient-2.11/ykclient.c</SourceFile>
        <StartLine>186</StartLine>
        <EndLine>186</EndLine>
        <Explanation>ykc is set to &amp;ykcykclient.c</Explanation>
      </Location>
      <Location id="15" primary="false">
        <SourceFile>yubico-c-client-ykclient-2.11/ykclient.c</SourceFile>
        <StartLine>188</StartLine>
        <EndLine>188</EndLine>
        <Explanation>Taking true branch.
   * ykc evaluates to true.
   * *ykc evaluates to true.</Explanation>
      </Location>
      <Location id="16" primary="false">
        <SourceFile>yubico-c-client-ykclient-2.11/ykclient.c</SourceFile>
        <StartLine>190</StartLine>
        <EndLine>190</EndLine>
        <Explanation>Taking true branch.  (*ykc)-&gt;url_templates evaluates to true.</Explanation>
      </Location>
      <Location id="17" primary="false">
        <SourceFile>yubico-c-client-ykclient-2.11/ykclient.c</SourceFile>
        <StartLine>193</StartLine>
        <EndLine>193</EndLine>
        <Explanation>Entering loop body.  i &lt; (*ykc)-&gt;num_templates evaluates to true.</Explanation>
      </Location>
      <Location id="18" primary="false">
        <SourceFile>yubico-c-client-ykclient-2.11/ykclient.c</SourceFile>
        <StartLine>193</StartLine>
        <EndLine>193</EndLine>
        <Explanation>Continuing from loop body.  Leaving loop.  i &lt; (*ykc)-&gt;num_templates evaluates to false.</Explanation>
      </Location>
      <Location id="19" primary="false">
        <SourceFile>yubico-c-client-ykclient-2.11/ykclient.c</SourceFile>
        <StartLine>200</StartLine>
        <EndLine>200</EndLine>
        <Explanation>(*ykc)-&gt;key_buf, which evaluates to NULL, is passed to free(). [event 7] [event 8] [event 14]</Explanation>
      </Location>
      <Location id="20" primary="true">
        <SourceFile>yubico-c-client-ykclient-2.11/ykclient.c</SourceFile>
        <StartLine>200</StartLine>
        <EndLine>200</EndLine>
        <Explanation>(*ykc)-&gt;key_buf is not a valid address.
   * (*ykc)-&gt;key_buf evaluates to NULL.
   * Some older implementations of free() have unsafe behavior on NULL pointers.
The issue can occur if the highlighted code executes. [event 19]</Explanation>
      </Location>
    </BugLocations>
    <BugGroup>Free Null Pointer</BugGroup>
    <BugCode>ALLOC.FNP</BugCode>
    <BugSeverity>None</BugSeverity>
    <BugMessage> Event 1 at yubico-c-client-ykclient-2.11/ykclient.c:1362: Taking true branch.  ykc_in == (void *)0 evaluates to true.

 Event 2 at yubico-c-client-ykclient-2.11/ykclient.c:1364: &amp;ykc is passed to ykclient_init().

 Event 3 at yubico-c-client-ykclient-2.11/ykclient.c:130: ykc is set to &amp;ykcykclient.c:1351. [event 2]

 Event 4 at yubico-c-client-ykclient-2.11/ykclient.c:134: malloc() returns the address of a new object.

 Event 5 at yubico-c-client-ykclient-2.11/ykclient.c:134: p is set to malloc(sizeof( *p )). [event 4]

 Event 6 at yubico-c-client-ykclient-2.11/ykclient.c:136: Skipping "if".  p evaluates to true.

 Event 7 at yubico-c-client-ykclient-2.11/ykclient.c:147: p-&gt;key_buf is set to NULL, where p is malloc(sizeof( *p )) [event 4, ykclient.c:134].
   * Determines the freed value in the Free Null Pointer warning later. [event 5]

 Event 8 at yubico-c-client-ykclient-2.11/ykclient.c:160: *ykc is set to p, which evaluates to malloc(sizeof( *p )) [event 4, ykclient.c:134], where ykc is &amp;ykcykclient.c:1351. [event 3] [event 5]

 Event 9 at yubico-c-client-ykclient-2.11/ykclient.c:1365: Skipping "if".  out != YKCLIENT_OK evaluates to false.

 Event 10 at yubico-c-client-ykclient-2.11/ykclient.c:1377: Skipping "if".
   * urlcount != 0 evaluates to true.
   * *urls != 0 evaluates to false.

 Event 11 at yubico-c-client-ykclient-2.11/ykclient.c:1382: Skipping "if".  api_key evaluates to false.

 Event 12 at yubico-c-client-ykclient-2.11/ykclient.c:1390: Taking true branch.  ykc_in == (void *)0 evaluates to true.

 Event 13 at yubico-c-client-ykclient-2.11/ykclient.c:1392: &amp;ykc is passed to ykclient_done().

 Event 14 at yubico-c-client-ykclient-2.11/ykclient.c:186: ykc is set to &amp;ykcykclient.c:1351. [event 13]

 Event 15 at yubico-c-client-ykclient-2.11/ykclient.c:188: Taking true branch.
   * ykc evaluates to true.
   * *ykc evaluates to true.

 Event 16 at yubico-c-client-ykclient-2.11/ykclient.c:190: Taking true branch.  (*ykc)-&gt;url_templates evaluates to true.

 Event 17 at yubico-c-client-ykclient-2.11/ykclient.c:193: Entering loop body.  i &lt; (*ykc)-&gt;num_templates evaluates to true.

 Event 18 at yubico-c-client-ykclient-2.11/ykclient.c:193: Continuing from loop body.  Leaving loop.  i &lt; (*ykc)-&gt;num_templates evaluates to false.

 Event 19 at yubico-c-client-ykclient-2.11/ykclient.c:200: (*ykc)-&gt;key_buf, which evaluates to NULL, is passed to free(). [event 7] [event 8] [event 14]

 Event 20 at yubico-c-client-ykclient-2.11/ykclient.c:200: (*ykc)-&gt;key_buf is not a valid address.
   * (*ykc)-&gt;key_buf evaluates to NULL.
   * Some older implementations of free() have unsafe behavior on NULL pointers.
The issue can occur if the highlighted code executes. [event 19]

</BugMessage>
    <BugTrace>
      <AssessmentReportFile>32.xml</AssessmentReportFile>
    </BugTrace>
  </BugInstance>
  <BugInstance id="6">
    <Methods>
      <Method id="1" primary="true">ykclient_handle_init</Method>
    </Methods>
    <BugLocations>
      <Location id="1" primary="false">
        <SourceFile>yubico-c-client-ykclient-2.11/ykclient.c</SourceFile>
        <StartLine>286</StartLine>
        <EndLine>286</EndLine>
        <Explanation>This code assigns the variable the same value it already had.</Explanation>
      </Location>
      <Location id="2" primary="false">
        <SourceFile>yubico-c-client-ykclient-2.11/ykclient.c</SourceFile>
        <StartLine>1364</StartLine>
        <EndLine>1364</EndLine>
        <Explanation>&amp;ykc is passed to ykclient_init().</Explanation>
      </Location>
      <Location id="3" primary="false">
        <SourceFile>yubico-c-client-ykclient-2.11/ykclient.c</SourceFile>
        <StartLine>130</StartLine>
        <EndLine>130</EndLine>
        <Explanation>ykc is set to &amp;ykcykclient.c</Explanation>
      </Location>
      <Location id="4" primary="false">
        <SourceFile>yubico-c-client-ykclient-2.11/ykclient.c</SourceFile>
        <StartLine>134</StartLine>
        <EndLine>134</EndLine>
        <Explanation>malloc() returns the address of a new object.</Explanation>
      </Location>
      <Location id="5" primary="false">
        <SourceFile>yubico-c-client-ykclient-2.11/ykclient.c</SourceFile>
        <StartLine>134</StartLine>
        <EndLine>134</EndLine>
        <Explanation>p is set to malloc(sizeof( *p )). [event 4]</Explanation>
      </Location>
      <Location id="6" primary="false">
        <SourceFile>yubico-c-client-ykclient-2.11/ykclient.c</SourceFile>
        <StartLine>136</StartLine>
        <EndLine>136</EndLine>
        <Explanation>Skipping "if".  p evaluates to true.</Explanation>
      </Location>
      <Location id="7" primary="false">
        <SourceFile>yubico-c-client-ykclient-2.11/ykclient.c</SourceFile>
        <StartLine>147</StartLine>
        <EndLine>147</EndLine>
        <Explanation>p-&gt;key_buf is set to NULL, where p is malloc(sizeof( *p )) [event 4, ykclient.c</Explanation>
      </Location>
      <Location id="8" primary="false">
        <SourceFile>yubico-c-client-ykclient-2.11/ykclient.c</SourceFile>
        <StartLine>160</StartLine>
        <EndLine>160</EndLine>
        <Explanation>*ykc is set to p, which evaluates to malloc(sizeof( *p )) [event 4, ykclient.c</Explanation>
      </Location>
      <Location id="9" primary="false">
        <SourceFile>yubico-c-client-ykclient-2.11/ykclient.c</SourceFile>
        <StartLine>1365</StartLine>
        <EndLine>1365</EndLine>
        <Explanation>Skipping "if".  out != YKCLIENT_OK evaluates to false.</Explanation>
      </Location>
      <Location id="10" primary="false">
        <SourceFile>yubico-c-client-ykclient-2.11/ykclient.c</SourceFile>
        <StartLine>1377</StartLine>
        <EndLine>1377</EndLine>
        <Explanation>Skipping "if".
   * urlcount != 0 evaluates to true.
   * *urls != 0 evaluates to false.</Explanation>
      </Location>
      <Location id="11" primary="false">
        <SourceFile>yubico-c-client-ykclient-2.11/ykclient.c</SourceFile>
        <StartLine>1382</StartLine>
        <EndLine>1382</EndLine>
        <Explanation>Skipping "if".  api_key evaluates to false.</Explanation>
      </Location>
      <Location id="12" primary="false">
        <SourceFile>yubico-c-client-ykclient-2.11/ykclient.c</SourceFile>
        <StartLine>1390</StartLine>
        <EndLine>1390</EndLine>
        <Explanation>Taking true branch.  ykc_in == (void *)0 evaluates to true.</Explanation>
      </Location>
      <Location id="13" primary="false">
        <SourceFile>yubico-c-client-ykclient-2.11/ykclient.c</SourceFile>
        <StartLine>1392</StartLine>
        <EndLine>1392</EndLine>
        <Explanation>&amp;ykc is passed to ykclient_done().</Explanation>
      </Location>
      <Location id="14" primary="false">
        <SourceFile>yubico-c-client-ykclient-2.11/ykclient.c</SourceFile>
        <StartLine>186</StartLine>
        <EndLine>186</EndLine>
        <Explanation>ykc is set to &amp;ykcykclient.c</Explanation>
      </Location>
      <Location id="15" primary="false">
        <SourceFile>yubico-c-client-ykclient-2.11/ykclient.c</SourceFile>
        <StartLine>188</StartLine>
        <EndLine>188</EndLine>
        <Explanation>Taking true branch.
   * ykc evaluates to true.
   * *ykc evaluates to true.</Explanation>
      </Location>
      <Location id="16" primary="false">
        <SourceFile>yubico-c-client-ykclient-2.11/ykclient.c</SourceFile>
        <StartLine>190</StartLine>
        <EndLine>190</EndLine>
        <Explanation>Taking true branch.  (*ykc)-&gt;url_templates evaluates to true.</Explanation>
      </Location>
      <Location id="17" primary="false">
        <SourceFile>yubico-c-client-ykclient-2.11/ykclient.c</SourceFile>
        <StartLine>193</StartLine>
        <EndLine>193</EndLine>
        <Explanation>Entering loop body.  i &lt; (*ykc)-&gt;num_templates evaluates to true.</Explanation>
      </Location>
      <Location id="18" primary="false">
        <SourceFile>yubico-c-client-ykclient-2.11/ykclient.c</SourceFile>
        <StartLine>193</StartLine>
        <EndLine>193</EndLine>
        <Explanation>Continuing from loop body.  Leaving loop.  i &lt; (*ykc)-&gt;num_templates evaluates to false.</Explanation>
      </Location>
      <Location id="19" primary="false">
        <SourceFile>yubico-c-client-ykclient-2.11/ykclient.c</SourceFile>
        <StartLine>200</StartLine>
        <EndLine>200</EndLine>
        <Explanation>(*ykc)-&gt;key_buf, which evaluates to NULL, is passed to free(). [event 7] [event 8] [event 14]</Explanation>
      </Location>
      <Location id="20" primary="true">
        <SourceFile>yubico-c-client-ykclient-2.11/ykclient.c</SourceFile>
        <StartLine>200</StartLine>
        <EndLine>200</EndLine>
        <Explanation>(*ykc)-&gt;key_buf is not a valid address.
   * (*ykc)-&gt;key_buf evaluates to NULL.
   * Some older implementations of free() have unsafe behavior on NULL pointers.
The issue can occur if the highlighted code executes. [event 19]</Explanation>
      </Location>
    </BugLocations>
    <BugGroup>Useless Assignment</BugGroup>
    <BugCode>LANG.STRUCT.UA</BugCode>
    <BugSeverity>None</BugSeverity>
    <BugMessage> Event 1 at yubico-c-client-ykclient-2.11/ykclient.c:286: This code assigns the variable the same value it already had.

</BugMessage>
    <BugTrace>
      <AssessmentReportFile>24.xml</AssessmentReportFile>
    </BugTrace>
  </BugInstance>
  <BugInstance id="7">
    <Methods>
      <Method id="1" primary="true">SHA1ProcessMessageBlock</Method>
    </Methods>
    <BugLocations>
      <Location id="1" primary="false">
        <SourceFile>yubico-c-client-ykclient-2.11/sha1.c</SourceFile>
        <StartLine>401</StartLine>
        <EndLine>401</EndLine>
        <Explanation>This code assigns the variable the same value it already had.</Explanation>
      </Location>
      <Location id="2" primary="false">
        <SourceFile>yubico-c-client-ykclient-2.11/ykclient.c</SourceFile>
        <StartLine>1364</StartLine>
        <EndLine>1364</EndLine>
        <Explanation>&amp;ykc is passed to ykclient_init().</Explanation>
      </Location>
      <Location id="3" primary="false">
        <SourceFile>yubico-c-client-ykclient-2.11/ykclient.c</SourceFile>
        <StartLine>130</StartLine>
        <EndLine>130</EndLine>
        <Explanation>ykc is set to &amp;ykcykclient.c</Explanation>
      </Location>
      <Location id="4" primary="false">
        <SourceFile>yubico-c-client-ykclient-2.11/ykclient.c</SourceFile>
        <StartLine>134</StartLine>
        <EndLine>134</EndLine>
        <Explanation>malloc() returns the address of a new object.</Explanation>
      </Location>
      <Location id="5" primary="false">
        <SourceFile>yubico-c-client-ykclient-2.11/ykclient.c</SourceFile>
        <StartLine>134</StartLine>
        <EndLine>134</EndLine>
        <Explanation>p is set to malloc(sizeof( *p )). [event 4]</Explanation>
      </Location>
      <Location id="6" primary="false">
        <SourceFile>yubico-c-client-ykclient-2.11/ykclient.c</SourceFile>
        <StartLine>136</StartLine>
        <EndLine>136</EndLine>
        <Explanation>Skipping "if".  p evaluates to true.</Explanation>
      </Location>
      <Location id="7" primary="false">
        <SourceFile>yubico-c-client-ykclient-2.11/ykclient.c</SourceFile>
        <StartLine>147</StartLine>
        <EndLine>147</EndLine>
        <Explanation>p-&gt;key_buf is set to NULL, where p is malloc(sizeof( *p )) [event 4, ykclient.c</Explanation>
      </Location>
      <Location id="8" primary="false">
        <SourceFile>yubico-c-client-ykclient-2.11/ykclient.c</SourceFile>
        <StartLine>160</StartLine>
        <EndLine>160</EndLine>
        <Explanation>*ykc is set to p, which evaluates to malloc(sizeof( *p )) [event 4, ykclient.c</Explanation>
      </Location>
      <Location id="9" primary="false">
        <SourceFile>yubico-c-client-ykclient-2.11/ykclient.c</SourceFile>
        <StartLine>1365</StartLine>
        <EndLine>1365</EndLine>
        <Explanation>Skipping "if".  out != YKCLIENT_OK evaluates to false.</Explanation>
      </Location>
      <Location id="10" primary="false">
        <SourceFile>yubico-c-client-ykclient-2.11/ykclient.c</SourceFile>
        <StartLine>1377</StartLine>
        <EndLine>1377</EndLine>
        <Explanation>Skipping "if".
   * urlcount != 0 evaluates to true.
   * *urls != 0 evaluates to false.</Explanation>
      </Location>
      <Location id="11" primary="false">
        <SourceFile>yubico-c-client-ykclient-2.11/ykclient.c</SourceFile>
        <StartLine>1382</StartLine>
        <EndLine>1382</EndLine>
        <Explanation>Skipping "if".  api_key evaluates to false.</Explanation>
      </Location>
      <Location id="12" primary="false">
        <SourceFile>yubico-c-client-ykclient-2.11/ykclient.c</SourceFile>
        <StartLine>1390</StartLine>
        <EndLine>1390</EndLine>
        <Explanation>Taking true branch.  ykc_in == (void *)0 evaluates to true.</Explanation>
      </Location>
      <Location id="13" primary="false">
        <SourceFile>yubico-c-client-ykclient-2.11/ykclient.c</SourceFile>
        <StartLine>1392</StartLine>
        <EndLine>1392</EndLine>
        <Explanation>&amp;ykc is passed to ykclient_done().</Explanation>
      </Location>
      <Location id="14" primary="false">
        <SourceFile>yubico-c-client-ykclient-2.11/ykclient.c</SourceFile>
        <StartLine>186</StartLine>
        <EndLine>186</EndLine>
        <Explanation>ykc is set to &amp;ykcykclient.c</Explanation>
      </Location>
      <Location id="15" primary="false">
        <SourceFile>yubico-c-client-ykclient-2.11/ykclient.c</SourceFile>
        <StartLine>188</StartLine>
        <EndLine>188</EndLine>
        <Explanation>Taking true branch.
   * ykc evaluates to true.
   * *ykc evaluates to true.</Explanation>
      </Location>
      <Location id="16" primary="false">
        <SourceFile>yubico-c-client-ykclient-2.11/ykclient.c</SourceFile>
        <StartLine>190</StartLine>
        <EndLine>190</EndLine>
        <Explanation>Taking true branch.  (*ykc)-&gt;url_templates evaluates to true.</Explanation>
      </Location>
      <Location id="17" primary="false">
        <SourceFile>yubico-c-client-ykclient-2.11/ykclient.c</SourceFile>
        <StartLine>193</StartLine>
        <EndLine>193</EndLine>
        <Explanation>Entering loop body.  i &lt; (*ykc)-&gt;num_templates evaluates to true.</Explanation>
      </Location>
      <Location id="18" primary="false">
        <SourceFile>yubico-c-client-ykclient-2.11/ykclient.c</SourceFile>
        <StartLine>193</StartLine>
        <EndLine>193</EndLine>
        <Explanation>Continuing from loop body.  Leaving loop.  i &lt; (*ykc)-&gt;num_templates evaluates to false.</Explanation>
      </Location>
      <Location id="19" primary="false">
        <SourceFile>yubico-c-client-ykclient-2.11/ykclient.c</SourceFile>
        <StartLine>200</StartLine>
        <EndLine>200</EndLine>
        <Explanation>(*ykc)-&gt;key_buf, which evaluates to NULL, is passed to free(). [event 7] [event 8] [event 14]</Explanation>
      </Location>
      <Location id="20" primary="true">
        <SourceFile>yubico-c-client-ykclient-2.11/ykclient.c</SourceFile>
        <StartLine>200</StartLine>
        <EndLine>200</EndLine>
        <Explanation>(*ykc)-&gt;key_buf is not a valid address.
   * (*ykc)-&gt;key_buf evaluates to NULL.
   * Some older implementations of free() have unsafe behavior on NULL pointers.
The issue can occur if the highlighted code executes. [event 19]</Explanation>
      </Location>
    </BugLocations>
    <BugGroup>Useless Assignment</BugGroup>
    <BugCode>LANG.STRUCT.UA</BugCode>
    <BugSeverity>None</BugSeverity>
    <BugMessage> Event 1 at yubico-c-client-ykclient-2.11/sha1.c:401: This code assigns the variable the same value it already had.

</BugMessage>
    <BugTrace>
      <AssessmentReportFile>6.xml</AssessmentReportFile>
    </BugTrace>
  </BugInstance>
  <BugInstance id="8">
    <Methods>
      <Method id="1" primary="true">ykclient_server_response_init</Method>
    </Methods>
    <BugLocations>
      <Location id="1" primary="false">
        <SourceFile>yubico-c-client-ykclient-2.11/ykclient_server_response.c</SourceFile>
        <StartLine>157</StartLine>
        <EndLine>157</EndLine>
        <Explanation>This code assigns the variable the same value it already had.</Explanation>
      </Location>
      <Location id="2" primary="false">
        <SourceFile>yubico-c-client-ykclient-2.11/ykclient.c</SourceFile>
        <StartLine>1364</StartLine>
        <EndLine>1364</EndLine>
        <Explanation>&amp;ykc is passed to ykclient_init().</Explanation>
      </Location>
      <Location id="3" primary="false">
        <SourceFile>yubico-c-client-ykclient-2.11/ykclient.c</SourceFile>
        <StartLine>130</StartLine>
        <EndLine>130</EndLine>
        <Explanation>ykc is set to &amp;ykcykclient.c</Explanation>
      </Location>
      <Location id="4" primary="false">
        <SourceFile>yubico-c-client-ykclient-2.11/ykclient.c</SourceFile>
        <StartLine>134</StartLine>
        <EndLine>134</EndLine>
        <Explanation>malloc() returns the address of a new object.</Explanation>
      </Location>
      <Location id="5" primary="false">
        <SourceFile>yubico-c-client-ykclient-2.11/ykclient.c</SourceFile>
        <StartLine>134</StartLine>
        <EndLine>134</EndLine>
        <Explanation>p is set to malloc(sizeof( *p )). [event 4]</Explanation>
      </Location>
      <Location id="6" primary="false">
        <SourceFile>yubico-c-client-ykclient-2.11/ykclient.c</SourceFile>
        <StartLine>136</StartLine>
        <EndLine>136</EndLine>
        <Explanation>Skipping "if".  p evaluates to true.</Explanation>
      </Location>
      <Location id="7" primary="false">
        <SourceFile>yubico-c-client-ykclient-2.11/ykclient.c</SourceFile>
        <StartLine>147</StartLine>
        <EndLine>147</EndLine>
        <Explanation>p-&gt;key_buf is set to NULL, where p is malloc(sizeof( *p )) [event 4, ykclient.c</Explanation>
      </Location>
      <Location id="8" primary="false">
        <SourceFile>yubico-c-client-ykclient-2.11/ykclient.c</SourceFile>
        <StartLine>160</StartLine>
        <EndLine>160</EndLine>
        <Explanation>*ykc is set to p, which evaluates to malloc(sizeof( *p )) [event 4, ykclient.c</Explanation>
      </Location>
      <Location id="9" primary="false">
        <SourceFile>yubico-c-client-ykclient-2.11/ykclient.c</SourceFile>
        <StartLine>1365</StartLine>
        <EndLine>1365</EndLine>
        <Explanation>Skipping "if".  out != YKCLIENT_OK evaluates to false.</Explanation>
      </Location>
      <Location id="10" primary="false">
        <SourceFile>yubico-c-client-ykclient-2.11/ykclient.c</SourceFile>
        <StartLine>1377</StartLine>
        <EndLine>1377</EndLine>
        <Explanation>Skipping "if".
   * urlcount != 0 evaluates to true.
   * *urls != 0 evaluates to false.</Explanation>
      </Location>
      <Location id="11" primary="false">
        <SourceFile>yubico-c-client-ykclient-2.11/ykclient.c</SourceFile>
        <StartLine>1382</StartLine>
        <EndLine>1382</EndLine>
        <Explanation>Skipping "if".  api_key evaluates to false.</Explanation>
      </Location>
      <Location id="12" primary="false">
        <SourceFile>yubico-c-client-ykclient-2.11/ykclient.c</SourceFile>
        <StartLine>1390</StartLine>
        <EndLine>1390</EndLine>
        <Explanation>Taking true branch.  ykc_in == (void *)0 evaluates to true.</Explanation>
      </Location>
      <Location id="13" primary="false">
        <SourceFile>yubico-c-client-ykclient-2.11/ykclient.c</SourceFile>
        <StartLine>1392</StartLine>
        <EndLine>1392</EndLine>
        <Explanation>&amp;ykc is passed to ykclient_done().</Explanation>
      </Location>
      <Location id="14" primary="false">
        <SourceFile>yubico-c-client-ykclient-2.11/ykclient.c</SourceFile>
        <StartLine>186</StartLine>
        <EndLine>186</EndLine>
        <Explanation>ykc is set to &amp;ykcykclient.c</Explanation>
      </Location>
      <Location id="15" primary="false">
        <SourceFile>yubico-c-client-ykclient-2.11/ykclient.c</SourceFile>
        <StartLine>188</StartLine>
        <EndLine>188</EndLine>
        <Explanation>Taking true branch.
   * ykc evaluates to true.
   * *ykc evaluates to true.</Explanation>
      </Location>
      <Location id="16" primary="false">
        <SourceFile>yubico-c-client-ykclient-2.11/ykclient.c</SourceFile>
        <StartLine>190</StartLine>
        <EndLine>190</EndLine>
        <Explanation>Taking true branch.  (*ykc)-&gt;url_templates evaluates to true.</Explanation>
      </Location>
      <Location id="17" primary="false">
        <SourceFile>yubico-c-client-ykclient-2.11/ykclient.c</SourceFile>
        <StartLine>193</StartLine>
        <EndLine>193</EndLine>
        <Explanation>Entering loop body.  i &lt; (*ykc)-&gt;num_templates evaluates to true.</Explanation>
      </Location>
      <Location id="18" primary="false">
        <SourceFile>yubico-c-client-ykclient-2.11/ykclient.c</SourceFile>
        <StartLine>193</StartLine>
        <EndLine>193</EndLine>
        <Explanation>Continuing from loop body.  Leaving loop.  i &lt; (*ykc)-&gt;num_templates evaluates to false.</Explanation>
      </Location>
      <Location id="19" primary="false">
        <SourceFile>yubico-c-client-ykclient-2.11/ykclient.c</SourceFile>
        <StartLine>200</StartLine>
        <EndLine>200</EndLine>
        <Explanation>(*ykc)-&gt;key_buf, which evaluates to NULL, is passed to free(). [event 7] [event 8] [event 14]</Explanation>
      </Location>
      <Location id="20" primary="true">
        <SourceFile>yubico-c-client-ykclient-2.11/ykclient.c</SourceFile>
        <StartLine>200</StartLine>
        <EndLine>200</EndLine>
        <Explanation>(*ykc)-&gt;key_buf is not a valid address.
   * (*ykc)-&gt;key_buf evaluates to NULL.
   * Some older implementations of free() have unsafe behavior on NULL pointers.
The issue can occur if the highlighted code executes. [event 19]</Explanation>
      </Location>
    </BugLocations>
    <BugGroup>Useless Assignment</BugGroup>
    <BugCode>LANG.STRUCT.UA</BugCode>
    <BugSeverity>None</BugSeverity>
    <BugMessage> Event 1 at yubico-c-client-ykclient-2.11/ykclient_server_response.c:157: This code assigns the variable the same value it already had.

</BugMessage>
    <BugTrace>
      <AssessmentReportFile>13.xml</AssessmentReportFile>
    </BugTrace>
  </BugInstance>
  <BugInstance id="9">
    <Methods>
      <Method id="1" primary="true">ykclient_handle_done</Method>
    </Methods>
    <BugLocations>
      <Location id="1" primary="false">
        <SourceFile>yubico-c-client-ykclient-2.11/ykclient.c</SourceFile>
        <StartLine>271</StartLine>
        <EndLine>271</EndLine>
        <Explanation>malloc() returns the address of a new object.</Explanation>
      </Location>
      <Location id="2" primary="false">
        <SourceFile>yubico-c-client-ykclient-2.11/ykclient.c</SourceFile>
        <StartLine>271</StartLine>
        <EndLine>271</EndLine>
        <Explanation>p is set to malloc(sizeof( *p )). [event 1]</Explanation>
      </Location>
      <Location id="3" primary="false">
        <SourceFile>yubico-c-client-ykclient-2.11/ykclient.c</SourceFile>
        <StartLine>272</StartLine>
        <EndLine>272</EndLine>
        <Explanation>Skipping "if".  p evaluates to true.</Explanation>
      </Location>
      <Location id="4" primary="false">
        <SourceFile>yubico-c-client-ykclient-2.11/ykclient.c</SourceFile>
        <StartLine>278</StartLine>
        <EndLine>278</EndLine>
        <Explanation>curl_multi_init() is an Undefined Function.</Explanation>
      </Location>
      <Location id="5" primary="false">
        <SourceFile>yubico-c-client-ykclient-2.11/ykclient.c</SourceFile>
        <StartLine>279</StartLine>
        <EndLine>279</EndLine>
        <Explanation>Skipping "if".  p-&gt;multi evaluates to true.</Explanation>
      </Location>
      <Location id="6" primary="false">
        <SourceFile>yubico-c-client-ykclient-2.11/ykclient.c</SourceFile>
        <StartLine>285</StartLine>
        <EndLine>285</EndLine>
        <Explanation>malloc() returns NULL.
   * Determines the freed value in the Free Null Pointer warning later.</Explanation>
      </Location>
      <Location id="7" primary="false">
        <SourceFile>yubico-c-client-ykclient-2.11/ykclient.c</SourceFile>
        <StartLine>285</StartLine>
        <EndLine>285</EndLine>
        <Explanation>p-&gt;easy is set to malloc(...), which evaluates to NULL, where p is malloc(sizeof( *p )) [event 1, ykclient.c</Explanation>
      </Location>
      <Location id="8" primary="false">
        <SourceFile>yubico-c-client-ykclient-2.11/ykclient.c</SourceFile>
        <StartLine>286</StartLine>
        <EndLine>286</EndLine>
        <Explanation>Leaving loop.  p-&gt;num_easy &lt; ykc-&gt;num_templates evaluates to false.</Explanation>
      </Location>
      <Location id="9" primary="false">
        <SourceFile>yubico-c-client-ykclient-2.11/ykclient.c</SourceFile>
        <StartLine>324</StartLine>
        <EndLine>324</EndLine>
        <Explanation>Taking true branch.  p-&gt;url_exp evaluates to false.</Explanation>
      </Location>
      <Location id="10" primary="false">
        <SourceFile>yubico-c-client-ykclient-2.11/ykclient.c</SourceFile>
        <StartLine>326</StartLine>
        <EndLine>326</EndLine>
        <Explanation>&amp;p is passed to ykclient_handle_done().</Explanation>
      </Location>
      <Location id="11" primary="false">
        <SourceFile>yubico-c-client-ykclient-2.11/ykclient.c</SourceFile>
        <StartLine>387</StartLine>
        <EndLine>387</EndLine>
        <Explanation>ykh is set to &amp;pykclient.c</Explanation>
      </Location>
      <Location id="12" primary="false">
        <SourceFile>yubico-c-client-ykclient-2.11/ykclient.c</SourceFile>
        <StartLine>392</StartLine>
        <EndLine>392</EndLine>
        <Explanation>Taking true branch.
   * ykh evaluates to true.
   * *ykh evaluates to true.</Explanation>
      </Location>
      <Location id="13" primary="false">
        <SourceFile>yubico-c-client-ykclient-2.11/ykclient.c</SourceFile>
        <StartLine>396</StartLine>
        <EndLine>396</EndLine>
        <Explanation>Leaving loop.  i &lt; (*ykh)-&gt;num_easy evaluates to false.</Explanation>
      </Location>
      <Location id="14" primary="false">
        <SourceFile>yubico-c-client-ykclient-2.11/ykclient.c</SourceFile>
        <StartLine>406</StartLine>
        <EndLine>406</EndLine>
        <Explanation>Taking true branch.  (*ykh)-&gt;multi evaluates to true.</Explanation>
      </Location>
      <Location id="15" primary="false">
        <SourceFile>yubico-c-client-ykclient-2.11/ykclient.c</SourceFile>
        <StartLine>408</StartLine>
        <EndLine>408</EndLine>
        <Explanation>curl_multi_cleanup() is an Undefined Function.</Explanation>
      </Location>
      <Location id="16" primary="false">
        <SourceFile>yubico-c-client-ykclient-2.11/ykclient.c</SourceFile>
        <StartLine>412</StartLine>
        <EndLine>412</EndLine>
        <Explanation>(*ykh)-&gt;easy, which evaluates to NULL, is passed to free(). [event 2] [event 7] [event 11]</Explanation>
      </Location>
      <Location id="17" primary="false">
        <SourceFile>yubico-c-client-ykclient-2.11/ykclient.c</SourceFile>
        <StartLine>412</StartLine>
        <EndLine>412</EndLine>
        <Explanation>(*ykh)-&gt;easy is not a valid address.
   * (*ykh)-&gt;easy evaluates to NULL.
   * Some older implementations of free() have unsafe behavior on NULL pointers.
The issue can occur if the highlighted code executes. [event 16]</Explanation>
      </Location>
      <Location id="18" primary="false">
        <SourceFile>yubico-c-client-ykclient-2.11/ykclient.c</SourceFile>
        <StartLine>193</StartLine>
        <EndLine>193</EndLine>
        <Explanation>Continuing from loop body.  Leaving loop.  i &lt; (*ykc)-&gt;num_templates evaluates to false.</Explanation>
      </Location>
      <Location id="19" primary="false">
        <SourceFile>yubico-c-client-ykclient-2.11/ykclient.c</SourceFile>
        <StartLine>200</StartLine>
        <EndLine>200</EndLine>
        <Explanation>(*ykc)-&gt;key_buf, which evaluates to NULL, is passed to free(). [event 7] [event 8] [event 14]</Explanation>
      </Location>
      <Location id="20" primary="true">
        <SourceFile>yubico-c-client-ykclient-2.11/ykclient.c</SourceFile>
        <StartLine>200</StartLine>
        <EndLine>200</EndLine>
        <Explanation>(*ykc)-&gt;key_buf is not a valid address.
   * (*ykc)-&gt;key_buf evaluates to NULL.
   * Some older implementations of free() have unsafe behavior on NULL pointers.
The issue can occur if the highlighted code executes. [event 19]</Explanation>
      </Location>
    </BugLocations>
    <BugGroup>Free Null Pointer</BugGroup>
    <BugCode>ALLOC.FNP</BugCode>
    <BugSeverity>None</BugSeverity>
    <BugMessage> Event 1 at yubico-c-client-ykclient-2.11/ykclient.c:271: malloc() returns the address of a new object.

 Event 2 at yubico-c-client-ykclient-2.11/ykclient.c:271: p is set to malloc(sizeof( *p )). [event 1]

 Event 3 at yubico-c-client-ykclient-2.11/ykclient.c:272: Skipping "if".  p evaluates to true.

 Event 4 at yubico-c-client-ykclient-2.11/ykclient.c:278: curl_multi_init() is an Undefined Function.

 Event 5 at yubico-c-client-ykclient-2.11/ykclient.c:279: Skipping "if".  p-&gt;multi evaluates to true.

 Event 6 at yubico-c-client-ykclient-2.11/ykclient.c:285: malloc() returns NULL.
   * Determines the freed value in the Free Null Pointer warning later.

 Event 7 at yubico-c-client-ykclient-2.11/ykclient.c:285: p-&gt;easy is set to malloc(...), which evaluates to NULL, where p is malloc(sizeof( *p )) [event 1, ykclient.c:271]. [event 2] [event 6]

 Event 8 at yubico-c-client-ykclient-2.11/ykclient.c:286: Leaving loop.  p-&gt;num_easy &lt; ykc-&gt;num_templates evaluates to false.

 Event 9 at yubico-c-client-ykclient-2.11/ykclient.c:324: Taking true branch.  p-&gt;url_exp evaluates to false.

 Event 10 at yubico-c-client-ykclient-2.11/ykclient.c:326: &amp;p is passed to ykclient_handle_done().

 Event 11 at yubico-c-client-ykclient-2.11/ykclient.c:387: ykh is set to &amp;pykclient.c:265. [event 10]

 Event 12 at yubico-c-client-ykclient-2.11/ykclient.c:392: Taking true branch.
   * ykh evaluates to true.
   * *ykh evaluates to true.

 Event 13 at yubico-c-client-ykclient-2.11/ykclient.c:396: Leaving loop.  i &lt; (*ykh)-&gt;num_easy evaluates to false.

 Event 14 at yubico-c-client-ykclient-2.11/ykclient.c:406: Taking true branch.  (*ykh)-&gt;multi evaluates to true.

 Event 15 at yubico-c-client-ykclient-2.11/ykclient.c:408: curl_multi_cleanup() is an Undefined Function.

 Event 16 at yubico-c-client-ykclient-2.11/ykclient.c:412: (*ykh)-&gt;easy, which evaluates to NULL, is passed to free(). [event 2] [event 7] [event 11]

 Event 17 at yubico-c-client-ykclient-2.11/ykclient.c:412: (*ykh)-&gt;easy is not a valid address.
   * (*ykh)-&gt;easy evaluates to NULL.
   * Some older implementations of free() have unsafe behavior on NULL pointers.
The issue can occur if the highlighted code executes. [event 16]

</BugMessage>
    <BugTrace>
      <AssessmentReportFile>27.xml</AssessmentReportFile>
    </BugTrace>
  </BugInstance>
  <BugInstance id="10">
    <Methods>
      <Method id="1" primary="true">ykclient_init</Method>
    </Methods>
    <BugLocations>
      <Location id="1" primary="false">
        <SourceFile>yubico-c-client-ykclient-2.11/ykclient.c</SourceFile>
        <StartLine>143</StartLine>
        <EndLine>143</EndLine>
        <Explanation>This code assigns the variable the same value it already had.</Explanation>
      </Location>
      <Location id="2" primary="false">
        <SourceFile>yubico-c-client-ykclient-2.11/ykclient.c</SourceFile>
        <StartLine>271</StartLine>
        <EndLine>271</EndLine>
        <Explanation>p is set to malloc(sizeof( *p )). [event 1]</Explanation>
      </Location>
      <Location id="3" primary="false">
        <SourceFile>yubico-c-client-ykclient-2.11/ykclient.c</SourceFile>
        <StartLine>272</StartLine>
        <EndLine>272</EndLine>
        <Explanation>Skipping "if".  p evaluates to true.</Explanation>
      </Location>
      <Location id="4" primary="false">
        <SourceFile>yubico-c-client-ykclient-2.11/ykclient.c</SourceFile>
        <StartLine>278</StartLine>
        <EndLine>278</EndLine>
        <Explanation>curl_multi_init() is an Undefined Function.</Explanation>
      </Location>
      <Location id="5" primary="false">
        <SourceFile>yubico-c-client-ykclient-2.11/ykclient.c</SourceFile>
        <StartLine>279</StartLine>
        <EndLine>279</EndLine>
        <Explanation>Skipping "if".  p-&gt;multi evaluates to true.</Explanation>
      </Location>
      <Location id="6" primary="false">
        <SourceFile>yubico-c-client-ykclient-2.11/ykclient.c</SourceFile>
        <StartLine>285</StartLine>
        <EndLine>285</EndLine>
        <Explanation>malloc() returns NULL.
   * Determines the freed value in the Free Null Pointer warning later.</Explanation>
      </Location>
      <Location id="7" primary="false">
        <SourceFile>yubico-c-client-ykclient-2.11/ykclient.c</SourceFile>
        <StartLine>285</StartLine>
        <EndLine>285</EndLine>
        <Explanation>p-&gt;easy is set to malloc(...), which evaluates to NULL, where p is malloc(sizeof( *p )) [event 1, ykclient.c</Explanation>
      </Location>
      <Location id="8" primary="false">
        <SourceFile>yubico-c-client-ykclient-2.11/ykclient.c</SourceFile>
        <StartLine>286</StartLine>
        <EndLine>286</EndLine>
        <Explanation>Leaving loop.  p-&gt;num_easy &lt; ykc-&gt;num_templates evaluates to false.</Explanation>
      </Location>
      <Location id="9" primary="false">
        <SourceFile>yubico-c-client-ykclient-2.11/ykclient.c</SourceFile>
        <StartLine>324</StartLine>
        <EndLine>324</EndLine>
        <Explanation>Taking true branch.  p-&gt;url_exp evaluates to false.</Explanation>
      </Location>
      <Location id="10" primary="false">
        <SourceFile>yubico-c-client-ykclient-2.11/ykclient.c</SourceFile>
        <StartLine>326</StartLine>
        <EndLine>326</EndLine>
        <Explanation>&amp;p is passed to ykclient_handle_done().</Explanation>
      </Location>
      <Location id="11" primary="false">
        <SourceFile>yubico-c-client-ykclient-2.11/ykclient.c</SourceFile>
        <StartLine>387</StartLine>
        <EndLine>387</EndLine>
        <Explanation>ykh is set to &amp;pykclient.c</Explanation>
      </Location>
      <Location id="12" primary="false">
        <SourceFile>yubico-c-client-ykclient-2.11/ykclient.c</SourceFile>
        <StartLine>392</StartLine>
        <EndLine>392</EndLine>
        <Explanation>Taking true branch.
   * ykh evaluates to true.
   * *ykh evaluates to true.</Explanation>
      </Location>
      <Location id="13" primary="false">
        <SourceFile>yubico-c-client-ykclient-2.11/ykclient.c</SourceFile>
        <StartLine>396</StartLine>
        <EndLine>396</EndLine>
        <Explanation>Leaving loop.  i &lt; (*ykh)-&gt;num_easy evaluates to false.</Explanation>
      </Location>
      <Location id="14" primary="false">
        <SourceFile>yubico-c-client-ykclient-2.11/ykclient.c</SourceFile>
        <StartLine>406</StartLine>
        <EndLine>406</EndLine>
        <Explanation>Taking true branch.  (*ykh)-&gt;multi evaluates to true.</Explanation>
      </Location>
      <Location id="15" primary="false">
        <SourceFile>yubico-c-client-ykclient-2.11/ykclient.c</SourceFile>
        <StartLine>408</StartLine>
        <EndLine>408</EndLine>
        <Explanation>curl_multi_cleanup() is an Undefined Function.</Explanation>
      </Location>
      <Location id="16" primary="false">
        <SourceFile>yubico-c-client-ykclient-2.11/ykclient.c</SourceFile>
        <StartLine>412</StartLine>
        <EndLine>412</EndLine>
        <Explanation>(*ykh)-&gt;easy, which evaluates to NULL, is passed to free(). [event 2] [event 7] [event 11]</Explanation>
      </Location>
      <Location id="17" primary="false">
        <SourceFile>yubico-c-client-ykclient-2.11/ykclient.c</SourceFile>
        <StartLine>412</StartLine>
        <EndLine>412</EndLine>
        <Explanation>(*ykh)-&gt;easy is not a valid address.
   * (*ykh)-&gt;easy evaluates to NULL.
   * Some older implementations of free() have unsafe behavior on NULL pointers.
The issue can occur if the highlighted code executes. [event 16]</Explanation>
      </Location>
      <Location id="18" primary="false">
        <SourceFile>yubico-c-client-ykclient-2.11/ykclient.c</SourceFile>
        <StartLine>193</StartLine>
        <EndLine>193</EndLine>
        <Explanation>Continuing from loop body.  Leaving loop.  i &lt; (*ykc)-&gt;num_templates evaluates to false.</Explanation>
      </Location>
      <Location id="19" primary="false">
        <SourceFile>yubico-c-client-ykclient-2.11/ykclient.c</SourceFile>
        <StartLine>200</StartLine>
        <EndLine>200</EndLine>
        <Explanation>(*ykc)-&gt;key_buf, which evaluates to NULL, is passed to free(). [event 7] [event 8] [event 14]</Explanation>
      </Location>
      <Location id="20" primary="true">
        <SourceFile>yubico-c-client-ykclient-2.11/ykclient.c</SourceFile>
        <StartLine>200</StartLine>
        <EndLine>200</EndLine>
        <Explanation>(*ykc)-&gt;key_buf is not a valid address.
   * (*ykc)-&gt;key_buf evaluates to NULL.
   * Some older implementations of free() have unsafe behavior on NULL pointers.
The issue can occur if the highlighted code executes. [event 19]</Explanation>
      </Location>
    </BugLocations>
    <BugGroup>Useless Assignment</BugGroup>
    <BugCode>LANG.STRUCT.UA</BugCode>
    <BugSeverity>None</BugSeverity>
    <BugMessage> Event 1 at yubico-c-client-ykclient-2.11/ykclient.c:143: This code assigns the variable the same value it already had.

</BugMessage>
    <BugTrace>
      <AssessmentReportFile>22.xml</AssessmentReportFile>
    </BugTrace>
  </BugInstance>
  <BugInstance id="11">
    <Methods>
      <Method id="1" primary="true">list_parameter_insert_front</Method>
    </Methods>
    <BugLocations>
      <Location id="1" primary="false">
        <SourceFile>yubico-c-client-ykclient-2.11/ykclient_server_response.c</SourceFile>
        <StartLine>75</StartLine>
        <EndLine>75</EndLine>
        <Explanation>This code assigns the variable the same value it already had.</Explanation>
      </Location>
      <Location id="2" primary="false">
        <SourceFile>yubico-c-client-ykclient-2.11/ykclient.c</SourceFile>
        <StartLine>271</StartLine>
        <EndLine>271</EndLine>
        <Explanation>p is set to malloc(sizeof( *p )). [event 1]</Explanation>
      </Location>
      <Location id="3" primary="false">
        <SourceFile>yubico-c-client-ykclient-2.11/ykclient.c</SourceFile>
        <StartLine>272</StartLine>
        <EndLine>272</EndLine>
        <Explanation>Skipping "if".  p evaluates to true.</Explanation>
      </Location>
      <Location id="4" primary="false">
        <SourceFile>yubico-c-client-ykclient-2.11/ykclient.c</SourceFile>
        <StartLine>278</StartLine>
        <EndLine>278</EndLine>
        <Explanation>curl_multi_init() is an Undefined Function.</Explanation>
      </Location>
      <Location id="5" primary="false">
        <SourceFile>yubico-c-client-ykclient-2.11/ykclient.c</SourceFile>
        <StartLine>279</StartLine>
        <EndLine>279</EndLine>
        <Explanation>Skipping "if".  p-&gt;multi evaluates to true.</Explanation>
      </Location>
      <Location id="6" primary="false">
        <SourceFile>yubico-c-client-ykclient-2.11/ykclient.c</SourceFile>
        <StartLine>285</StartLine>
        <EndLine>285</EndLine>
        <Explanation>malloc() returns NULL.
   * Determines the freed value in the Free Null Pointer warning later.</Explanation>
      </Location>
      <Location id="7" primary="false">
        <SourceFile>yubico-c-client-ykclient-2.11/ykclient.c</SourceFile>
        <StartLine>285</StartLine>
        <EndLine>285</EndLine>
        <Explanation>p-&gt;easy is set to malloc(...), which evaluates to NULL, where p is malloc(sizeof( *p )) [event 1, ykclient.c</Explanation>
      </Location>
      <Location id="8" primary="false">
        <SourceFile>yubico-c-client-ykclient-2.11/ykclient.c</SourceFile>
        <StartLine>286</StartLine>
        <EndLine>286</EndLine>
        <Explanation>Leaving loop.  p-&gt;num_easy &lt; ykc-&gt;num_templates evaluates to false.</Explanation>
      </Location>
      <Location id="9" primary="false">
        <SourceFile>yubico-c-client-ykclient-2.11/ykclient.c</SourceFile>
        <StartLine>324</StartLine>
        <EndLine>324</EndLine>
        <Explanation>Taking true branch.  p-&gt;url_exp evaluates to false.</Explanation>
      </Location>
      <Location id="10" primary="false">
        <SourceFile>yubico-c-client-ykclient-2.11/ykclient.c</SourceFile>
        <StartLine>326</StartLine>
        <EndLine>326</EndLine>
        <Explanation>&amp;p is passed to ykclient_handle_done().</Explanation>
      </Location>
      <Location id="11" primary="false">
        <SourceFile>yubico-c-client-ykclient-2.11/ykclient.c</SourceFile>
        <StartLine>387</StartLine>
        <EndLine>387</EndLine>
        <Explanation>ykh is set to &amp;pykclient.c</Explanation>
      </Location>
      <Location id="12" primary="false">
        <SourceFile>yubico-c-client-ykclient-2.11/ykclient.c</SourceFile>
        <StartLine>392</StartLine>
        <EndLine>392</EndLine>
        <Explanation>Taking true branch.
   * ykh evaluates to true.
   * *ykh evaluates to true.</Explanation>
      </Location>
      <Location id="13" primary="false">
        <SourceFile>yubico-c-client-ykclient-2.11/ykclient.c</SourceFile>
        <StartLine>396</StartLine>
        <EndLine>396</EndLine>
        <Explanation>Leaving loop.  i &lt; (*ykh)-&gt;num_easy evaluates to false.</Explanation>
      </Location>
      <Location id="14" primary="false">
        <SourceFile>yubico-c-client-ykclient-2.11/ykclient.c</SourceFile>
        <StartLine>406</StartLine>
        <EndLine>406</EndLine>
        <Explanation>Taking true branch.  (*ykh)-&gt;multi evaluates to true.</Explanation>
      </Location>
      <Location id="15" primary="false">
        <SourceFile>yubico-c-client-ykclient-2.11/ykclient.c</SourceFile>
        <StartLine>408</StartLine>
        <EndLine>408</EndLine>
        <Explanation>curl_multi_cleanup() is an Undefined Function.</Explanation>
      </Location>
      <Location id="16" primary="false">
        <SourceFile>yubico-c-client-ykclient-2.11/ykclient.c</SourceFile>
        <StartLine>412</StartLine>
        <EndLine>412</EndLine>
        <Explanation>(*ykh)-&gt;easy, which evaluates to NULL, is passed to free(). [event 2] [event 7] [event 11]</Explanation>
      </Location>
      <Location id="17" primary="false">
        <SourceFile>yubico-c-client-ykclient-2.11/ykclient.c</SourceFile>
        <StartLine>412</StartLine>
        <EndLine>412</EndLine>
        <Explanation>(*ykh)-&gt;easy is not a valid address.
   * (*ykh)-&gt;easy evaluates to NULL.
   * Some older implementations of free() have unsafe behavior on NULL pointers.
The issue can occur if the highlighted code executes. [event 16]</Explanation>
      </Location>
      <Location id="18" primary="false">
        <SourceFile>yubico-c-client-ykclient-2.11/ykclient.c</SourceFile>
        <StartLine>193</StartLine>
        <EndLine>193</EndLine>
        <Explanation>Continuing from loop body.  Leaving loop.  i &lt; (*ykc)-&gt;num_templates evaluates to false.</Explanation>
      </Location>
      <Location id="19" primary="false">
        <SourceFile>yubico-c-client-ykclient-2.11/ykclient.c</SourceFile>
        <StartLine>200</StartLine>
        <EndLine>200</EndLine>
        <Explanation>(*ykc)-&gt;key_buf, which evaluates to NULL, is passed to free(). [event 7] [event 8] [event 14]</Explanation>
      </Location>
      <Location id="20" primary="true">
        <SourceFile>yubico-c-client-ykclient-2.11/ykclient.c</SourceFile>
        <StartLine>200</StartLine>
        <EndLine>200</EndLine>
        <Explanation>(*ykc)-&gt;key_buf is not a valid address.
   * (*ykc)-&gt;key_buf evaluates to NULL.
   * Some older implementations of free() have unsafe behavior on NULL pointers.
The issue can occur if the highlighted code executes. [event 19]</Explanation>
      </Location>
    </BugLocations>
    <BugGroup>Useless Assignment</BugGroup>
    <BugCode>LANG.STRUCT.UA</BugCode>
    <BugSeverity>None</BugSeverity>
    <BugMessage> Event 1 at yubico-c-client-ykclient-2.11/ykclient_server_response.c:75: This code assigns the variable the same value it already had.

</BugMessage>
    <BugTrace>
      <AssessmentReportFile>11.xml</AssessmentReportFile>
    </BugTrace>
  </BugInstance>
  <BugInstance id="12">
    <Methods>
      <Method id="1" primary="true">ykclient_server_response_parse</Method>
    </Methods>
    <BugLocations>
      <Location id="1" primary="false">
        <SourceFile>yubico-c-client-ykclient-2.11/ykclient_server_response.c</SourceFile>
        <StartLine>260</StartLine>
        <EndLine>260</EndLine>
        <Explanation>Skipping "if".
   * response == (void *)0 evaluates to false.
   * serv_response == (void *)0 evaluates to false.</Explanation>
      </Location>
      <Location id="2" primary="false">
        <SourceFile>yubico-c-client-ykclient-2.11/ykclient_server_response.c</SourceFile>
        <StartLine>264</StartLine>
        <EndLine>264</EndLine>
        <Explanation>Entering loop body.  *response != 0 evaluates to true.</Explanation>
      </Location>
      <Location id="3" primary="false">
        <SourceFile>yubico-c-client-ykclient-2.11/ykclient_server_response.c</SourceFile>
        <StartLine>266</StartLine>
        <EndLine>266</EndLine>
        <Explanation>malloc() allocates and returns the resource of interest.</Explanation>
      </Location>
      <Location id="4" primary="false">
        <SourceFile>yubico-c-client-ykclient-2.11/ykclient_server_response.c</SourceFile>
        <StartLine>266</StartLine>
        <EndLine>266</EndLine>
        <Explanation>param now references the resource of interest.
   * param is set to malloc(...) [event 3]</Explanation>
      </Location>
      <Location id="5" primary="false">
        <SourceFile>yubico-c-client-ykclient-2.11/ykclient_server_response.c</SourceFile>
        <StartLine>267</StartLine>
        <EndLine>267</EndLine>
        <Explanation>Skipping "if".  param == (void *)0 evaluates to false.</Explanation>
      </Location>
      <Location id="6" primary="false">
        <SourceFile>yubico-c-client-ykclient-2.11/ykclient_server_response.c</SourceFile>
        <StartLine>269</StartLine>
        <EndLine>269</EndLine>
        <Explanation>The resource of interest is passed to memset() as the first argument.
   * memset() does not free it or save any references that are freed later.
   * param, which evaluates to malloc(...) [event 3, ykclient_server_response.c</Explanation>
      </Location>
      <Location id="7" primary="false">
        <SourceFile>yubico-c-client-ykclient-2.11/ykclient_server_response.c</SourceFile>
        <StartLine>270</StartLine>
        <EndLine>270</EndLine>
        <Explanation>The resource of interest is passed to parse_next_parameter() as the second argument.
   * parse_next_parameter() does not free it or save any references that are freed later.
   * param, which evaluates to malloc(...) [event 3, ykclient_server_response.c</Explanation>
      </Location>
      <Location id="8" primary="false">
        <SourceFile>yubico-c-client-ykclient-2.11/ykclient_server_response.c</SourceFile>
        <StartLine>210</StartLine>
        <EndLine>210</EndLine>
        <Explanation>param now references the resource of interest.
   * param is set to malloc(...) [event 3, ykclient_server_response.c</Explanation>
      </Location>
      <Location id="9" primary="false">
        <SourceFile>yubico-c-client-ykclient-2.11/ykclient_server_response.c</SourceFile>
        <StartLine>212</StartLine>
        <EndLine>212</EndLine>
        <Explanation>Skipping "if".
   * s == (void *)0 evaluates to false.
   * *s == (void *)0 evaluates to false.
   * param == (void *)0 evaluates to false.</Explanation>
      </Location>
      <Location id="10" primary="false">
        <SourceFile>yubico-c-client-ykclient-2.11/ykclient_server_response.c</SourceFile>
        <StartLine>218</StartLine>
        <EndLine>218</EndLine>
        <Explanation>Entering loop body.
   * *(pos + index) != 0 evaluates to true.
   * *(pos + index) != 61 evaluates to true.</Explanation>
      </Location>
      <Location id="11" primary="false">
        <SourceFile>yubico-c-client-ykclient-2.11/ykclient_server_response.c</SourceFile>
        <StartLine>218</StartLine>
        <EndLine>218</EndLine>
        <Explanation>Continuing from loop body.  Leaving loop.  *(pos + index) != 0 evaluates to false.</Explanation>
      </Location>
      <Location id="12" primary="false">
        <SourceFile>yubico-c-client-ykclient-2.11/ykclient_server_response.c</SourceFile>
        <StartLine>220</StartLine>
        <EndLine>220</EndLine>
        <Explanation>Taking true branch.  *(pos + index) == 0 evaluates to true.</Explanation>
      </Location>
      <Location id="13" primary="false">
        <SourceFile>yubico-c-client-ykclient-2.11/ykclient_server_response.c</SourceFile>
        <StartLine>221</StartLine>
        <EndLine>221</EndLine>
        <Explanation>param has gone out of scope and no longer references the resource of interest. [event 8]</Explanation>
      </Location>
      <Location id="14" primary="false">
        <SourceFile>yubico-c-client-ykclient-2.11/ykclient_server_response.c</SourceFile>
        <StartLine>271</StartLine>
        <EndLine>271</EndLine>
        <Explanation>Taking true branch.  ret evaluates to true.</Explanation>
      </Location>
      <Location id="15" primary="false">
        <SourceFile>yubico-c-client-ykclient-2.11/ykclient_server_response.c</SourceFile>
        <StartLine>272</StartLine>
        <EndLine>272</EndLine>
        <Explanation>param has gone out of scope and no longer references the resource of interest. [event 4]</Explanation>
      </Location>
      <Location id="16" primary="false">
        <SourceFile>yubico-c-client-ykclient-2.11/ykclient_server_response.c</SourceFile>
        <StartLine>272</StartLine>
        <EndLine>272</EndLine>
        <Explanation>There are no remaining references to the resource malloc(...) from  [event 3, ykclient_server_response.c</Explanation>
      </Location>
      <Location id="17" primary="false">
        <SourceFile>yubico-c-client-ykclient-2.11/ykclient.c</SourceFile>
        <StartLine>412</StartLine>
        <EndLine>412</EndLine>
        <Explanation>(*ykh)-&gt;easy is not a valid address.
   * (*ykh)-&gt;easy evaluates to NULL.
   * Some older implementations of free() have unsafe behavior on NULL pointers.
The issue can occur if the highlighted code executes. [event 16]</Explanation>
      </Location>
      <Location id="18" primary="false">
        <SourceFile>yubico-c-client-ykclient-2.11/ykclient.c</SourceFile>
        <StartLine>193</StartLine>
        <EndLine>193</EndLine>
        <Explanation>Continuing from loop body.  Leaving loop.  i &lt; (*ykc)-&gt;num_templates evaluates to false.</Explanation>
      </Location>
      <Location id="19" primary="false">
        <SourceFile>yubico-c-client-ykclient-2.11/ykclient.c</SourceFile>
        <StartLine>200</StartLine>
        <EndLine>200</EndLine>
        <Explanation>(*ykc)-&gt;key_buf, which evaluates to NULL, is passed to free(). [event 7] [event 8] [event 14]</Explanation>
      </Location>
      <Location id="20" primary="true">
        <SourceFile>yubico-c-client-ykclient-2.11/ykclient.c</SourceFile>
        <StartLine>200</StartLine>
        <EndLine>200</EndLine>
        <Explanation>(*ykc)-&gt;key_buf is not a valid address.
   * (*ykc)-&gt;key_buf evaluates to NULL.
   * Some older implementations of free() have unsafe behavior on NULL pointers.
The issue can occur if the highlighted code executes. [event 19]</Explanation>
      </Location>
    </BugLocations>
    <BugGroup>Leak</BugGroup>
    <BugCode>ALLOC.LEAK</BugCode>
    <BugSeverity>None</BugSeverity>
    <BugMessage> Event 1 at yubico-c-client-ykclient-2.11/ykclient_server_response.c:260: Skipping "if".
   * response == (void *)0 evaluates to false.
   * serv_response == (void *)0 evaluates to false.

 Event 2 at yubico-c-client-ykclient-2.11/ykclient_server_response.c:264: Entering loop body.  *response != 0 evaluates to true.

 Event 3 at yubico-c-client-ykclient-2.11/ykclient_server_response.c:266: malloc() allocates and returns the resource of interest.

 Event 4 at yubico-c-client-ykclient-2.11/ykclient_server_response.c:266: param now references the resource of interest.
   * param is set to malloc(...) [event 3]

 Event 5 at yubico-c-client-ykclient-2.11/ykclient_server_response.c:267: Skipping "if".  param == (void *)0 evaluates to false.

 Event 6 at yubico-c-client-ykclient-2.11/ykclient_server_response.c:269: The resource of interest is passed to memset() as the first argument.
   * memset() does not free it or save any references that are freed later.
   * param, which evaluates to malloc(...) [event 3, ykclient_server_response.c:266], is passed to memset() as the first argument. [event 4]

 Event 7 at yubico-c-client-ykclient-2.11/ykclient_server_response.c:270: The resource of interest is passed to parse_next_parameter() as the second argument.
   * parse_next_parameter() does not free it or save any references that are freed later.
   * param, which evaluates to malloc(...) [event 3, ykclient_server_response.c:266], is passed to parse_next_parameter() as the second argument. [event 4]

 Event 8 at yubico-c-client-ykclient-2.11/ykclient_server_response.c:210: param now references the resource of interest.
   * param is set to malloc(...) [event 3, ykclient_server_response.c:266] [event 7]

 Event 9 at yubico-c-client-ykclient-2.11/ykclient_server_response.c:212: Skipping "if".
   * s == (void *)0 evaluates to false.
   * *s == (void *)0 evaluates to false.
   * param == (void *)0 evaluates to false.

 Event 10 at yubico-c-client-ykclient-2.11/ykclient_server_response.c:218: Entering loop body.
   * *(pos + index) != 0 evaluates to true.
   * *(pos + index) != 61 evaluates to true.

 Event 11 at yubico-c-client-ykclient-2.11/ykclient_server_response.c:218: Continuing from loop body.  Leaving loop.  *(pos + index) != 0 evaluates to false.

 Event 12 at yubico-c-client-ykclient-2.11/ykclient_server_response.c:220: Taking true branch.  *(pos + index) == 0 evaluates to true.

 Event 13 at yubico-c-client-ykclient-2.11/ykclient_server_response.c:221: param has gone out of scope and no longer references the resource of interest. [event 8]

 Event 14 at yubico-c-client-ykclient-2.11/ykclient_server_response.c:271: Taking true branch.  ret evaluates to true.

 Event 15 at yubico-c-client-ykclient-2.11/ykclient_server_response.c:272: param has gone out of scope and no longer references the resource of interest. [event 4]

 Event 16 at yubico-c-client-ykclient-2.11/ykclient_server_response.c:272: There are no remaining references to the resource malloc(...) from  [event 3, ykclient_server_response.c:266].
   * The resource was allocated at  [event 3, ykclient_server_response.c:266].
   * The last reference was lost at  [event 16, ykclient_server_response.c:272].
   * The resource was not freed.
The issue can occur if the highlighted code executes. [event 3] [event 4] [event 6] [event 7] [event 8] [event 13] [event 15]

</BugMessage>
    <BugTrace>
      <AssessmentReportFile>16.xml</AssessmentReportFile>
    </BugTrace>
  </BugInstance>
  <BugInstance id="13">
    <Methods>
      <Method id="1" primary="true">ykclient_server_response_init</Method>
    </Methods>
    <BugLocations>
      <Location id="1" primary="false">
        <SourceFile>yubico-c-client-ykclient-2.11/ykclient_server_response.c</SourceFile>
        <StartLine>158</StartLine>
        <EndLine>158</EndLine>
        <Explanation>This code assigns the variable the same value it already had.</Explanation>
      </Location>
      <Location id="2" primary="false">
        <SourceFile>yubico-c-client-ykclient-2.11/ykclient_server_response.c</SourceFile>
        <StartLine>264</StartLine>
        <EndLine>264</EndLine>
        <Explanation>Entering loop body.  *response != 0 evaluates to true.</Explanation>
      </Location>
      <Location id="3" primary="false">
        <SourceFile>yubico-c-client-ykclient-2.11/ykclient_server_response.c</SourceFile>
        <StartLine>266</StartLine>
        <EndLine>266</EndLine>
        <Explanation>malloc() allocates and returns the resource of interest.</Explanation>
      </Location>
      <Location id="4" primary="false">
        <SourceFile>yubico-c-client-ykclient-2.11/ykclient_server_response.c</SourceFile>
        <StartLine>266</StartLine>
        <EndLine>266</EndLine>
        <Explanation>param now references the resource of interest.
   * param is set to malloc(...) [event 3]</Explanation>
      </Location>
      <Location id="5" primary="false">
        <SourceFile>yubico-c-client-ykclient-2.11/ykclient_server_response.c</SourceFile>
        <StartLine>267</StartLine>
        <EndLine>267</EndLine>
        <Explanation>Skipping "if".  param == (void *)0 evaluates to false.</Explanation>
      </Location>
      <Location id="6" primary="false">
        <SourceFile>yubico-c-client-ykclient-2.11/ykclient_server_response.c</SourceFile>
        <StartLine>269</StartLine>
        <EndLine>269</EndLine>
        <Explanation>The resource of interest is passed to memset() as the first argument.
   * memset() does not free it or save any references that are freed later.
   * param, which evaluates to malloc(...) [event 3, ykclient_server_response.c</Explanation>
      </Location>
      <Location id="7" primary="false">
        <SourceFile>yubico-c-client-ykclient-2.11/ykclient_server_response.c</SourceFile>
        <StartLine>270</StartLine>
        <EndLine>270</EndLine>
        <Explanation>The resource of interest is passed to parse_next_parameter() as the second argument.
   * parse_next_parameter() does not free it or save any references that are freed later.
   * param, which evaluates to malloc(...) [event 3, ykclient_server_response.c</Explanation>
      </Location>
      <Location id="8" primary="false">
        <SourceFile>yubico-c-client-ykclient-2.11/ykclient_server_response.c</SourceFile>
        <StartLine>210</StartLine>
        <EndLine>210</EndLine>
        <Explanation>param now references the resource of interest.
   * param is set to malloc(...) [event 3, ykclient_server_response.c</Explanation>
      </Location>
      <Location id="9" primary="false">
        <SourceFile>yubico-c-client-ykclient-2.11/ykclient_server_response.c</SourceFile>
        <StartLine>212</StartLine>
        <EndLine>212</EndLine>
        <Explanation>Skipping "if".
   * s == (void *)0 evaluates to false.
   * *s == (void *)0 evaluates to false.
   * param == (void *)0 evaluates to false.</Explanation>
      </Location>
      <Location id="10" primary="false">
        <SourceFile>yubico-c-client-ykclient-2.11/ykclient_server_response.c</SourceFile>
        <StartLine>218</StartLine>
        <EndLine>218</EndLine>
        <Explanation>Entering loop body.
   * *(pos + index) != 0 evaluates to true.
   * *(pos + index) != 61 evaluates to true.</Explanation>
      </Location>
      <Location id="11" primary="false">
        <SourceFile>yubico-c-client-ykclient-2.11/ykclient_server_response.c</SourceFile>
        <StartLine>218</StartLine>
        <EndLine>218</EndLine>
        <Explanation>Continuing from loop body.  Leaving loop.  *(pos + index) != 0 evaluates to false.</Explanation>
      </Location>
      <Location id="12" primary="false">
        <SourceFile>yubico-c-client-ykclient-2.11/ykclient_server_response.c</SourceFile>
        <StartLine>220</StartLine>
        <EndLine>220</EndLine>
        <Explanation>Taking true branch.  *(pos + index) == 0 evaluates to true.</Explanation>
      </Location>
      <Location id="13" primary="false">
        <SourceFile>yubico-c-client-ykclient-2.11/ykclient_server_response.c</SourceFile>
        <StartLine>221</StartLine>
        <EndLine>221</EndLine>
        <Explanation>param has gone out of scope and no longer references the resource of interest. [event 8]</Explanation>
      </Location>
      <Location id="14" primary="false">
        <SourceFile>yubico-c-client-ykclient-2.11/ykclient_server_response.c</SourceFile>
        <StartLine>271</StartLine>
        <EndLine>271</EndLine>
        <Explanation>Taking true branch.  ret evaluates to true.</Explanation>
      </Location>
      <Location id="15" primary="false">
        <SourceFile>yubico-c-client-ykclient-2.11/ykclient_server_response.c</SourceFile>
        <StartLine>272</StartLine>
        <EndLine>272</EndLine>
        <Explanation>param has gone out of scope and no longer references the resource of interest. [event 4]</Explanation>
      </Location>
      <Location id="16" primary="false">
        <SourceFile>yubico-c-client-ykclient-2.11/ykclient_server_response.c</SourceFile>
        <StartLine>272</StartLine>
        <EndLine>272</EndLine>
        <Explanation>There are no remaining references to the resource malloc(...) from  [event 3, ykclient_server_response.c</Explanation>
      </Location>
      <Location id="17" primary="false">
        <SourceFile>yubico-c-client-ykclient-2.11/ykclient.c</SourceFile>
        <StartLine>412</StartLine>
        <EndLine>412</EndLine>
        <Explanation>(*ykh)-&gt;easy is not a valid address.
   * (*ykh)-&gt;easy evaluates to NULL.
   * Some older implementations of free() have unsafe behavior on NULL pointers.
The issue can occur if the highlighted code executes. [event 16]</Explanation>
      </Location>
      <Location id="18" primary="false">
        <SourceFile>yubico-c-client-ykclient-2.11/ykclient.c</SourceFile>
        <StartLine>193</StartLine>
        <EndLine>193</EndLine>
        <Explanation>Continuing from loop body.  Leaving loop.  i &lt; (*ykc)-&gt;num_templates evaluates to false.</Explanation>
      </Location>
      <Location id="19" primary="false">
        <SourceFile>yubico-c-client-ykclient-2.11/ykclient.c</SourceFile>
        <StartLine>200</StartLine>
        <EndLine>200</EndLine>
        <Explanation>(*ykc)-&gt;key_buf, which evaluates to NULL, is passed to free(). [event 7] [event 8] [event 14]</Explanation>
      </Location>
      <Location id="20" primary="true">
        <SourceFile>yubico-c-client-ykclient-2.11/ykclient.c</SourceFile>
        <StartLine>200</StartLine>
        <EndLine>200</EndLine>
        <Explanation>(*ykc)-&gt;key_buf is not a valid address.
   * (*ykc)-&gt;key_buf evaluates to NULL.
   * Some older implementations of free() have unsafe behavior on NULL pointers.
The issue can occur if the highlighted code executes. [event 19]</Explanation>
      </Location>
    </BugLocations>
    <BugGroup>Useless Assignment</BugGroup>
    <BugCode>LANG.STRUCT.UA</BugCode>
    <BugSeverity>None</BugSeverity>
    <BugMessage> Event 1 at yubico-c-client-ykclient-2.11/ykclient_server_response.c:158: This code assigns the variable the same value it already had.

</BugMessage>
    <BugTrace>
      <AssessmentReportFile>12.xml</AssessmentReportFile>
    </BugTrace>
  </BugInstance>
  <BugInstance id="14">
    <Methods>
      <Method id="1" primary="true">ykclient_handle_init</Method>
    </Methods>
    <BugLocations>
      <Location id="1" primary="false">
        <SourceFile>yubico-c-client-ykclient-2.11/ykclient.c</SourceFile>
        <StartLine>271</StartLine>
        <EndLine>271</EndLine>
        <Explanation>malloc() returns the address of a new object.</Explanation>
      </Location>
      <Location id="2" primary="false">
        <SourceFile>yubico-c-client-ykclient-2.11/ykclient.c</SourceFile>
        <StartLine>271</StartLine>
        <EndLine>271</EndLine>
        <Explanation>p is set to malloc(sizeof( *p )). [event 1]</Explanation>
      </Location>
      <Location id="3" primary="false">
        <SourceFile>yubico-c-client-ykclient-2.11/ykclient.c</SourceFile>
        <StartLine>272</StartLine>
        <EndLine>272</EndLine>
        <Explanation>Skipping "if".  p evaluates to true.</Explanation>
      </Location>
      <Location id="4" primary="false">
        <SourceFile>yubico-c-client-ykclient-2.11/ykclient.c</SourceFile>
        <StartLine>278</StartLine>
        <EndLine>278</EndLine>
        <Explanation>curl_multi_init() is an Undefined Function.</Explanation>
      </Location>
      <Location id="5" primary="false">
        <SourceFile>yubico-c-client-ykclient-2.11/ykclient.c</SourceFile>
        <StartLine>279</StartLine>
        <EndLine>279</EndLine>
        <Explanation>Skipping "if".  p-&gt;multi evaluates to true.</Explanation>
      </Location>
      <Location id="6" primary="false">
        <SourceFile>yubico-c-client-ykclient-2.11/ykclient.c</SourceFile>
        <StartLine>285</StartLine>
        <EndLine>285</EndLine>
        <Explanation>malloc() returns NULL.
   * Dereferenced later, causing the null pointer dereference.</Explanation>
      </Location>
      <Location id="7" primary="false">
        <SourceFile>yubico-c-client-ykclient-2.11/ykclient.c</SourceFile>
        <StartLine>285</StartLine>
        <EndLine>285</EndLine>
        <Explanation>p-&gt;easy is set to malloc(...), which evaluates to NULL, where p is malloc(sizeof( *p )) [event 1, ykclient.c</Explanation>
      </Location>
      <Location id="8" primary="false">
        <SourceFile>yubico-c-client-ykclient-2.11/ykclient.c</SourceFile>
        <StartLine>286</StartLine>
        <EndLine>286</EndLine>
        <Explanation>Entering loop body.  p-&gt;num_easy &lt; ykc-&gt;num_templates evaluates to true.</Explanation>
      </Location>
      <Location id="9" primary="false">
        <SourceFile>yubico-c-client-ykclient-2.11/ykclient.c</SourceFile>
        <StartLine>292</StartLine>
        <EndLine>292</EndLine>
        <Explanation>Skipping "if".  data evaluates to true.</Explanation>
      </Location>
      <Location id="10" primary="false">
        <SourceFile>yubico-c-client-ykclient-2.11/ykclient.c</SourceFile>
        <StartLine>300</StartLine>
        <EndLine>300</EndLine>
        <Explanation>curl_easy_init() is an Undefined Function.</Explanation>
      </Location>
      <Location id="11" primary="false">
        <SourceFile>yubico-c-client-ykclient-2.11/ykclient.c</SourceFile>
        <StartLine>301</StartLine>
        <EndLine>301</EndLine>
        <Explanation>Skipping "if".  easy evaluates to true.</Explanation>
      </Location>
      <Location id="12" primary="false">
        <SourceFile>yubico-c-client-ykclient-2.11/ykclient.c</SourceFile>
        <StartLine>308</StartLine>
        <EndLine>308</EndLine>
        <Explanation>Skipping "if".  ykc-&gt;ca_path evaluates to false.</Explanation>
      </Location>
      <Location id="13" primary="false">
        <SourceFile>yubico-c-client-ykclient-2.11/ykclient.c</SourceFile>
        <StartLine>313</StartLine>
        <EndLine>313</EndLine>
        <Explanation>Skipping "if".  0 evaluates to false.</Explanation>
      </Location>
      <Location id="14" primary="false">
        <SourceFile>yubico-c-client-ykclient-2.11/ykclient.c</SourceFile>
        <StartLine>313</StartLine>
        <EndLine>313</EndLine>
        <Explanation>curl_easy_setopt() is an Undefined Function.</Explanation>
      </Location>
      <Location id="15" primary="false">
        <SourceFile>yubico-c-client-ykclient-2.11/ykclient.c</SourceFile>
        <StartLine>314</StartLine>
        <EndLine>314</EndLine>
        <Explanation>Skipping "if".  0 evaluates to false.</Explanation>
      </Location>
      <Location id="16" primary="false">
        <SourceFile>yubico-c-client-ykclient-2.11/ykclient.c</SourceFile>
        <StartLine>314</StartLine>
        <EndLine>314</EndLine>
        <Explanation>curl_easy_setopt() is an Undefined Function.</Explanation>
      </Location>
      <Location id="17" primary="false">
        <SourceFile>yubico-c-client-ykclient-2.11/ykclient.c</SourceFile>
        <StartLine>315</StartLine>
        <EndLine>315</EndLine>
        <Explanation>Skipping "if".  0 evaluates to false.</Explanation>
      </Location>
      <Location id="18" primary="false">
        <SourceFile>yubico-c-client-ykclient-2.11/ykclient.c</SourceFile>
        <StartLine>315</StartLine>
        <EndLine>315</EndLine>
        <Explanation>curl_easy_setopt() is an Undefined Function.</Explanation>
      </Location>
      <Location id="19" primary="false">
        <SourceFile>yubico-c-client-ykclient-2.11/ykclient.c</SourceFile>
        <StartLine>316</StartLine>
        <EndLine>316</EndLine>
        <Explanation>Skipping "if".  0 evaluates to false.</Explanation>
      </Location>
      <Location id="20" primary="false">
        <SourceFile>yubico-c-client-ykclient-2.11/ykclient.c</SourceFile>
        <StartLine>316</StartLine>
        <EndLine>316</EndLine>
        <Explanation>curl_easy_setopt() is an Undefined Function.</Explanation>
      </Location>
      <Location id="21" primary="false">
        <SourceFile>yubico-c-client-ykclient-2.11/ykclient.c</SourceFile>
        <StartLine>318</StartLine>
        <EndLine>318</EndLine>
        <Explanation>curl_multi_add_handle() is an Undefined Function.</Explanation>
      </Location>
      <Location id="22" primary="true">
        <SourceFile>yubico-c-client-ykclient-2.11/ykclient.c</SourceFile>
        <StartLine>319</StartLine>
        <EndLine>319</EndLine>
        <Explanation>p-&gt;easy is dereferenced here, but it is NULL.
The issue can occur if the highlighted code executes. [event 2] [event 7]</Explanation>
      </Location>
    </BugLocations>
    <BugGroup>Null Pointer Dereference</BugGroup>
    <BugCode>LANG.MEM.NPD</BugCode>
    <BugSeverity>None</BugSeverity>
    <BugMessage> Event 1 at yubico-c-client-ykclient-2.11/ykclient.c:271: malloc() returns the address of a new object.

 Event 2 at yubico-c-client-ykclient-2.11/ykclient.c:271: p is set to malloc(sizeof( *p )). [event 1]

 Event 3 at yubico-c-client-ykclient-2.11/ykclient.c:272: Skipping "if".  p evaluates to true.

 Event 4 at yubico-c-client-ykclient-2.11/ykclient.c:278: curl_multi_init() is an Undefined Function.

 Event 5 at yubico-c-client-ykclient-2.11/ykclient.c:279: Skipping "if".  p-&gt;multi evaluates to true.

 Event 6 at yubico-c-client-ykclient-2.11/ykclient.c:285: malloc() returns NULL.
   * Dereferenced later, causing the null pointer dereference.

 Event 7 at yubico-c-client-ykclient-2.11/ykclient.c:285: p-&gt;easy is set to malloc(...), which evaluates to NULL, where p is malloc(sizeof( *p )) [event 1, ykclient.c:271]. [event 2] [event 6]

 Event 8 at yubico-c-client-ykclient-2.11/ykclient.c:286: Entering loop body.  p-&gt;num_easy &lt; ykc-&gt;num_templates evaluates to true.

 Event 9 at yubico-c-client-ykclient-2.11/ykclient.c:292: Skipping "if".  data evaluates to true.

 Event 10 at yubico-c-client-ykclient-2.11/ykclient.c:300: curl_easy_init() is an Undefined Function.

 Event 11 at yubico-c-client-ykclient-2.11/ykclient.c:301: Skipping "if".  easy evaluates to true.

 Event 12 at yubico-c-client-ykclient-2.11/ykclient.c:308: Skipping "if".  ykc-&gt;ca_path evaluates to false.

 Event 13 at yubico-c-client-ykclient-2.11/ykclient.c:313: Skipping "if".  0 evaluates to false.

 Event 14 at yubico-c-client-ykclient-2.11/ykclient.c:313: curl_easy_setopt() is an Undefined Function.

 Event 15 at yubico-c-client-ykclient-2.11/ykclient.c:314: Skipping "if".  0 evaluates to false.

 Event 16 at yubico-c-client-ykclient-2.11/ykclient.c:314: curl_easy_setopt() is an Undefined Function.

 Event 17 at yubico-c-client-ykclient-2.11/ykclient.c:315: Skipping "if".  0 evaluates to false.

 Event 18 at yubico-c-client-ykclient-2.11/ykclient.c:315: curl_easy_setopt() is an Undefined Function.

 Event 19 at yubico-c-client-ykclient-2.11/ykclient.c:316: Skipping "if".  0 evaluates to false.

 Event 20 at yubico-c-client-ykclient-2.11/ykclient.c:316: curl_easy_setopt() is an Undefined Function.

 Event 21 at yubico-c-client-ykclient-2.11/ykclient.c:318: curl_multi_add_handle() is an Undefined Function.

 Event 22 at yubico-c-client-ykclient-2.11/ykclient.c:319: p-&gt;easy is dereferenced here, but it is NULL.
The issue can occur if the highlighted code executes. [event 2] [event 7]

</BugMessage>
    <BugTrace>
      <AssessmentReportFile>28.xml</AssessmentReportFile>
    </BugTrace>
  </BugInstance>
  <BugInstance id="15">
    <Methods>
      <Method id="1" primary="true">SHA384_512ProcessMessageBlock</Method>
    </Methods>
    <BugLocations>
      <Location id="1" primary="false">
        <SourceFile>yubico-c-client-ykclient-2.11/sha384-512.c</SourceFile>
        <StartLine>891</StartLine>
        <EndLine>891</EndLine>
        <Explanation>This code assigns the variable the same value it already had.</Explanation>
      </Location>
      <Location id="2" primary="false">
        <SourceFile>yubico-c-client-ykclient-2.11/ykclient.c</SourceFile>
        <StartLine>271</StartLine>
        <EndLine>271</EndLine>
        <Explanation>p is set to malloc(sizeof( *p )). [event 1]</Explanation>
      </Location>
      <Location id="3" primary="false">
        <SourceFile>yubico-c-client-ykclient-2.11/ykclient.c</SourceFile>
        <StartLine>272</StartLine>
        <EndLine>272</EndLine>
        <Explanation>Skipping "if".  p evaluates to true.</Explanation>
      </Location>
      <Location id="4" primary="false">
        <SourceFile>yubico-c-client-ykclient-2.11/ykclient.c</SourceFile>
        <StartLine>278</StartLine>
        <EndLine>278</EndLine>
        <Explanation>curl_multi_init() is an Undefined Function.</Explanation>
      </Location>
      <Location id="5" primary="false">
        <SourceFile>yubico-c-client-ykclient-2.11/ykclient.c</SourceFile>
        <StartLine>279</StartLine>
        <EndLine>279</EndLine>
        <Explanation>Skipping "if".  p-&gt;multi evaluates to true.</Explanation>
      </Location>
      <Location id="6" primary="false">
        <SourceFile>yubico-c-client-ykclient-2.11/ykclient.c</SourceFile>
        <StartLine>285</StartLine>
        <EndLine>285</EndLine>
        <Explanation>malloc() returns NULL.
   * Dereferenced later, causing the null pointer dereference.</Explanation>
      </Location>
      <Location id="7" primary="false">
        <SourceFile>yubico-c-client-ykclient-2.11/ykclient.c</SourceFile>
        <StartLine>285</StartLine>
        <EndLine>285</EndLine>
        <Explanation>p-&gt;easy is set to malloc(...), which evaluates to NULL, where p is malloc(sizeof( *p )) [event 1, ykclient.c</Explanation>
      </Location>
      <Location id="8" primary="false">
        <SourceFile>yubico-c-client-ykclient-2.11/ykclient.c</SourceFile>
        <StartLine>286</StartLine>
        <EndLine>286</EndLine>
        <Explanation>Entering loop body.  p-&gt;num_easy &lt; ykc-&gt;num_templates evaluates to true.</Explanation>
      </Location>
      <Location id="9" primary="false">
        <SourceFile>yubico-c-client-ykclient-2.11/ykclient.c</SourceFile>
        <StartLine>292</StartLine>
        <EndLine>292</EndLine>
        <Explanation>Skipping "if".  data evaluates to true.</Explanation>
      </Location>
      <Location id="10" primary="false">
        <SourceFile>yubico-c-client-ykclient-2.11/ykclient.c</SourceFile>
        <StartLine>300</StartLine>
        <EndLine>300</EndLine>
        <Explanation>curl_easy_init() is an Undefined Function.</Explanation>
      </Location>
      <Location id="11" primary="false">
        <SourceFile>yubico-c-client-ykclient-2.11/ykclient.c</SourceFile>
        <StartLine>301</StartLine>
        <EndLine>301</EndLine>
        <Explanation>Skipping "if".  easy evaluates to true.</Explanation>
      </Location>
      <Location id="12" primary="false">
        <SourceFile>yubico-c-client-ykclient-2.11/ykclient.c</SourceFile>
        <StartLine>308</StartLine>
        <EndLine>308</EndLine>
        <Explanation>Skipping "if".  ykc-&gt;ca_path evaluates to false.</Explanation>
      </Location>
      <Location id="13" primary="false">
        <SourceFile>yubico-c-client-ykclient-2.11/ykclient.c</SourceFile>
        <StartLine>313</StartLine>
        <EndLine>313</EndLine>
        <Explanation>Skipping "if".  0 evaluates to false.</Explanation>
      </Location>
      <Location id="14" primary="false">
        <SourceFile>yubico-c-client-ykclient-2.11/ykclient.c</SourceFile>
        <StartLine>313</StartLine>
        <EndLine>313</EndLine>
        <Explanation>curl_easy_setopt() is an Undefined Function.</Explanation>
      </Location>
      <Location id="15" primary="false">
        <SourceFile>yubico-c-client-ykclient-2.11/ykclient.c</SourceFile>
        <StartLine>314</StartLine>
        <EndLine>314</EndLine>
        <Explanation>Skipping "if".  0 evaluates to false.</Explanation>
      </Location>
      <Location id="16" primary="false">
        <SourceFile>yubico-c-client-ykclient-2.11/ykclient.c</SourceFile>
        <StartLine>314</StartLine>
        <EndLine>314</EndLine>
        <Explanation>curl_easy_setopt() is an Undefined Function.</Explanation>
      </Location>
      <Location id="17" primary="false">
        <SourceFile>yubico-c-client-ykclient-2.11/ykclient.c</SourceFile>
        <StartLine>315</StartLine>
        <EndLine>315</EndLine>
        <Explanation>Skipping "if".  0 evaluates to false.</Explanation>
      </Location>
      <Location id="18" primary="false">
        <SourceFile>yubico-c-client-ykclient-2.11/ykclient.c</SourceFile>
        <StartLine>315</StartLine>
        <EndLine>315</EndLine>
        <Explanation>curl_easy_setopt() is an Undefined Function.</Explanation>
      </Location>
      <Location id="19" primary="false">
        <SourceFile>yubico-c-client-ykclient-2.11/ykclient.c</SourceFile>
        <StartLine>316</StartLine>
        <EndLine>316</EndLine>
        <Explanation>Skipping "if".  0 evaluates to false.</Explanation>
      </Location>
      <Location id="20" primary="false">
        <SourceFile>yubico-c-client-ykclient-2.11/ykclient.c</SourceFile>
        <StartLine>316</StartLine>
        <EndLine>316</EndLine>
        <Explanation>curl_easy_setopt() is an Undefined Function.</Explanation>
      </Location>
      <Location id="21" primary="false">
        <SourceFile>yubico-c-client-ykclient-2.11/ykclient.c</SourceFile>
        <StartLine>318</StartLine>
        <EndLine>318</EndLine>
        <Explanation>curl_multi_add_handle() is an Undefined Function.</Explanation>
      </Location>
      <Location id="22" primary="true">
        <SourceFile>yubico-c-client-ykclient-2.11/ykclient.c</SourceFile>
        <StartLine>319</StartLine>
        <EndLine>319</EndLine>
        <Explanation>p-&gt;easy is dereferenced here, but it is NULL.
The issue can occur if the highlighted code executes. [event 2] [event 7]</Explanation>
      </Location>
    </BugLocations>
    <BugGroup>Useless Assignment</BugGroup>
    <BugCode>LANG.STRUCT.UA</BugCode>
    <BugSeverity>None</BugSeverity>
    <BugMessage> Event 1 at yubico-c-client-ykclient-2.11/sha384-512.c:891: This code assigns the variable the same value it already had.

</BugMessage>
    <BugTrace>
      <AssessmentReportFile>2.xml</AssessmentReportFile>
    </BugTrace>
  </BugInstance>
  <BugInstance id="16">
    <Methods>
      <Method id="1" primary="true">ykclient_set_client_hex</Method>
    </Methods>
    <BugLocations>
      <Location id="1" primary="false">
        <SourceFile>yubico-c-client-ykclient-2.11/ykclient.c</SourceFile>
        <StartLine>452</StartLine>
        <EndLine>452</EndLine>
        <Explanation>Skipping "if".  key == (void *)0 evaluates to false.</Explanation>
      </Location>
      <Location id="2" primary="false">
        <SourceFile>yubico-c-client-ykclient-2.11/ykclient.c</SourceFile>
        <StartLine>459</StartLine>
        <EndLine>459</EndLine>
        <Explanation>Skipping "if".  key_len % 2 != 0 evaluates to false.</Explanation>
      </Location>
      <Location id="3" primary="false">
        <SourceFile>yubico-c-client-ykclient-2.11/ykclient.c</SourceFile>
        <StartLine>469</StartLine>
        <EndLine>469</EndLine>
        <Explanation>Skipping "if".  ykc-&gt;key_buf evaluates to true.</Explanation>
      </Location>
      <Location id="4" primary="false">
        <SourceFile>yubico-c-client-ykclient-2.11/ykclient.c</SourceFile>
        <StartLine>474</StartLine>
        <EndLine>474</EndLine>
        <Explanation>Entering loop body.  i &lt; bin_len evaluates to true.</Explanation>
      </Location>
      <Location id="5" primary="false">
        <SourceFile>yubico-c-client-ykclient-2.11/ykclient.c</SourceFile>
        <StartLine>478</StartLine>
        <EndLine>478</EndLine>
        <Explanation>&amp;tmp is passed to __isoc99_sscanf() as the third argument.</Explanation>
      </Location>
      <Location id="6" primary="false">
        <SourceFile>yubico-c-client-ykclient-2.11/ykclient.c</SourceFile>
        <StartLine>478</StartLine>
        <EndLine>478</EndLine>
        <Explanation>"%02x" is passed to __isoc99_sscanf() as the second argument.</Explanation>
      </Location>
      <Location id="7" primary="false">
        <SourceFile>yubico-c-client-ykclient-2.11/ykclient.c</SourceFile>
        <StartLine>478</StartLine>
        <EndLine>478</EndLine>
        <Explanation>tmp is set to a potentially dangerous value [potentially dangerous</Explanation>
      </Location>
      <Location id="8" primary="false">
        <SourceFile>yubico-c-client-ykclient-2.11/ykclient.c</SourceFile>
        <StartLine>478</StartLine>
        <EndLine>478</EndLine>
        <Explanation>Skipping "if".  sscanf(...) != 1 evaluates to false.</Explanation>
      </Location>
      <Location id="9" primary="false">
        <SourceFile>yubico-c-client-ykclient-2.11/ykclient.c</SourceFile>
        <StartLine>485</StartLine>
        <EndLine>485</EndLine>
        <Explanation>tmp is coerced from int to char.
   * tmp could be -129 or lower.
      * tmp evaluates to tmp [event 7, ykclient.c</Explanation>
      </Location>
      <Location id="10" primary="false">
        <SourceFile>yubico-c-client-ykclient-2.11/ykclient.c</SourceFile>
        <StartLine>300</StartLine>
        <EndLine>300</EndLine>
        <Explanation>curl_easy_init() is an Undefined Function.</Explanation>
      </Location>
      <Location id="11" primary="false">
        <SourceFile>yubico-c-client-ykclient-2.11/ykclient.c</SourceFile>
        <StartLine>301</StartLine>
        <EndLine>301</EndLine>
        <Explanation>Skipping "if".  easy evaluates to true.</Explanation>
      </Location>
      <Location id="12" primary="false">
        <SourceFile>yubico-c-client-ykclient-2.11/ykclient.c</SourceFile>
        <StartLine>308</StartLine>
        <EndLine>308</EndLine>
        <Explanation>Skipping "if".  ykc-&gt;ca_path evaluates to false.</Explanation>
      </Location>
      <Location id="13" primary="false">
        <SourceFile>yubico-c-client-ykclient-2.11/ykclient.c</SourceFile>
        <StartLine>313</StartLine>
        <EndLine>313</EndLine>
        <Explanation>Skipping "if".  0 evaluates to false.</Explanation>
      </Location>
      <Location id="14" primary="false">
        <SourceFile>yubico-c-client-ykclient-2.11/ykclient.c</SourceFile>
        <StartLine>313</StartLine>
        <EndLine>313</EndLine>
        <Explanation>curl_easy_setopt() is an Undefined Function.</Explanation>
      </Location>
      <Location id="15" primary="false">
        <SourceFile>yubico-c-client-ykclient-2.11/ykclient.c</SourceFile>
        <StartLine>314</StartLine>
        <EndLine>314</EndLine>
        <Explanation>Skipping "if".  0 evaluates to false.</Explanation>
      </Location>
      <Location id="16" primary="false">
        <SourceFile>yubico-c-client-ykclient-2.11/ykclient.c</SourceFile>
        <StartLine>314</StartLine>
        <EndLine>314</EndLine>
        <Explanation>curl_easy_setopt() is an Undefined Function.</Explanation>
      </Location>
      <Location id="17" primary="false">
        <SourceFile>yubico-c-client-ykclient-2.11/ykclient.c</SourceFile>
        <StartLine>315</StartLine>
        <EndLine>315</EndLine>
        <Explanation>Skipping "if".  0 evaluates to false.</Explanation>
      </Location>
      <Location id="18" primary="false">
        <SourceFile>yubico-c-client-ykclient-2.11/ykclient.c</SourceFile>
        <StartLine>315</StartLine>
        <EndLine>315</EndLine>
        <Explanation>curl_easy_setopt() is an Undefined Function.</Explanation>
      </Location>
      <Location id="19" primary="false">
        <SourceFile>yubico-c-client-ykclient-2.11/ykclient.c</SourceFile>
        <StartLine>316</StartLine>
        <EndLine>316</EndLine>
        <Explanation>Skipping "if".  0 evaluates to false.</Explanation>
      </Location>
      <Location id="20" primary="false">
        <SourceFile>yubico-c-client-ykclient-2.11/ykclient.c</SourceFile>
        <StartLine>316</StartLine>
        <EndLine>316</EndLine>
        <Explanation>curl_easy_setopt() is an Undefined Function.</Explanation>
      </Location>
      <Location id="21" primary="false">
        <SourceFile>yubico-c-client-ykclient-2.11/ykclient.c</SourceFile>
        <StartLine>318</StartLine>
        <EndLine>318</EndLine>
        <Explanation>curl_multi_add_handle() is an Undefined Function.</Explanation>
      </Location>
      <Location id="22" primary="true">
        <SourceFile>yubico-c-client-ykclient-2.11/ykclient.c</SourceFile>
        <StartLine>319</StartLine>
        <EndLine>319</EndLine>
        <Explanation>p-&gt;easy is dereferenced here, but it is NULL.
The issue can occur if the highlighted code executes. [event 2] [event 7]</Explanation>
      </Location>
    </BugLocations>
    <BugGroup>Coercion Alters Value</BugGroup>
    <BugCode>LANG.CAST.COERCE</BugCode>
    <BugSeverity>None</BugSeverity>
    <BugMessage> Event 1 at yubico-c-client-ykclient-2.11/ykclient.c:452: Skipping "if".  key == (void *)0 evaluates to false.

 Event 2 at yubico-c-client-ykclient-2.11/ykclient.c:459: Skipping "if".  key_len % 2 != 0 evaluates to false.

 Event 3 at yubico-c-client-ykclient-2.11/ykclient.c:469: Skipping "if".  ykc-&gt;key_buf evaluates to true.

 Event 4 at yubico-c-client-ykclient-2.11/ykclient.c:474: Entering loop body.  i &lt; bin_len evaluates to true.

 Event 5 at yubico-c-client-ykclient-2.11/ykclient.c:478: &amp;tmp is passed to __isoc99_sscanf() as the third argument.

 Event 6 at yubico-c-client-ykclient-2.11/ykclient.c:478: "%02x" is passed to __isoc99_sscanf() as the second argument.

 Event 7 at yubico-c-client-ykclient-2.11/ykclient.c:478: tmp is set to a potentially dangerous value [potentially dangerous: the value cannot be determined and may come from program input].
   * Determines the value that is coerced in the Coercion Alters Value warning later. [event 5] [event 6]

 Event 8 at yubico-c-client-ykclient-2.11/ykclient.c:478: Skipping "if".  sscanf(...) != 1 evaluates to false.

 Event 9 at yubico-c-client-ykclient-2.11/ykclient.c:485: tmp is coerced from int to char.
   * tmp could be -129 or lower.
      * tmp evaluates to tmp [event 7, ykclient.c:478].
   * Values -129 or lower cannot be stored as char.  Coercing them to char can cause data loss or sign change.
The issue can occur if the highlighted code executes. [event 7]

</BugMessage>
    <BugTrace>
      <AssessmentReportFile>14.xml</AssessmentReportFile>
    </BugTrace>
  </BugInstance>
  <BugInstance id="17">
    <Methods>
      <Method id="1" primary="true">ykclient_expand_urls</Method>
    </Methods>
    <BugLocations>
      <Location id="1" primary="false">
        <SourceFile>yubico-c-client-ykclient-2.11/ykclient.c</SourceFile>
        <StartLine>849</StartLine>
        <EndLine>849</EndLine>
        <Explanation>snprintf() is being called with a format string that is not constant.  The format string (third argument) may not match the other arguments to snprintf(); this could lead to security or stability problems.</Explanation>
      </Location>
      <Location id="2" primary="false">
        <SourceFile>yubico-c-client-ykclient-2.11/ykclient.c</SourceFile>
        <StartLine>459</StartLine>
        <EndLine>459</EndLine>
        <Explanation>Skipping "if".  key_len % 2 != 0 evaluates to false.</Explanation>
      </Location>
      <Location id="3" primary="false">
        <SourceFile>yubico-c-client-ykclient-2.11/ykclient.c</SourceFile>
        <StartLine>469</StartLine>
        <EndLine>469</EndLine>
        <Explanation>Skipping "if".  ykc-&gt;key_buf evaluates to true.</Explanation>
      </Location>
      <Location id="4" primary="false">
        <SourceFile>yubico-c-client-ykclient-2.11/ykclient.c</SourceFile>
        <StartLine>474</StartLine>
        <EndLine>474</EndLine>
        <Explanation>Entering loop body.  i &lt; bin_len evaluates to true.</Explanation>
      </Location>
      <Location id="5" primary="false">
        <SourceFile>yubico-c-client-ykclient-2.11/ykclient.c</SourceFile>
        <StartLine>478</StartLine>
        <EndLine>478</EndLine>
        <Explanation>&amp;tmp is passed to __isoc99_sscanf() as the third argument.</Explanation>
      </Location>
      <Location id="6" primary="false">
        <SourceFile>yubico-c-client-ykclient-2.11/ykclient.c</SourceFile>
        <StartLine>478</StartLine>
        <EndLine>478</EndLine>
        <Explanation>"%02x" is passed to __isoc99_sscanf() as the second argument.</Explanation>
      </Location>
      <Location id="7" primary="false">
        <SourceFile>yubico-c-client-ykclient-2.11/ykclient.c</SourceFile>
        <StartLine>478</StartLine>
        <EndLine>478</EndLine>
        <Explanation>tmp is set to a potentially dangerous value [potentially dangerous</Explanation>
      </Location>
      <Location id="8" primary="false">
        <SourceFile>yubico-c-client-ykclient-2.11/ykclient.c</SourceFile>
        <StartLine>478</StartLine>
        <EndLine>478</EndLine>
        <Explanation>Skipping "if".  sscanf(...) != 1 evaluates to false.</Explanation>
      </Location>
      <Location id="9" primary="false">
        <SourceFile>yubico-c-client-ykclient-2.11/ykclient.c</SourceFile>
        <StartLine>485</StartLine>
        <EndLine>485</EndLine>
        <Explanation>tmp is coerced from int to char.
   * tmp could be -129 or lower.
      * tmp evaluates to tmp [event 7, ykclient.c</Explanation>
      </Location>
      <Location id="10" primary="false">
        <SourceFile>yubico-c-client-ykclient-2.11/ykclient.c</SourceFile>
        <StartLine>300</StartLine>
        <EndLine>300</EndLine>
        <Explanation>curl_easy_init() is an Undefined Function.</Explanation>
      </Location>
      <Location id="11" primary="false">
        <SourceFile>yubico-c-client-ykclient-2.11/ykclient.c</SourceFile>
        <StartLine>301</StartLine>
        <EndLine>301</EndLine>
        <Explanation>Skipping "if".  easy evaluates to true.</Explanation>
      </Location>
      <Location id="12" primary="false">
        <SourceFile>yubico-c-client-ykclient-2.11/ykclient.c</SourceFile>
        <StartLine>308</StartLine>
        <EndLine>308</EndLine>
        <Explanation>Skipping "if".  ykc-&gt;ca_path evaluates to false.</Explanation>
      </Location>
      <Location id="13" primary="false">
        <SourceFile>yubico-c-client-ykclient-2.11/ykclient.c</SourceFile>
        <StartLine>313</StartLine>
        <EndLine>313</EndLine>
        <Explanation>Skipping "if".  0 evaluates to false.</Explanation>
      </Location>
      <Location id="14" primary="false">
        <SourceFile>yubico-c-client-ykclient-2.11/ykclient.c</SourceFile>
        <StartLine>313</StartLine>
        <EndLine>313</EndLine>
        <Explanation>curl_easy_setopt() is an Undefined Function.</Explanation>
      </Location>
      <Location id="15" primary="false">
        <SourceFile>yubico-c-client-ykclient-2.11/ykclient.c</SourceFile>
        <StartLine>314</StartLine>
        <EndLine>314</EndLine>
        <Explanation>Skipping "if".  0 evaluates to false.</Explanation>
      </Location>
      <Location id="16" primary="false">
        <SourceFile>yubico-c-client-ykclient-2.11/ykclient.c</SourceFile>
        <StartLine>314</StartLine>
        <EndLine>314</EndLine>
        <Explanation>curl_easy_setopt() is an Undefined Function.</Explanation>
      </Location>
      <Location id="17" primary="false">
        <SourceFile>yubico-c-client-ykclient-2.11/ykclient.c</SourceFile>
        <StartLine>315</StartLine>
        <EndLine>315</EndLine>
        <Explanation>Skipping "if".  0 evaluates to false.</Explanation>
      </Location>
      <Location id="18" primary="false">
        <SourceFile>yubico-c-client-ykclient-2.11/ykclient.c</SourceFile>
        <StartLine>315</StartLine>
        <EndLine>315</EndLine>
        <Explanation>curl_easy_setopt() is an Undefined Function.</Explanation>
      </Location>
      <Location id="19" primary="false">
        <SourceFile>yubico-c-client-ykclient-2.11/ykclient.c</SourceFile>
        <StartLine>316</StartLine>
        <EndLine>316</EndLine>
        <Explanation>Skipping "if".  0 evaluates to false.</Explanation>
      </Location>
      <Location id="20" primary="false">
        <SourceFile>yubico-c-client-ykclient-2.11/ykclient.c</SourceFile>
        <StartLine>316</StartLine>
        <EndLine>316</EndLine>
        <Explanation>curl_easy_setopt() is an Undefined Function.</Explanation>
      </Location>
      <Location id="21" primary="false">
        <SourceFile>yubico-c-client-ykclient-2.11/ykclient.c</SourceFile>
        <StartLine>318</StartLine>
        <EndLine>318</EndLine>
        <Explanation>curl_multi_add_handle() is an Undefined Function.</Explanation>
      </Location>
      <Location id="22" primary="true">
        <SourceFile>yubico-c-client-ykclient-2.11/ykclient.c</SourceFile>
        <StartLine>319</StartLine>
        <EndLine>319</EndLine>
        <Explanation>p-&gt;easy is dereferenced here, but it is NULL.
The issue can occur if the highlighted code executes. [event 2] [event 7]</Explanation>
      </Location>
    </BugLocations>
    <BugGroup>Format String</BugGroup>
    <BugCode>MISC.FMT</BugCode>
    <BugSeverity>None</BugSeverity>
    <BugMessage> Event 1 at yubico-c-client-ykclient-2.11/ykclient.c:849: snprintf() is being called with a format string that is not constant.  The format string (third argument) may not match the other arguments to snprintf(); this could lead to security or stability problems.

</BugMessage>
    <BugTrace>
      <AssessmentReportFile>34.xml</AssessmentReportFile>
    </BugTrace>
  </BugInstance>
  <BugInstance id="18">
    <Methods>
      <Method id="1" primary="true">ykclient_set_client_b64</Method>
    </Methods>
    <BugLocations>
      <Location id="1" primary="false">
        <SourceFile>yubico-c-client-ykclient-2.11/ykclient.c</SourceFile>
        <StartLine>1362</StartLine>
        <EndLine>1362</EndLine>
        <Explanation>Taking false branch.  ykc_in == (void *)0 evaluates to false.</Explanation>
      </Location>
      <Location id="2" primary="false">
        <SourceFile>yubico-c-client-ykclient-2.11/ykclient.c</SourceFile>
        <StartLine>1372</StartLine>
        <EndLine>1372</EndLine>
        <Explanation>ykc is set to ykc_in.</Explanation>
      </Location>
      <Location id="3" primary="false">
        <SourceFile>yubico-c-client-ykclient-2.11/ykclient.c</SourceFile>
        <StartLine>1375</StartLine>
        <EndLine>1375</EndLine>
        <Explanation>ykc, which evaluates to ykc_in, is passed to ykclient_set_client_hex() as the first argument. [event 2]</Explanation>
      </Location>
      <Location id="4" primary="false">
        <SourceFile>yubico-c-client-ykclient-2.11/ykclient.c</SourceFile>
        <StartLine>444</StartLine>
        <EndLine>444</EndLine>
        <Explanation>ykc is set to ykc_in. [event 3]</Explanation>
      </Location>
      <Location id="5" primary="false">
        <SourceFile>yubico-c-client-ykclient-2.11/ykclient.c</SourceFile>
        <StartLine>452</StartLine>
        <EndLine>452</EndLine>
        <Explanation>Skipping "if".  key == (void *)0 evaluates to false.</Explanation>
      </Location>
      <Location id="6" primary="false">
        <SourceFile>yubico-c-client-ykclient-2.11/ykclient.c</SourceFile>
        <StartLine>459</StartLine>
        <EndLine>459</EndLine>
        <Explanation>Skipping "if".  key_len % 2 != 0 evaluates to false.</Explanation>
      </Location>
      <Location id="7" primary="false">
        <SourceFile>yubico-c-client-ykclient-2.11/ykclient.c</SourceFile>
        <StartLine>468</StartLine>
        <EndLine>468</EndLine>
        <Explanation>malloc() returns NULL.
   * Determines the freed value in the Free Null Pointer warning later.</Explanation>
      </Location>
      <Location id="8" primary="false">
        <SourceFile>yubico-c-client-ykclient-2.11/ykclient.c</SourceFile>
        <StartLine>468</StartLine>
        <EndLine>468</EndLine>
        <Explanation>ykc-&gt;key_buf is set to malloc(bin_len), which evaluates to NULL, where ykc is ykc_in. [event 4] [event 7]</Explanation>
      </Location>
      <Location id="9" primary="false">
        <SourceFile>yubico-c-client-ykclient-2.11/ykclient.c</SourceFile>
        <StartLine>469</StartLine>
        <EndLine>469</EndLine>
        <Explanation>Taking true branch.  ykc-&gt;key_buf evaluates to false.</Explanation>
      </Location>
      <Location id="10" primary="false">
        <SourceFile>yubico-c-client-ykclient-2.11/ykclient.c</SourceFile>
        <StartLine>1377</StartLine>
        <EndLine>1377</EndLine>
        <Explanation>Skipping "if".  urlcount != 0 evaluates to false.</Explanation>
      </Location>
      <Location id="11" primary="false">
        <SourceFile>yubico-c-client-ykclient-2.11/ykclient.c</SourceFile>
        <StartLine>1382</StartLine>
        <EndLine>1382</EndLine>
        <Explanation>Taking true branch.  api_key evaluates to true.</Explanation>
      </Location>
      <Location id="12" primary="false">
        <SourceFile>yubico-c-client-ykclient-2.11/ykclient.c</SourceFile>
        <StartLine>1385</StartLine>
        <EndLine>1385</EndLine>
        <Explanation>ykc, which evaluates to ykc_in, is passed to ykclient_set_client_b64() as the first argument. [event 2]</Explanation>
      </Location>
      <Location id="13" primary="false">
        <SourceFile>yubico-c-client-ykclient-2.11/ykclient.c</SourceFile>
        <StartLine>496</StartLine>
        <EndLine>496</EndLine>
        <Explanation>ykc is set to ykc_in. [event 12]</Explanation>
      </Location>
      <Location id="14" primary="false">
        <SourceFile>yubico-c-client-ykclient-2.11/ykclient.c</SourceFile>
        <StartLine>505</StartLine>
        <EndLine>505</EndLine>
        <Explanation>Skipping "if".  key == (void *)0 evaluates to false.</Explanation>
      </Location>
      <Location id="15" primary="false">
        <SourceFile>yubico-c-client-ykclient-2.11/ykclient.c</SourceFile>
        <StartLine>512</StartLine>
        <EndLine>512</EndLine>
        <Explanation>ykc-&gt;key_buf, which evaluates to NULL, is passed to free(). [event 8] [event 13]</Explanation>
      </Location>
      <Location id="16" primary="false">
        <SourceFile>yubico-c-client-ykclient-2.11/ykclient.c</SourceFile>
        <StartLine>512</StartLine>
        <EndLine>512</EndLine>
        <Explanation>ykc-&gt;key_buf is not a valid address.
   * ykc-&gt;key_buf evaluates to NULL.
   * Some older implementations of free() have unsafe behavior on NULL pointers.
The issue can occur if the highlighted code executes. [event 15]</Explanation>
      </Location>
      <Location id="17" primary="false">
        <SourceFile>yubico-c-client-ykclient-2.11/ykclient.c</SourceFile>
        <StartLine>315</StartLine>
        <EndLine>315</EndLine>
        <Explanation>Skipping "if".  0 evaluates to false.</Explanation>
      </Location>
      <Location id="18" primary="false">
        <SourceFile>yubico-c-client-ykclient-2.11/ykclient.c</SourceFile>
        <StartLine>315</StartLine>
        <EndLine>315</EndLine>
        <Explanation>curl_easy_setopt() is an Undefined Function.</Explanation>
      </Location>
      <Location id="19" primary="false">
        <SourceFile>yubico-c-client-ykclient-2.11/ykclient.c</SourceFile>
        <StartLine>316</StartLine>
        <EndLine>316</EndLine>
        <Explanation>Skipping "if".  0 evaluates to false.</Explanation>
      </Location>
      <Location id="20" primary="false">
        <SourceFile>yubico-c-client-ykclient-2.11/ykclient.c</SourceFile>
        <StartLine>316</StartLine>
        <EndLine>316</EndLine>
        <Explanation>curl_easy_setopt() is an Undefined Function.</Explanation>
      </Location>
      <Location id="21" primary="false">
        <SourceFile>yubico-c-client-ykclient-2.11/ykclient.c</SourceFile>
        <StartLine>318</StartLine>
        <EndLine>318</EndLine>
        <Explanation>curl_multi_add_handle() is an Undefined Function.</Explanation>
      </Location>
      <Location id="22" primary="true">
        <SourceFile>yubico-c-client-ykclient-2.11/ykclient.c</SourceFile>
        <StartLine>319</StartLine>
        <EndLine>319</EndLine>
        <Explanation>p-&gt;easy is dereferenced here, but it is NULL.
The issue can occur if the highlighted code executes. [event 2] [event 7]</Explanation>
      </Location>
    </BugLocations>
    <BugGroup>Free Null Pointer</BugGroup>
    <BugCode>ALLOC.FNP</BugCode>
    <BugSeverity>None</BugSeverity>
    <BugMessage> Event 1 at yubico-c-client-ykclient-2.11/ykclient.c:1362: Taking false branch.  ykc_in == (void *)0 evaluates to false.

 Event 2 at yubico-c-client-ykclient-2.11/ykclient.c:1372: ykc is set to ykc_in.

 Event 3 at yubico-c-client-ykclient-2.11/ykclient.c:1375: ykc, which evaluates to ykc_in, is passed to ykclient_set_client_hex() as the first argument. [event 2]

 Event 4 at yubico-c-client-ykclient-2.11/ykclient.c:444: ykc is set to ykc_in. [event 3]

 Event 5 at yubico-c-client-ykclient-2.11/ykclient.c:452: Skipping "if".  key == (void *)0 evaluates to false.

 Event 6 at yubico-c-client-ykclient-2.11/ykclient.c:459: Skipping "if".  key_len % 2 != 0 evaluates to false.

 Event 7 at yubico-c-client-ykclient-2.11/ykclient.c:468: malloc() returns NULL.
   * Determines the freed value in the Free Null Pointer warning later.

 Event 8 at yubico-c-client-ykclient-2.11/ykclient.c:468: ykc-&gt;key_buf is set to malloc(bin_len), which evaluates to NULL, where ykc is ykc_in. [event 4] [event 7]

 Event 9 at yubico-c-client-ykclient-2.11/ykclient.c:469: Taking true branch.  ykc-&gt;key_buf evaluates to false.

 Event 10 at yubico-c-client-ykclient-2.11/ykclient.c:1377: Skipping "if".  urlcount != 0 evaluates to false.

 Event 11 at yubico-c-client-ykclient-2.11/ykclient.c:1382: Taking true branch.  api_key evaluates to true.

 Event 12 at yubico-c-client-ykclient-2.11/ykclient.c:1385: ykc, which evaluates to ykc_in, is passed to ykclient_set_client_b64() as the first argument. [event 2]

 Event 13 at yubico-c-client-ykclient-2.11/ykclient.c:496: ykc is set to ykc_in. [event 12]

 Event 14 at yubico-c-client-ykclient-2.11/ykclient.c:505: Skipping "if".  key == (void *)0 evaluates to false.

 Event 15 at yubico-c-client-ykclient-2.11/ykclient.c:512: ykc-&gt;key_buf, which evaluates to NULL, is passed to free(). [event 8] [event 13]

 Event 16 at yubico-c-client-ykclient-2.11/ykclient.c:512: ykc-&gt;key_buf is not a valid address.
   * ykc-&gt;key_buf evaluates to NULL.
   * Some older implementations of free() have unsafe behavior on NULL pointers.
The issue can occur if the highlighted code executes. [event 15]

</BugMessage>
    <BugTrace>
      <AssessmentReportFile>30.xml</AssessmentReportFile>
    </BugTrace>
  </BugInstance>
  <BugInstance id="19">
    <Methods>
      <Method id="1" primary="true">ykclient_init</Method>
    </Methods>
    <BugLocations>
      <Location id="1" primary="false">
        <SourceFile>yubico-c-client-ykclient-2.11/ykclient.c</SourceFile>
        <StartLine>152</StartLine>
        <EndLine>152</EndLine>
        <Explanation>This code assigns the variable the same value it already had.</Explanation>
      </Location>
      <Location id="2" primary="false">
        <SourceFile>yubico-c-client-ykclient-2.11/ykclient.c</SourceFile>
        <StartLine>1372</StartLine>
        <EndLine>1372</EndLine>
        <Explanation>ykc is set to ykc_in.</Explanation>
      </Location>
      <Location id="3" primary="false">
        <SourceFile>yubico-c-client-ykclient-2.11/ykclient.c</SourceFile>
        <StartLine>1375</StartLine>
        <EndLine>1375</EndLine>
        <Explanation>ykc, which evaluates to ykc_in, is passed to ykclient_set_client_hex() as the first argument. [event 2]</Explanation>
      </Location>
      <Location id="4" primary="false">
        <SourceFile>yubico-c-client-ykclient-2.11/ykclient.c</SourceFile>
        <StartLine>444</StartLine>
        <EndLine>444</EndLine>
        <Explanation>ykc is set to ykc_in. [event 3]</Explanation>
      </Location>
      <Location id="5" primary="false">
        <SourceFile>yubico-c-client-ykclient-2.11/ykclient.c</SourceFile>
        <StartLine>452</StartLine>
        <EndLine>452</EndLine>
        <Explanation>Skipping "if".  key == (void *)0 evaluates to false.</Explanation>
      </Location>
      <Location id="6" primary="false">
        <SourceFile>yubico-c-client-ykclient-2.11/ykclient.c</SourceFile>
        <StartLine>459</StartLine>
        <EndLine>459</EndLine>
        <Explanation>Skipping "if".  key_len % 2 != 0 evaluates to false.</Explanation>
      </Location>
      <Location id="7" primary="false">
        <SourceFile>yubico-c-client-ykclient-2.11/ykclient.c</SourceFile>
        <StartLine>468</StartLine>
        <EndLine>468</EndLine>
        <Explanation>malloc() returns NULL.
   * Determines the freed value in the Free Null Pointer warning later.</Explanation>
      </Location>
      <Location id="8" primary="false">
        <SourceFile>yubico-c-client-ykclient-2.11/ykclient.c</SourceFile>
        <StartLine>468</StartLine>
        <EndLine>468</EndLine>
        <Explanation>ykc-&gt;key_buf is set to malloc(bin_len), which evaluates to NULL, where ykc is ykc_in. [event 4] [event 7]</Explanation>
      </Location>
      <Location id="9" primary="false">
        <SourceFile>yubico-c-client-ykclient-2.11/ykclient.c</SourceFile>
        <StartLine>469</StartLine>
        <EndLine>469</EndLine>
        <Explanation>Taking true branch.  ykc-&gt;key_buf evaluates to false.</Explanation>
      </Location>
      <Location id="10" primary="false">
        <SourceFile>yubico-c-client-ykclient-2.11/ykclient.c</SourceFile>
        <StartLine>1377</StartLine>
        <EndLine>1377</EndLine>
        <Explanation>Skipping "if".  urlcount != 0 evaluates to false.</Explanation>
      </Location>
      <Location id="11" primary="false">
        <SourceFile>yubico-c-client-ykclient-2.11/ykclient.c</SourceFile>
        <StartLine>1382</StartLine>
        <EndLine>1382</EndLine>
        <Explanation>Taking true branch.  api_key evaluates to true.</Explanation>
      </Location>
      <Location id="12" primary="false">
        <SourceFile>yubico-c-client-ykclient-2.11/ykclient.c</SourceFile>
        <StartLine>1385</StartLine>
        <EndLine>1385</EndLine>
        <Explanation>ykc, which evaluates to ykc_in, is passed to ykclient_set_client_b64() as the first argument. [event 2]</Explanation>
      </Location>
      <Location id="13" primary="false">
        <SourceFile>yubico-c-client-ykclient-2.11/ykclient.c</SourceFile>
        <StartLine>496</StartLine>
        <EndLine>496</EndLine>
        <Explanation>ykc is set to ykc_in. [event 12]</Explanation>
      </Location>
      <Location id="14" primary="false">
        <SourceFile>yubico-c-client-ykclient-2.11/ykclient.c</SourceFile>
        <StartLine>505</StartLine>
        <EndLine>505</EndLine>
        <Explanation>Skipping "if".  key == (void *)0 evaluates to false.</Explanation>
      </Location>
      <Location id="15" primary="false">
        <SourceFile>yubico-c-client-ykclient-2.11/ykclient.c</SourceFile>
        <StartLine>512</StartLine>
        <EndLine>512</EndLine>
        <Explanation>ykc-&gt;key_buf, which evaluates to NULL, is passed to free(). [event 8] [event 13]</Explanation>
      </Location>
      <Location id="16" primary="false">
        <SourceFile>yubico-c-client-ykclient-2.11/ykclient.c</SourceFile>
        <StartLine>512</StartLine>
        <EndLine>512</EndLine>
        <Explanation>ykc-&gt;key_buf is not a valid address.
   * ykc-&gt;key_buf evaluates to NULL.
   * Some older implementations of free() have unsafe behavior on NULL pointers.
The issue can occur if the highlighted code executes. [event 15]</Explanation>
      </Location>
      <Location id="17" primary="false">
        <SourceFile>yubico-c-client-ykclient-2.11/ykclient.c</SourceFile>
        <StartLine>315</StartLine>
        <EndLine>315</EndLine>
        <Explanation>Skipping "if".  0 evaluates to false.</Explanation>
      </Location>
      <Location id="18" primary="false">
        <SourceFile>yubico-c-client-ykclient-2.11/ykclient.c</SourceFile>
        <StartLine>315</StartLine>
        <EndLine>315</EndLine>
        <Explanation>curl_easy_setopt() is an Undefined Function.</Explanation>
      </Location>
      <Location id="19" primary="false">
        <SourceFile>yubico-c-client-ykclient-2.11/ykclient.c</SourceFile>
        <StartLine>316</StartLine>
        <EndLine>316</EndLine>
        <Explanation>Skipping "if".  0 evaluates to false.</Explanation>
      </Location>
      <Location id="20" primary="false">
        <SourceFile>yubico-c-client-ykclient-2.11/ykclient.c</SourceFile>
        <StartLine>316</StartLine>
        <EndLine>316</EndLine>
        <Explanation>curl_easy_setopt() is an Undefined Function.</Explanation>
      </Location>
      <Location id="21" primary="false">
        <SourceFile>yubico-c-client-ykclient-2.11/ykclient.c</SourceFile>
        <StartLine>318</StartLine>
        <EndLine>318</EndLine>
        <Explanation>curl_multi_add_handle() is an Undefined Function.</Explanation>
      </Location>
      <Location id="22" primary="true">
        <SourceFile>yubico-c-client-ykclient-2.11/ykclient.c</SourceFile>
        <StartLine>319</StartLine>
        <EndLine>319</EndLine>
        <Explanation>p-&gt;easy is dereferenced here, but it is NULL.
The issue can occur if the highlighted code executes. [event 2] [event 7]</Explanation>
      </Location>
    </BugLocations>
    <BugGroup>Useless Assignment</BugGroup>
    <BugCode>LANG.STRUCT.UA</BugCode>
    <BugSeverity>None</BugSeverity>
    <BugMessage> Event 1 at yubico-c-client-ykclient-2.11/ykclient.c:152: This code assigns the variable the same value it already had.

</BugMessage>
    <BugTrace>
      <AssessmentReportFile>18.xml</AssessmentReportFile>
    </BugTrace>
  </BugInstance>
  <BugInstance id="20">
    <Methods>
      <Method id="1" primary="true">ykclient_init</Method>
    </Methods>
    <BugLocations>
      <Location id="1" primary="false">
        <SourceFile>yubico-c-client-ykclient-2.11/ykclient.c</SourceFile>
        <StartLine>147</StartLine>
        <EndLine>147</EndLine>
        <Explanation>This code assigns the variable the same value it already had.</Explanation>
      </Location>
      <Location id="2" primary="false">
        <SourceFile>yubico-c-client-ykclient-2.11/ykclient.c</SourceFile>
        <StartLine>1372</StartLine>
        <EndLine>1372</EndLine>
        <Explanation>ykc is set to ykc_in.</Explanation>
      </Location>
      <Location id="3" primary="false">
        <SourceFile>yubico-c-client-ykclient-2.11/ykclient.c</SourceFile>
        <StartLine>1375</StartLine>
        <EndLine>1375</EndLine>
        <Explanation>ykc, which evaluates to ykc_in, is passed to ykclient_set_client_hex() as the first argument. [event 2]</Explanation>
      </Location>
      <Location id="4" primary="false">
        <SourceFile>yubico-c-client-ykclient-2.11/ykclient.c</SourceFile>
        <StartLine>444</StartLine>
        <EndLine>444</EndLine>
        <Explanation>ykc is set to ykc_in. [event 3]</Explanation>
      </Location>
      <Location id="5" primary="false">
        <SourceFile>yubico-c-client-ykclient-2.11/ykclient.c</SourceFile>
        <StartLine>452</StartLine>
        <EndLine>452</EndLine>
        <Explanation>Skipping "if".  key == (void *)0 evaluates to false.</Explanation>
      </Location>
      <Location id="6" primary="false">
        <SourceFile>yubico-c-client-ykclient-2.11/ykclient.c</SourceFile>
        <StartLine>459</StartLine>
        <EndLine>459</EndLine>
        <Explanation>Skipping "if".  key_len % 2 != 0 evaluates to false.</Explanation>
      </Location>
      <Location id="7" primary="false">
        <SourceFile>yubico-c-client-ykclient-2.11/ykclient.c</SourceFile>
        <StartLine>468</StartLine>
        <EndLine>468</EndLine>
        <Explanation>malloc() returns NULL.
   * Determines the freed value in the Free Null Pointer warning later.</Explanation>
      </Location>
      <Location id="8" primary="false">
        <SourceFile>yubico-c-client-ykclient-2.11/ykclient.c</SourceFile>
        <StartLine>468</StartLine>
        <EndLine>468</EndLine>
        <Explanation>ykc-&gt;key_buf is set to malloc(bin_len), which evaluates to NULL, where ykc is ykc_in. [event 4] [event 7]</Explanation>
      </Location>
      <Location id="9" primary="false">
        <SourceFile>yubico-c-client-ykclient-2.11/ykclient.c</SourceFile>
        <StartLine>469</StartLine>
        <EndLine>469</EndLine>
        <Explanation>Taking true branch.  ykc-&gt;key_buf evaluates to false.</Explanation>
      </Location>
      <Location id="10" primary="false">
        <SourceFile>yubico-c-client-ykclient-2.11/ykclient.c</SourceFile>
        <StartLine>1377</StartLine>
        <EndLine>1377</EndLine>
        <Explanation>Skipping "if".  urlcount != 0 evaluates to false.</Explanation>
      </Location>
      <Location id="11" primary="false">
        <SourceFile>yubico-c-client-ykclient-2.11/ykclient.c</SourceFile>
        <StartLine>1382</StartLine>
        <EndLine>1382</EndLine>
        <Explanation>Taking true branch.  api_key evaluates to true.</Explanation>
      </Location>
      <Location id="12" primary="false">
        <SourceFile>yubico-c-client-ykclient-2.11/ykclient.c</SourceFile>
        <StartLine>1385</StartLine>
        <EndLine>1385</EndLine>
        <Explanation>ykc, which evaluates to ykc_in, is passed to ykclient_set_client_b64() as the first argument. [event 2]</Explanation>
      </Location>
      <Location id="13" primary="false">
        <SourceFile>yubico-c-client-ykclient-2.11/ykclient.c</SourceFile>
        <StartLine>496</StartLine>
        <EndLine>496</EndLine>
        <Explanation>ykc is set to ykc_in. [event 12]</Explanation>
      </Location>
      <Location id="14" primary="false">
        <SourceFile>yubico-c-client-ykclient-2.11/ykclient.c</SourceFile>
        <StartLine>505</StartLine>
        <EndLine>505</EndLine>
        <Explanation>Skipping "if".  key == (void *)0 evaluates to false.</Explanation>
      </Location>
      <Location id="15" primary="false">
        <SourceFile>yubico-c-client-ykclient-2.11/ykclient.c</SourceFile>
        <StartLine>512</StartLine>
        <EndLine>512</EndLine>
        <Explanation>ykc-&gt;key_buf, which evaluates to NULL, is passed to free(). [event 8] [event 13]</Explanation>
      </Location>
      <Location id="16" primary="false">
        <SourceFile>yubico-c-client-ykclient-2.11/ykclient.c</SourceFile>
        <StartLine>512</StartLine>
        <EndLine>512</EndLine>
        <Explanation>ykc-&gt;key_buf is not a valid address.
   * ykc-&gt;key_buf evaluates to NULL.
   * Some older implementations of free() have unsafe behavior on NULL pointers.
The issue can occur if the highlighted code executes. [event 15]</Explanation>
      </Location>
      <Location id="17" primary="false">
        <SourceFile>yubico-c-client-ykclient-2.11/ykclient.c</SourceFile>
        <StartLine>315</StartLine>
        <EndLine>315</EndLine>
        <Explanation>Skipping "if".  0 evaluates to false.</Explanation>
      </Location>
      <Location id="18" primary="false">
        <SourceFile>yubico-c-client-ykclient-2.11/ykclient.c</SourceFile>
        <StartLine>315</StartLine>
        <EndLine>315</EndLine>
        <Explanation>curl_easy_setopt() is an Undefined Function.</Explanation>
      </Location>
      <Location id="19" primary="false">
        <SourceFile>yubico-c-client-ykclient-2.11/ykclient.c</SourceFile>
        <StartLine>316</StartLine>
        <EndLine>316</EndLine>
        <Explanation>Skipping "if".  0 evaluates to false.</Explanation>
      </Location>
      <Location id="20" primary="false">
        <SourceFile>yubico-c-client-ykclient-2.11/ykclient.c</SourceFile>
        <StartLine>316</StartLine>
        <EndLine>316</EndLine>
        <Explanation>curl_easy_setopt() is an Undefined Function.</Explanation>
      </Location>
      <Location id="21" primary="false">
        <SourceFile>yubico-c-client-ykclient-2.11/ykclient.c</SourceFile>
        <StartLine>318</StartLine>
        <EndLine>318</EndLine>
        <Explanation>curl_multi_add_handle() is an Undefined Function.</Explanation>
      </Location>
      <Location id="22" primary="true">
        <SourceFile>yubico-c-client-ykclient-2.11/ykclient.c</SourceFile>
        <StartLine>319</StartLine>
        <EndLine>319</EndLine>
        <Explanation>p-&gt;easy is dereferenced here, but it is NULL.
The issue can occur if the highlighted code executes. [event 2] [event 7]</Explanation>
      </Location>
    </BugLocations>
    <BugGroup>Useless Assignment</BugGroup>
    <BugCode>LANG.STRUCT.UA</BugCode>
    <BugSeverity>None</BugSeverity>
    <BugMessage> Event 1 at yubico-c-client-ykclient-2.11/ykclient.c:147: This code assigns the variable the same value it already had.

</BugMessage>
    <BugTrace>
      <AssessmentReportFile>19.xml</AssessmentReportFile>
    </BugTrace>
  </BugInstance>
  <BugInstance id="21">
    <Methods>
      <Method id="1" primary="true">SHA1ProcessMessageBlock</Method>
    </Methods>
    <BugLocations>
      <Location id="1" primary="false">
        <SourceFile>yubico-c-client-ykclient-2.11/sha1.c</SourceFile>
        <StartLine>410</StartLine>
        <EndLine>410</EndLine>
        <Explanation>This code assigns the variable the same value it already had.</Explanation>
      </Location>
      <Location id="2" primary="false">
        <SourceFile>yubico-c-client-ykclient-2.11/ykclient.c</SourceFile>
        <StartLine>1372</StartLine>
        <EndLine>1372</EndLine>
        <Explanation>ykc is set to ykc_in.</Explanation>
      </Location>
      <Location id="3" primary="false">
        <SourceFile>yubico-c-client-ykclient-2.11/ykclient.c</SourceFile>
        <StartLine>1375</StartLine>
        <EndLine>1375</EndLine>
        <Explanation>ykc, which evaluates to ykc_in, is passed to ykclient_set_client_hex() as the first argument. [event 2]</Explanation>
      </Location>
      <Location id="4" primary="false">
        <SourceFile>yubico-c-client-ykclient-2.11/ykclient.c</SourceFile>
        <StartLine>444</StartLine>
        <EndLine>444</EndLine>
        <Explanation>ykc is set to ykc_in. [event 3]</Explanation>
      </Location>
      <Location id="5" primary="false">
        <SourceFile>yubico-c-client-ykclient-2.11/ykclient.c</SourceFile>
        <StartLine>452</StartLine>
        <EndLine>452</EndLine>
        <Explanation>Skipping "if".  key == (void *)0 evaluates to false.</Explanation>
      </Location>
      <Location id="6" primary="false">
        <SourceFile>yubico-c-client-ykclient-2.11/ykclient.c</SourceFile>
        <StartLine>459</StartLine>
        <EndLine>459</EndLine>
        <Explanation>Skipping "if".  key_len % 2 != 0 evaluates to false.</Explanation>
      </Location>
      <Location id="7" primary="false">
        <SourceFile>yubico-c-client-ykclient-2.11/ykclient.c</SourceFile>
        <StartLine>468</StartLine>
        <EndLine>468</EndLine>
        <Explanation>malloc() returns NULL.
   * Determines the freed value in the Free Null Pointer warning later.</Explanation>
      </Location>
      <Location id="8" primary="false">
        <SourceFile>yubico-c-client-ykclient-2.11/ykclient.c</SourceFile>
        <StartLine>468</StartLine>
        <EndLine>468</EndLine>
        <Explanation>ykc-&gt;key_buf is set to malloc(bin_len), which evaluates to NULL, where ykc is ykc_in. [event 4] [event 7]</Explanation>
      </Location>
      <Location id="9" primary="false">
        <SourceFile>yubico-c-client-ykclient-2.11/ykclient.c</SourceFile>
        <StartLine>469</StartLine>
        <EndLine>469</EndLine>
        <Explanation>Taking true branch.  ykc-&gt;key_buf evaluates to false.</Explanation>
      </Location>
      <Location id="10" primary="false">
        <SourceFile>yubico-c-client-ykclient-2.11/ykclient.c</SourceFile>
        <StartLine>1377</StartLine>
        <EndLine>1377</EndLine>
        <Explanation>Skipping "if".  urlcount != 0 evaluates to false.</Explanation>
      </Location>
      <Location id="11" primary="false">
        <SourceFile>yubico-c-client-ykclient-2.11/ykclient.c</SourceFile>
        <StartLine>1382</StartLine>
        <EndLine>1382</EndLine>
        <Explanation>Taking true branch.  api_key evaluates to true.</Explanation>
      </Location>
      <Location id="12" primary="false">
        <SourceFile>yubico-c-client-ykclient-2.11/ykclient.c</SourceFile>
        <StartLine>1385</StartLine>
        <EndLine>1385</EndLine>
        <Explanation>ykc, which evaluates to ykc_in, is passed to ykclient_set_client_b64() as the first argument. [event 2]</Explanation>
      </Location>
      <Location id="13" primary="false">
        <SourceFile>yubico-c-client-ykclient-2.11/ykclient.c</SourceFile>
        <StartLine>496</StartLine>
        <EndLine>496</EndLine>
        <Explanation>ykc is set to ykc_in. [event 12]</Explanation>
      </Location>
      <Location id="14" primary="false">
        <SourceFile>yubico-c-client-ykclient-2.11/ykclient.c</SourceFile>
        <StartLine>505</StartLine>
        <EndLine>505</EndLine>
        <Explanation>Skipping "if".  key == (void *)0 evaluates to false.</Explanation>
      </Location>
      <Location id="15" primary="false">
        <SourceFile>yubico-c-client-ykclient-2.11/ykclient.c</SourceFile>
        <StartLine>512</StartLine>
        <EndLine>512</EndLine>
        <Explanation>ykc-&gt;key_buf, which evaluates to NULL, is passed to free(). [event 8] [event 13]</Explanation>
      </Location>
      <Location id="16" primary="false">
        <SourceFile>yubico-c-client-ykclient-2.11/ykclient.c</SourceFile>
        <StartLine>512</StartLine>
        <EndLine>512</EndLine>
        <Explanation>ykc-&gt;key_buf is not a valid address.
   * ykc-&gt;key_buf evaluates to NULL.
   * Some older implementations of free() have unsafe behavior on NULL pointers.
The issue can occur if the highlighted code executes. [event 15]</Explanation>
      </Location>
      <Location id="17" primary="false">
        <SourceFile>yubico-c-client-ykclient-2.11/ykclient.c</SourceFile>
        <StartLine>315</StartLine>
        <EndLine>315</EndLine>
        <Explanation>Skipping "if".  0 evaluates to false.</Explanation>
      </Location>
      <Location id="18" primary="false">
        <SourceFile>yubico-c-client-ykclient-2.11/ykclient.c</SourceFile>
        <StartLine>315</StartLine>
        <EndLine>315</EndLine>
        <Explanation>curl_easy_setopt() is an Undefined Function.</Explanation>
      </Location>
      <Location id="19" primary="false">
        <SourceFile>yubico-c-client-ykclient-2.11/ykclient.c</SourceFile>
        <StartLine>316</StartLine>
        <EndLine>316</EndLine>
        <Explanation>Skipping "if".  0 evaluates to false.</Explanation>
      </Location>
      <Location id="20" primary="false">
        <SourceFile>yubico-c-client-ykclient-2.11/ykclient.c</SourceFile>
        <StartLine>316</StartLine>
        <EndLine>316</EndLine>
        <Explanation>curl_easy_setopt() is an Undefined Function.</Explanation>
      </Location>
      <Location id="21" primary="false">
        <SourceFile>yubico-c-client-ykclient-2.11/ykclient.c</SourceFile>
        <StartLine>318</StartLine>
        <EndLine>318</EndLine>
        <Explanation>curl_multi_add_handle() is an Undefined Function.</Explanation>
      </Location>
      <Location id="22" primary="true">
        <SourceFile>yubico-c-client-ykclient-2.11/ykclient.c</SourceFile>
        <StartLine>319</StartLine>
        <EndLine>319</EndLine>
        <Explanation>p-&gt;easy is dereferenced here, but it is NULL.
The issue can occur if the highlighted code executes. [event 2] [event 7]</Explanation>
      </Location>
    </BugLocations>
    <BugGroup>Useless Assignment</BugGroup>
    <BugCode>LANG.STRUCT.UA</BugCode>
    <BugSeverity>None</BugSeverity>
    <BugMessage> Event 1 at yubico-c-client-ykclient-2.11/sha1.c:410: This code assigns the variable the same value it already had.

</BugMessage>
    <BugTrace>
      <AssessmentReportFile>3.xml</AssessmentReportFile>
    </BugTrace>
  </BugInstance>
  <BugInstance id="22">
    <Methods>
      <Method id="1" primary="true">ykclient_request_send</Method>
    </Methods>
    <BugLocations>
      <Location id="1" primary="false">
        <SourceFile>yubico-c-client-ykclient-2.11/ykclient.c</SourceFile>
        <StartLine>1147</StartLine>
        <EndLine>1147</EndLine>
        <Explanation>The return value of select() is never checked in the highlighted execution scenario.
   * If the return value can indicate an error, the error will be ignored if the highlighted code executes.
   * CodeSonar is configured to enforce Ignored Return Value checks for select().  (To change the set of enforced Ignored Return Value checks, use configuration file parameters RETURN_CHECKER_CHECKED_FUNCS and RETURN_CHECKER_IGNORED_FUNCS).</Explanation>
      </Location>
      <Location id="2" primary="false">
        <SourceFile>yubico-c-client-ykclient-2.11/ykclient.c</SourceFile>
        <StartLine>1149</StartLine>
        <EndLine>1149</EndLine>
        <Explanation>Entering loop body.  msgs evaluates to true.</Explanation>
      </Location>
      <Location id="3" primary="false">
        <SourceFile>yubico-c-client-ykclient-2.11/ykclient.c</SourceFile>
        <StartLine>1158</StartLine>
        <EndLine>1158</EndLine>
        <Explanation>Taking true branch.  msg evaluates to false.</Explanation>
      </Location>
      <Location id="4" primary="false">
        <SourceFile>yubico-c-client-ykclient-2.11/ykclient.c</SourceFile>
        <StartLine>1149</StartLine>
        <EndLine>1149</EndLine>
        <Explanation>Continuing from loop body.  Leaving loop.  msgs evaluates to false.</Explanation>
      </Location>
      <Location id="5" primary="false">
        <SourceFile>yubico-c-client-ykclient-2.11/ykclient.c</SourceFile>
        <StartLine>1250</StartLine>
        <EndLine>1250</EndLine>
        <Explanation>Leaving loop.  requests evaluates to false.</Explanation>
      </Location>
      <Location id="6" primary="false">
        <SourceFile>yubico-c-client-ykclient-2.11/ykclient.c</SourceFile>
        <StartLine>1252</StartLine>
        <EndLine>1252</EndLine>
        <Explanation>Skipping "if".  srv_response evaluates to false.</Explanation>
      </Location>
      <Location id="7" primary="false">
        <SourceFile>yubico-c-client-ykclient-2.11/ykclient.c</SourceFile>
        <StartLine>468</StartLine>
        <EndLine>468</EndLine>
        <Explanation>malloc() returns NULL.
   * Determines the freed value in the Free Null Pointer warning later.</Explanation>
      </Location>
      <Location id="8" primary="false">
        <SourceFile>yubico-c-client-ykclient-2.11/ykclient.c</SourceFile>
        <StartLine>468</StartLine>
        <EndLine>468</EndLine>
        <Explanation>ykc-&gt;key_buf is set to malloc(bin_len), which evaluates to NULL, where ykc is ykc_in. [event 4] [event 7]</Explanation>
      </Location>
      <Location id="9" primary="false">
        <SourceFile>yubico-c-client-ykclient-2.11/ykclient.c</SourceFile>
        <StartLine>469</StartLine>
        <EndLine>469</EndLine>
        <Explanation>Taking true branch.  ykc-&gt;key_buf evaluates to false.</Explanation>
      </Location>
      <Location id="10" primary="false">
        <SourceFile>yubico-c-client-ykclient-2.11/ykclient.c</SourceFile>
        <StartLine>1377</StartLine>
        <EndLine>1377</EndLine>
        <Explanation>Skipping "if".  urlcount != 0 evaluates to false.</Explanation>
      </Location>
      <Location id="11" primary="false">
        <SourceFile>yubico-c-client-ykclient-2.11/ykclient.c</SourceFile>
        <StartLine>1382</StartLine>
        <EndLine>1382</EndLine>
        <Explanation>Taking true branch.  api_key evaluates to true.</Explanation>
      </Location>
      <Location id="12" primary="false">
        <SourceFile>yubico-c-client-ykclient-2.11/ykclient.c</SourceFile>
        <StartLine>1385</StartLine>
        <EndLine>1385</EndLine>
        <Explanation>ykc, which evaluates to ykc_in, is passed to ykclient_set_client_b64() as the first argument. [event 2]</Explanation>
      </Location>
      <Location id="13" primary="false">
        <SourceFile>yubico-c-client-ykclient-2.11/ykclient.c</SourceFile>
        <StartLine>496</StartLine>
        <EndLine>496</EndLine>
        <Explanation>ykc is set to ykc_in. [event 12]</Explanation>
      </Location>
      <Location id="14" primary="false">
        <SourceFile>yubico-c-client-ykclient-2.11/ykclient.c</SourceFile>
        <StartLine>505</StartLine>
        <EndLine>505</EndLine>
        <Explanation>Skipping "if".  key == (void *)0 evaluates to false.</Explanation>
      </Location>
      <Location id="15" primary="false">
        <SourceFile>yubico-c-client-ykclient-2.11/ykclient.c</SourceFile>
        <StartLine>512</StartLine>
        <EndLine>512</EndLine>
        <Explanation>ykc-&gt;key_buf, which evaluates to NULL, is passed to free(). [event 8] [event 13]</Explanation>
      </Location>
      <Location id="16" primary="false">
        <SourceFile>yubico-c-client-ykclient-2.11/ykclient.c</SourceFile>
        <StartLine>512</StartLine>
        <EndLine>512</EndLine>
        <Explanation>ykc-&gt;key_buf is not a valid address.
   * ykc-&gt;key_buf evaluates to NULL.
   * Some older implementations of free() have unsafe behavior on NULL pointers.
The issue can occur if the highlighted code executes. [event 15]</Explanation>
      </Location>
      <Location id="17" primary="false">
        <SourceFile>yubico-c-client-ykclient-2.11/ykclient.c</SourceFile>
        <StartLine>315</StartLine>
        <EndLine>315</EndLine>
        <Explanation>Skipping "if".  0 evaluates to false.</Explanation>
      </Location>
      <Location id="18" primary="false">
        <SourceFile>yubico-c-client-ykclient-2.11/ykclient.c</SourceFile>
        <StartLine>315</StartLine>
        <EndLine>315</EndLine>
        <Explanation>curl_easy_setopt() is an Undefined Function.</Explanation>
      </Location>
      <Location id="19" primary="false">
        <SourceFile>yubico-c-client-ykclient-2.11/ykclient.c</SourceFile>
        <StartLine>316</StartLine>
        <EndLine>316</EndLine>
        <Explanation>Skipping "if".  0 evaluates to false.</Explanation>
      </Location>
      <Location id="20" primary="false">
        <SourceFile>yubico-c-client-ykclient-2.11/ykclient.c</SourceFile>
        <StartLine>316</StartLine>
        <EndLine>316</EndLine>
        <Explanation>curl_easy_setopt() is an Undefined Function.</Explanation>
      </Location>
      <Location id="21" primary="false">
        <SourceFile>yubico-c-client-ykclient-2.11/ykclient.c</SourceFile>
        <StartLine>318</StartLine>
        <EndLine>318</EndLine>
        <Explanation>curl_multi_add_handle() is an Undefined Function.</Explanation>
      </Location>
      <Location id="22" primary="true">
        <SourceFile>yubico-c-client-ykclient-2.11/ykclient.c</SourceFile>
        <StartLine>319</StartLine>
        <EndLine>319</EndLine>
        <Explanation>p-&gt;easy is dereferenced here, but it is NULL.
The issue can occur if the highlighted code executes. [event 2] [event 7]</Explanation>
      </Location>
    </BugLocations>
    <BugGroup>Ignored Return Value</BugGroup>
    <BugCode>LANG.FUNCS.IRV</BugCode>
    <BugSeverity>None</BugSeverity>
    <BugMessage> Event 1 at yubico-c-client-ykclient-2.11/ykclient.c:1147: The return value of select() is never checked in the highlighted execution scenario.
   * If the return value can indicate an error, the error will be ignored if the highlighted code executes.
   * CodeSonar is configured to enforce Ignored Return Value checks for select().  (To change the set of enforced Ignored Return Value checks, use configuration file parameters RETURN_CHECKER_CHECKED_FUNCS and RETURN_CHECKER_IGNORED_FUNCS).

 Event 2 at yubico-c-client-ykclient-2.11/ykclient.c:1149: Entering loop body.  msgs evaluates to true.

 Event 4 at yubico-c-client-ykclient-2.11/ykclient.c:1149: Continuing from loop body.  Leaving loop.  msgs evaluates to false.

 Event 3 at yubico-c-client-ykclient-2.11/ykclient.c:1158: Taking true branch.  msg evaluates to false.

 Event 5 at yubico-c-client-ykclient-2.11/ykclient.c:1250: Leaving loop.  requests evaluates to false.

 Event 6 at yubico-c-client-ykclient-2.11/ykclient.c:1252: Skipping "if".  srv_response evaluates to false.

</BugMessage>
    <BugTrace>
      <AssessmentReportFile>33.xml</AssessmentReportFile>
    </BugTrace>
  </BugInstance>
  <BugInstance id="23">
    <Methods>
      <Method id="1" primary="true">ykclient_handle_done</Method>
    </Methods>
    <BugLocations>
      <Location id="1" primary="false">
        <SourceFile>yubico-c-client-ykclient-2.11/ykclient.c</SourceFile>
        <StartLine>271</StartLine>
        <EndLine>271</EndLine>
        <Explanation>malloc() returns the address of a new object.</Explanation>
      </Location>
      <Location id="2" primary="false">
        <SourceFile>yubico-c-client-ykclient-2.11/ykclient.c</SourceFile>
        <StartLine>271</StartLine>
        <EndLine>271</EndLine>
        <Explanation>p is set to malloc(sizeof( *p )). [event 1]</Explanation>
      </Location>
      <Location id="3" primary="false">
        <SourceFile>yubico-c-client-ykclient-2.11/ykclient.c</SourceFile>
        <StartLine>272</StartLine>
        <EndLine>272</EndLine>
        <Explanation>Skipping "if".  p evaluates to true.</Explanation>
      </Location>
      <Location id="4" primary="false">
        <SourceFile>yubico-c-client-ykclient-2.11/ykclient.c</SourceFile>
        <StartLine>278</StartLine>
        <EndLine>278</EndLine>
        <Explanation>curl_multi_init() is an Undefined Function.</Explanation>
      </Location>
      <Location id="5" primary="false">
        <SourceFile>yubico-c-client-ykclient-2.11/ykclient.c</SourceFile>
        <StartLine>279</StartLine>
        <EndLine>279</EndLine>
        <Explanation>Skipping "if".  p-&gt;multi evaluates to true.</Explanation>
      </Location>
      <Location id="6" primary="false">
        <SourceFile>yubico-c-client-ykclient-2.11/ykclient.c</SourceFile>
        <StartLine>286</StartLine>
        <EndLine>286</EndLine>
        <Explanation>Leaving loop.  p-&gt;num_easy &lt; ykc-&gt;num_templates evaluates to false.</Explanation>
      </Location>
      <Location id="7" primary="false">
        <SourceFile>yubico-c-client-ykclient-2.11/ykclient.c</SourceFile>
        <StartLine>323</StartLine>
        <EndLine>323</EndLine>
        <Explanation>malloc() returns NULL.
   * Determines the freed value in the Free Null Pointer warning later.</Explanation>
      </Location>
      <Location id="8" primary="false">
        <SourceFile>yubico-c-client-ykclient-2.11/ykclient.c</SourceFile>
        <StartLine>323</StartLine>
        <EndLine>323</EndLine>
        <Explanation>p-&gt;url_exp is set to malloc(...), which evaluates to NULL, where p is malloc(sizeof( *p )) [event 1, ykclient.c</Explanation>
      </Location>
      <Location id="9" primary="false">
        <SourceFile>yubico-c-client-ykclient-2.11/ykclient.c</SourceFile>
        <StartLine>324</StartLine>
        <EndLine>324</EndLine>
        <Explanation>Taking true branch.  p-&gt;url_exp evaluates to false.</Explanation>
      </Location>
      <Location id="10" primary="false">
        <SourceFile>yubico-c-client-ykclient-2.11/ykclient.c</SourceFile>
        <StartLine>326</StartLine>
        <EndLine>326</EndLine>
        <Explanation>&amp;p is passed to ykclient_handle_done().</Explanation>
      </Location>
      <Location id="11" primary="false">
        <SourceFile>yubico-c-client-ykclient-2.11/ykclient.c</SourceFile>
        <StartLine>387</StartLine>
        <EndLine>387</EndLine>
        <Explanation>ykh is set to &amp;pykclient.c</Explanation>
      </Location>
      <Location id="12" primary="false">
        <SourceFile>yubico-c-client-ykclient-2.11/ykclient.c</SourceFile>
        <StartLine>392</StartLine>
        <EndLine>392</EndLine>
        <Explanation>Taking true branch.
   * ykh evaluates to true.
   * *ykh evaluates to true.</Explanation>
      </Location>
      <Location id="13" primary="false">
        <SourceFile>yubico-c-client-ykclient-2.11/ykclient.c</SourceFile>
        <StartLine>396</StartLine>
        <EndLine>396</EndLine>
        <Explanation>Leaving loop.  i &lt; (*ykh)-&gt;num_easy evaluates to false.</Explanation>
      </Location>
      <Location id="14" primary="false">
        <SourceFile>yubico-c-client-ykclient-2.11/ykclient.c</SourceFile>
        <StartLine>406</StartLine>
        <EndLine>406</EndLine>
        <Explanation>Taking true branch.  (*ykh)-&gt;multi evaluates to true.</Explanation>
      </Location>
      <Location id="15" primary="false">
        <SourceFile>yubico-c-client-ykclient-2.11/ykclient.c</SourceFile>
        <StartLine>408</StartLine>
        <EndLine>408</EndLine>
        <Explanation>curl_multi_cleanup() is an Undefined Function.</Explanation>
      </Location>
      <Location id="16" primary="false">
        <SourceFile>yubico-c-client-ykclient-2.11/ykclient.c</SourceFile>
        <StartLine>411</StartLine>
        <EndLine>411</EndLine>
        <Explanation>(*ykh)-&gt;url_exp, which evaluates to NULL, is passed to free(). [event 2] [event 8] [event 11]</Explanation>
      </Location>
      <Location id="17" primary="false">
        <SourceFile>yubico-c-client-ykclient-2.11/ykclient.c</SourceFile>
        <StartLine>411</StartLine>
        <EndLine>411</EndLine>
        <Explanation>(*ykh)-&gt;url_exp is not a valid address.
   * (*ykh)-&gt;url_exp evaluates to NULL.
   * Some older implementations of free() have unsafe behavior on NULL pointers.
The issue can occur if the highlighted code executes. [event 16]</Explanation>
      </Location>
      <Location id="18" primary="false">
        <SourceFile>yubico-c-client-ykclient-2.11/ykclient.c</SourceFile>
        <StartLine>315</StartLine>
        <EndLine>315</EndLine>
        <Explanation>curl_easy_setopt() is an Undefined Function.</Explanation>
      </Location>
      <Location id="19" primary="false">
        <SourceFile>yubico-c-client-ykclient-2.11/ykclient.c</SourceFile>
        <StartLine>316</StartLine>
        <EndLine>316</EndLine>
        <Explanation>Skipping "if".  0 evaluates to false.</Explanation>
      </Location>
      <Location id="20" primary="false">
        <SourceFile>yubico-c-client-ykclient-2.11/ykclient.c</SourceFile>
        <StartLine>316</StartLine>
        <EndLine>316</EndLine>
        <Explanation>curl_easy_setopt() is an Undefined Function.</Explanation>
      </Location>
      <Location id="21" primary="false">
        <SourceFile>yubico-c-client-ykclient-2.11/ykclient.c</SourceFile>
        <StartLine>318</StartLine>
        <EndLine>318</EndLine>
        <Explanation>curl_multi_add_handle() is an Undefined Function.</Explanation>
      </Location>
      <Location id="22" primary="true">
        <SourceFile>yubico-c-client-ykclient-2.11/ykclient.c</SourceFile>
        <StartLine>319</StartLine>
        <EndLine>319</EndLine>
        <Explanation>p-&gt;easy is dereferenced here, but it is NULL.
The issue can occur if the highlighted code executes. [event 2] [event 7]</Explanation>
      </Location>
    </BugLocations>
    <BugGroup>Free Null Pointer</BugGroup>
    <BugCode>ALLOC.FNP</BugCode>
    <BugSeverity>None</BugSeverity>
    <BugMessage> Event 1 at yubico-c-client-ykclient-2.11/ykclient.c:271: malloc() returns the address of a new object.

 Event 2 at yubico-c-client-ykclient-2.11/ykclient.c:271: p is set to malloc(sizeof( *p )). [event 1]

 Event 3 at yubico-c-client-ykclient-2.11/ykclient.c:272: Skipping "if".  p evaluates to true.

 Event 4 at yubico-c-client-ykclient-2.11/ykclient.c:278: curl_multi_init() is an Undefined Function.

 Event 5 at yubico-c-client-ykclient-2.11/ykclient.c:279: Skipping "if".  p-&gt;multi evaluates to true.

 Event 6 at yubico-c-client-ykclient-2.11/ykclient.c:286: Leaving loop.  p-&gt;num_easy &lt; ykc-&gt;num_templates evaluates to false.

 Event 7 at yubico-c-client-ykclient-2.11/ykclient.c:323: malloc() returns NULL.
   * Determines the freed value in the Free Null Pointer warning later.

 Event 8 at yubico-c-client-ykclient-2.11/ykclient.c:323: p-&gt;url_exp is set to malloc(...), which evaluates to NULL, where p is malloc(sizeof( *p )) [event 1, ykclient.c:271]. [event 2] [event 7]

 Event 9 at yubico-c-client-ykclient-2.11/ykclient.c:324: Taking true branch.  p-&gt;url_exp evaluates to false.

 Event 10 at yubico-c-client-ykclient-2.11/ykclient.c:326: &amp;p is passed to ykclient_handle_done().

 Event 11 at yubico-c-client-ykclient-2.11/ykclient.c:387: ykh is set to &amp;pykclient.c:265. [event 10]

 Event 12 at yubico-c-client-ykclient-2.11/ykclient.c:392: Taking true branch.
   * ykh evaluates to true.
   * *ykh evaluates to true.

 Event 13 at yubico-c-client-ykclient-2.11/ykclient.c:396: Leaving loop.  i &lt; (*ykh)-&gt;num_easy evaluates to false.

 Event 14 at yubico-c-client-ykclient-2.11/ykclient.c:406: Taking true branch.  (*ykh)-&gt;multi evaluates to true.

 Event 15 at yubico-c-client-ykclient-2.11/ykclient.c:408: curl_multi_cleanup() is an Undefined Function.

 Event 16 at yubico-c-client-ykclient-2.11/ykclient.c:411: (*ykh)-&gt;url_exp, which evaluates to NULL, is passed to free(). [event 2] [event 8] [event 11]

 Event 17 at yubico-c-client-ykclient-2.11/ykclient.c:411: (*ykh)-&gt;url_exp is not a valid address.
   * (*ykh)-&gt;url_exp evaluates to NULL.
   * Some older implementations of free() have unsafe behavior on NULL pointers.
The issue can occur if the highlighted code executes. [event 16]

</BugMessage>
    <BugTrace>
      <AssessmentReportFile>26.xml</AssessmentReportFile>
    </BugTrace>
  </BugInstance>
  <BugInstance id="24">
    <Methods>
      <Method id="1" primary="true">is_ws_or_lb</Method>
    </Methods>
    <BugLocations>
      <Location id="1" primary="false">
        <SourceFile>yubico-c-client-ykclient-2.11/ykclient_server_response.c</SourceFile>
        <StartLine>191</StartLine>
        <EndLine>191</EndLine>
        <Explanation>The highlighted code will not execute under any circumstances. This may be because of</Explanation>
      </Location>
      <Location id="2" primary="false">
        <SourceFile>yubico-c-client-ykclient-2.11/ykclient.c</SourceFile>
        <StartLine>271</StartLine>
        <EndLine>271</EndLine>
        <Explanation>p is set to malloc(sizeof( *p )). [event 1]</Explanation>
      </Location>
      <Location id="3" primary="false">
        <SourceFile>yubico-c-client-ykclient-2.11/ykclient.c</SourceFile>
        <StartLine>272</StartLine>
        <EndLine>272</EndLine>
        <Explanation>Skipping "if".  p evaluates to true.</Explanation>
      </Location>
      <Location id="4" primary="false">
        <SourceFile>yubico-c-client-ykclient-2.11/ykclient.c</SourceFile>
        <StartLine>278</StartLine>
        <EndLine>278</EndLine>
        <Explanation>curl_multi_init() is an Undefined Function.</Explanation>
      </Location>
      <Location id="5" primary="false">
        <SourceFile>yubico-c-client-ykclient-2.11/ykclient.c</SourceFile>
        <StartLine>279</StartLine>
        <EndLine>279</EndLine>
        <Explanation>Skipping "if".  p-&gt;multi evaluates to true.</Explanation>
      </Location>
      <Location id="6" primary="false">
        <SourceFile>yubico-c-client-ykclient-2.11/ykclient.c</SourceFile>
        <StartLine>286</StartLine>
        <EndLine>286</EndLine>
        <Explanation>Leaving loop.  p-&gt;num_easy &lt; ykc-&gt;num_templates evaluates to false.</Explanation>
      </Location>
      <Location id="7" primary="false">
        <SourceFile>yubico-c-client-ykclient-2.11/ykclient.c</SourceFile>
        <StartLine>323</StartLine>
        <EndLine>323</EndLine>
        <Explanation>malloc() returns NULL.
   * Determines the freed value in the Free Null Pointer warning later.</Explanation>
      </Location>
      <Location id="8" primary="false">
        <SourceFile>yubico-c-client-ykclient-2.11/ykclient.c</SourceFile>
        <StartLine>323</StartLine>
        <EndLine>323</EndLine>
        <Explanation>p-&gt;url_exp is set to malloc(...), which evaluates to NULL, where p is malloc(sizeof( *p )) [event 1, ykclient.c</Explanation>
      </Location>
      <Location id="9" primary="false">
        <SourceFile>yubico-c-client-ykclient-2.11/ykclient.c</SourceFile>
        <StartLine>324</StartLine>
        <EndLine>324</EndLine>
        <Explanation>Taking true branch.  p-&gt;url_exp evaluates to false.</Explanation>
      </Location>
      <Location id="10" primary="false">
        <SourceFile>yubico-c-client-ykclient-2.11/ykclient.c</SourceFile>
        <StartLine>326</StartLine>
        <EndLine>326</EndLine>
        <Explanation>&amp;p is passed to ykclient_handle_done().</Explanation>
      </Location>
      <Location id="11" primary="false">
        <SourceFile>yubico-c-client-ykclient-2.11/ykclient.c</SourceFile>
        <StartLine>387</StartLine>
        <EndLine>387</EndLine>
        <Explanation>ykh is set to &amp;pykclient.c</Explanation>
      </Location>
      <Location id="12" primary="false">
        <SourceFile>yubico-c-client-ykclient-2.11/ykclient.c</SourceFile>
        <StartLine>392</StartLine>
        <EndLine>392</EndLine>
        <Explanation>Taking true branch.
   * ykh evaluates to true.
   * *ykh evaluates to true.</Explanation>
      </Location>
      <Location id="13" primary="false">
        <SourceFile>yubico-c-client-ykclient-2.11/ykclient.c</SourceFile>
        <StartLine>396</StartLine>
        <EndLine>396</EndLine>
        <Explanation>Leaving loop.  i &lt; (*ykh)-&gt;num_easy evaluates to false.</Explanation>
      </Location>
      <Location id="14" primary="false">
        <SourceFile>yubico-c-client-ykclient-2.11/ykclient.c</SourceFile>
        <StartLine>406</StartLine>
        <EndLine>406</EndLine>
        <Explanation>Taking true branch.  (*ykh)-&gt;multi evaluates to true.</Explanation>
      </Location>
      <Location id="15" primary="false">
        <SourceFile>yubico-c-client-ykclient-2.11/ykclient.c</SourceFile>
        <StartLine>408</StartLine>
        <EndLine>408</EndLine>
        <Explanation>curl_multi_cleanup() is an Undefined Function.</Explanation>
      </Location>
      <Location id="16" primary="false">
        <SourceFile>yubico-c-client-ykclient-2.11/ykclient.c</SourceFile>
        <StartLine>411</StartLine>
        <EndLine>411</EndLine>
        <Explanation>(*ykh)-&gt;url_exp, which evaluates to NULL, is passed to free(). [event 2] [event 8] [event 11]</Explanation>
      </Location>
      <Location id="17" primary="false">
        <SourceFile>yubico-c-client-ykclient-2.11/ykclient.c</SourceFile>
        <StartLine>411</StartLine>
        <EndLine>411</EndLine>
        <Explanation>(*ykh)-&gt;url_exp is not a valid address.
   * (*ykh)-&gt;url_exp evaluates to NULL.
   * Some older implementations of free() have unsafe behavior on NULL pointers.
The issue can occur if the highlighted code executes. [event 16]</Explanation>
      </Location>
      <Location id="18" primary="false">
        <SourceFile>yubico-c-client-ykclient-2.11/ykclient.c</SourceFile>
        <StartLine>315</StartLine>
        <EndLine>315</EndLine>
        <Explanation>curl_easy_setopt() is an Undefined Function.</Explanation>
      </Location>
      <Location id="19" primary="false">
        <SourceFile>yubico-c-client-ykclient-2.11/ykclient.c</SourceFile>
        <StartLine>316</StartLine>
        <EndLine>316</EndLine>
        <Explanation>Skipping "if".  0 evaluates to false.</Explanation>
      </Location>
      <Location id="20" primary="false">
        <SourceFile>yubico-c-client-ykclient-2.11/ykclient.c</SourceFile>
        <StartLine>316</StartLine>
        <EndLine>316</EndLine>
        <Explanation>curl_easy_setopt() is an Undefined Function.</Explanation>
      </Location>
      <Location id="21" primary="false">
        <SourceFile>yubico-c-client-ykclient-2.11/ykclient.c</SourceFile>
        <StartLine>318</StartLine>
        <EndLine>318</EndLine>
        <Explanation>curl_multi_add_handle() is an Undefined Function.</Explanation>
      </Location>
      <Location id="22" primary="true">
        <SourceFile>yubico-c-client-ykclient-2.11/ykclient.c</SourceFile>
        <StartLine>319</StartLine>
        <EndLine>319</EndLine>
        <Explanation>p-&gt;easy is dereferenced here, but it is NULL.
The issue can occur if the highlighted code executes. [event 2] [event 7]</Explanation>
      </Location>
    </BugLocations>
    <BugGroup>Unreachable Data Flow</BugGroup>
    <BugCode>LANG.STRUCT.UC</BugCode>
    <BugSeverity>None</BugSeverity>
    <BugMessage> Event 1 at yubico-c-client-ykclient-2.11/ykclient_server_response.c:191: The highlighted code will not execute under any circumstances. This may be because of:
   * A function call that does not return.
   * A test whose result is always the same: look for a preceding Redundant Condition warning.
   * A crashing bug.  Look for a preceding Null Pointer Dereference or Division By Zero warning.

</BugMessage>
    <BugTrace>
      <AssessmentReportFile>7.xml</AssessmentReportFile>
    </BugTrace>
  </BugInstance>
  <BugInstance id="25">
    <Methods>
      <Method id="1" primary="true">ykclient_handle_init</Method>
    </Methods>
    <BugLocations>
      <Location id="1" primary="false">
        <SourceFile>yubico-c-client-ykclient-2.11/ykclient.c</SourceFile>
        <StartLine>272</StartLine>
        <EndLine>272</EndLine>
        <Explanation>Skipping "if".  p evaluates to true.</Explanation>
      </Location>
      <Location id="2" primary="false">
        <SourceFile>yubico-c-client-ykclient-2.11/ykclient.c</SourceFile>
        <StartLine>278</StartLine>
        <EndLine>278</EndLine>
        <Explanation>curl_multi_init() is an Undefined Function.</Explanation>
      </Location>
      <Location id="3" primary="false">
        <SourceFile>yubico-c-client-ykclient-2.11/ykclient.c</SourceFile>
        <StartLine>279</StartLine>
        <EndLine>279</EndLine>
        <Explanation>Skipping "if".  p-&gt;multi evaluates to true.</Explanation>
      </Location>
      <Location id="4" primary="false">
        <SourceFile>yubico-c-client-ykclient-2.11/ykclient.c</SourceFile>
        <StartLine>285</StartLine>
        <EndLine>285</EndLine>
        <Explanation>8 * ykc-&gt;num_templates is passed to malloc().
   * This multiplication may overflow and it is used as the allocation size later.</Explanation>
      </Location>
      <Location id="5" primary="false">
        <SourceFile>yubico-c-client-ykclient-2.11/ykclient.c</SourceFile>
        <StartLine>285</StartLine>
        <EndLine>285</EndLine>
        <Explanation>   * If the multiplication at  [event 4, ykclient.c</Explanation>
      </Location>
      <Location id="6" primary="false">
        <SourceFile>yubico-c-client-ykclient-2.11/ykclient.c</SourceFile>
        <StartLine>286</StartLine>
        <EndLine>286</EndLine>
        <Explanation>Leaving loop.  p-&gt;num_easy &lt; ykc-&gt;num_templates evaluates to false.</Explanation>
      </Location>
      <Location id="7" primary="false">
        <SourceFile>yubico-c-client-ykclient-2.11/ykclient.c</SourceFile>
        <StartLine>323</StartLine>
        <EndLine>323</EndLine>
        <Explanation>malloc() returns NULL.
   * Determines the freed value in the Free Null Pointer warning later.</Explanation>
      </Location>
      <Location id="8" primary="false">
        <SourceFile>yubico-c-client-ykclient-2.11/ykclient.c</SourceFile>
        <StartLine>323</StartLine>
        <EndLine>323</EndLine>
        <Explanation>p-&gt;url_exp is set to malloc(...), which evaluates to NULL, where p is malloc(sizeof( *p )) [event 1, ykclient.c</Explanation>
      </Location>
      <Location id="9" primary="false">
        <SourceFile>yubico-c-client-ykclient-2.11/ykclient.c</SourceFile>
        <StartLine>324</StartLine>
        <EndLine>324</EndLine>
        <Explanation>Taking true branch.  p-&gt;url_exp evaluates to false.</Explanation>
      </Location>
      <Location id="10" primary="false">
        <SourceFile>yubico-c-client-ykclient-2.11/ykclient.c</SourceFile>
        <StartLine>326</StartLine>
        <EndLine>326</EndLine>
        <Explanation>&amp;p is passed to ykclient_handle_done().</Explanation>
      </Location>
      <Location id="11" primary="false">
        <SourceFile>yubico-c-client-ykclient-2.11/ykclient.c</SourceFile>
        <StartLine>387</StartLine>
        <EndLine>387</EndLine>
        <Explanation>ykh is set to &amp;pykclient.c</Explanation>
      </Location>
      <Location id="12" primary="false">
        <SourceFile>yubico-c-client-ykclient-2.11/ykclient.c</SourceFile>
        <StartLine>392</StartLine>
        <EndLine>392</EndLine>
        <Explanation>Taking true branch.
   * ykh evaluates to true.
   * *ykh evaluates to true.</Explanation>
      </Location>
      <Location id="13" primary="false">
        <SourceFile>yubico-c-client-ykclient-2.11/ykclient.c</SourceFile>
        <StartLine>396</StartLine>
        <EndLine>396</EndLine>
        <Explanation>Leaving loop.  i &lt; (*ykh)-&gt;num_easy evaluates to false.</Explanation>
      </Location>
      <Location id="14" primary="false">
        <SourceFile>yubico-c-client-ykclient-2.11/ykclient.c</SourceFile>
        <StartLine>406</StartLine>
        <EndLine>406</EndLine>
        <Explanation>Taking true branch.  (*ykh)-&gt;multi evaluates to true.</Explanation>
      </Location>
      <Location id="15" primary="false">
        <SourceFile>yubico-c-client-ykclient-2.11/ykclient.c</SourceFile>
        <StartLine>408</StartLine>
        <EndLine>408</EndLine>
        <Explanation>curl_multi_cleanup() is an Undefined Function.</Explanation>
      </Location>
      <Location id="16" primary="false">
        <SourceFile>yubico-c-client-ykclient-2.11/ykclient.c</SourceFile>
        <StartLine>411</StartLine>
        <EndLine>411</EndLine>
        <Explanation>(*ykh)-&gt;url_exp, which evaluates to NULL, is passed to free(). [event 2] [event 8] [event 11]</Explanation>
      </Location>
      <Location id="17" primary="false">
        <SourceFile>yubico-c-client-ykclient-2.11/ykclient.c</SourceFile>
        <StartLine>411</StartLine>
        <EndLine>411</EndLine>
        <Explanation>(*ykh)-&gt;url_exp is not a valid address.
   * (*ykh)-&gt;url_exp evaluates to NULL.
   * Some older implementations of free() have unsafe behavior on NULL pointers.
The issue can occur if the highlighted code executes. [event 16]</Explanation>
      </Location>
      <Location id="18" primary="false">
        <SourceFile>yubico-c-client-ykclient-2.11/ykclient.c</SourceFile>
        <StartLine>315</StartLine>
        <EndLine>315</EndLine>
        <Explanation>curl_easy_setopt() is an Undefined Function.</Explanation>
      </Location>
      <Location id="19" primary="false">
        <SourceFile>yubico-c-client-ykclient-2.11/ykclient.c</SourceFile>
        <StartLine>316</StartLine>
        <EndLine>316</EndLine>
        <Explanation>Skipping "if".  0 evaluates to false.</Explanation>
      </Location>
      <Location id="20" primary="false">
        <SourceFile>yubico-c-client-ykclient-2.11/ykclient.c</SourceFile>
        <StartLine>316</StartLine>
        <EndLine>316</EndLine>
        <Explanation>curl_easy_setopt() is an Undefined Function.</Explanation>
      </Location>
      <Location id="21" primary="false">
        <SourceFile>yubico-c-client-ykclient-2.11/ykclient.c</SourceFile>
        <StartLine>318</StartLine>
        <EndLine>318</EndLine>
        <Explanation>curl_multi_add_handle() is an Undefined Function.</Explanation>
      </Location>
      <Location id="22" primary="true">
        <SourceFile>yubico-c-client-ykclient-2.11/ykclient.c</SourceFile>
        <StartLine>319</StartLine>
        <EndLine>319</EndLine>
        <Explanation>p-&gt;easy is dereferenced here, but it is NULL.
The issue can occur if the highlighted code executes. [event 2] [event 7]</Explanation>
      </Location>
    </BugLocations>
    <BugGroup>Integer Overflow of Allocation Size</BugGroup>
    <BugCode>ALLOC.IOAS</BugCode>
    <BugSeverity>None</BugSeverity>
    <BugMessage> Event 1 at yubico-c-client-ykclient-2.11/ykclient.c:272: Skipping "if".  p evaluates to true.

 Event 2 at yubico-c-client-ykclient-2.11/ykclient.c:278: curl_multi_init() is an Undefined Function.

 Event 3 at yubico-c-client-ykclient-2.11/ykclient.c:279: Skipping "if".  p-&gt;multi evaluates to true.

 Event 4 at yubico-c-client-ykclient-2.11/ykclient.c:285: 8 * ykc-&gt;num_templates is passed to malloc().
   * This multiplication may overflow and it is used as the allocation size later.

 Event 5 at yubico-c-client-ykclient-2.11/ykclient.c:285:    * If the multiplication at  [event 4, ykclient.c:285] overflows, then malloc() may allocate less space than expected; this might result in buffer overruns later.
   * The allocation size is sizeof( CURL * ) * ykc-&gt;num_templates, which evaluates to 8 * ykc-&gt;num_templates.
The issue can occur if the highlighted code executes. [event 4]

</BugMessage>
    <BugTrace>
      <AssessmentReportFile>25.xml</AssessmentReportFile>
    </BugTrace>
  </BugInstance>
  <BugInstance id="26">
    <Methods>
      <Method id="1" primary="true">SHA1FinalBits</Method>
    </Methods>
    <BugLocations>
      <Location id="1" primary="false">
        <SourceFile>yubico-c-client-ykclient-2.11/sha1.c</SourceFile>
        <StartLine>191</StartLine>
        <EndLine>191</EndLine>
        <Explanation>length == 0 always evaluates to false. This may be because</Explanation>
      </Location>
      <Location id="2" primary="false">
        <SourceFile>yubico-c-client-ykclient-2.11/ykclient.c</SourceFile>
        <StartLine>278</StartLine>
        <EndLine>278</EndLine>
        <Explanation>curl_multi_init() is an Undefined Function.</Explanation>
      </Location>
      <Location id="3" primary="false">
        <SourceFile>yubico-c-client-ykclient-2.11/ykclient.c</SourceFile>
        <StartLine>279</StartLine>
        <EndLine>279</EndLine>
        <Explanation>Skipping "if".  p-&gt;multi evaluates to true.</Explanation>
      </Location>
      <Location id="4" primary="false">
        <SourceFile>yubico-c-client-ykclient-2.11/ykclient.c</SourceFile>
        <StartLine>285</StartLine>
        <EndLine>285</EndLine>
        <Explanation>8 * ykc-&gt;num_templates is passed to malloc().
   * This multiplication may overflow and it is used as the allocation size later.</Explanation>
      </Location>
      <Location id="5" primary="false">
        <SourceFile>yubico-c-client-ykclient-2.11/ykclient.c</SourceFile>
        <StartLine>285</StartLine>
        <EndLine>285</EndLine>
        <Explanation>   * If the multiplication at  [event 4, ykclient.c</Explanation>
      </Location>
      <Location id="6" primary="false">
        <SourceFile>yubico-c-client-ykclient-2.11/ykclient.c</SourceFile>
        <StartLine>286</StartLine>
        <EndLine>286</EndLine>
        <Explanation>Leaving loop.  p-&gt;num_easy &lt; ykc-&gt;num_templates evaluates to false.</Explanation>
      </Location>
      <Location id="7" primary="false">
        <SourceFile>yubico-c-client-ykclient-2.11/ykclient.c</SourceFile>
        <StartLine>323</StartLine>
        <EndLine>323</EndLine>
        <Explanation>malloc() returns NULL.
   * Determines the freed value in the Free Null Pointer warning later.</Explanation>
      </Location>
      <Location id="8" primary="false">
        <SourceFile>yubico-c-client-ykclient-2.11/ykclient.c</SourceFile>
        <StartLine>323</StartLine>
        <EndLine>323</EndLine>
        <Explanation>p-&gt;url_exp is set to malloc(...), which evaluates to NULL, where p is malloc(sizeof( *p )) [event 1, ykclient.c</Explanation>
      </Location>
      <Location id="9" primary="false">
        <SourceFile>yubico-c-client-ykclient-2.11/ykclient.c</SourceFile>
        <StartLine>324</StartLine>
        <EndLine>324</EndLine>
        <Explanation>Taking true branch.  p-&gt;url_exp evaluates to false.</Explanation>
      </Location>
      <Location id="10" primary="false">
        <SourceFile>yubico-c-client-ykclient-2.11/ykclient.c</SourceFile>
        <StartLine>326</StartLine>
        <EndLine>326</EndLine>
        <Explanation>&amp;p is passed to ykclient_handle_done().</Explanation>
      </Location>
      <Location id="11" primary="false">
        <SourceFile>yubico-c-client-ykclient-2.11/ykclient.c</SourceFile>
        <StartLine>387</StartLine>
        <EndLine>387</EndLine>
        <Explanation>ykh is set to &amp;pykclient.c</Explanation>
      </Location>
      <Location id="12" primary="false">
        <SourceFile>yubico-c-client-ykclient-2.11/ykclient.c</SourceFile>
        <StartLine>392</StartLine>
        <EndLine>392</EndLine>
        <Explanation>Taking true branch.
   * ykh evaluates to true.
   * *ykh evaluates to true.</Explanation>
      </Location>
      <Location id="13" primary="false">
        <SourceFile>yubico-c-client-ykclient-2.11/ykclient.c</SourceFile>
        <StartLine>396</StartLine>
        <EndLine>396</EndLine>
        <Explanation>Leaving loop.  i &lt; (*ykh)-&gt;num_easy evaluates to false.</Explanation>
      </Location>
      <Location id="14" primary="false">
        <SourceFile>yubico-c-client-ykclient-2.11/ykclient.c</SourceFile>
        <StartLine>406</StartLine>
        <EndLine>406</EndLine>
        <Explanation>Taking true branch.  (*ykh)-&gt;multi evaluates to true.</Explanation>
      </Location>
      <Location id="15" primary="false">
        <SourceFile>yubico-c-client-ykclient-2.11/ykclient.c</SourceFile>
        <StartLine>408</StartLine>
        <EndLine>408</EndLine>
        <Explanation>curl_multi_cleanup() is an Undefined Function.</Explanation>
      </Location>
      <Location id="16" primary="false">
        <SourceFile>yubico-c-client-ykclient-2.11/ykclient.c</SourceFile>
        <StartLine>411</StartLine>
        <EndLine>411</EndLine>
        <Explanation>(*ykh)-&gt;url_exp, which evaluates to NULL, is passed to free(). [event 2] [event 8] [event 11]</Explanation>
      </Location>
      <Location id="17" primary="false">
        <SourceFile>yubico-c-client-ykclient-2.11/ykclient.c</SourceFile>
        <StartLine>411</StartLine>
        <EndLine>411</EndLine>
        <Explanation>(*ykh)-&gt;url_exp is not a valid address.
   * (*ykh)-&gt;url_exp evaluates to NULL.
   * Some older implementations of free() have unsafe behavior on NULL pointers.
The issue can occur if the highlighted code executes. [event 16]</Explanation>
      </Location>
      <Location id="18" primary="false">
        <SourceFile>yubico-c-client-ykclient-2.11/ykclient.c</SourceFile>
        <StartLine>315</StartLine>
        <EndLine>315</EndLine>
        <Explanation>curl_easy_setopt() is an Undefined Function.</Explanation>
      </Location>
      <Location id="19" primary="false">
        <SourceFile>yubico-c-client-ykclient-2.11/ykclient.c</SourceFile>
        <StartLine>316</StartLine>
        <EndLine>316</EndLine>
        <Explanation>Skipping "if".  0 evaluates to false.</Explanation>
      </Location>
      <Location id="20" primary="false">
        <SourceFile>yubico-c-client-ykclient-2.11/ykclient.c</SourceFile>
        <StartLine>316</StartLine>
        <EndLine>316</EndLine>
        <Explanation>curl_easy_setopt() is an Undefined Function.</Explanation>
      </Location>
      <Location id="21" primary="false">
        <SourceFile>yubico-c-client-ykclient-2.11/ykclient.c</SourceFile>
        <StartLine>318</StartLine>
        <EndLine>318</EndLine>
        <Explanation>curl_multi_add_handle() is an Undefined Function.</Explanation>
      </Location>
      <Location id="22" primary="true">
        <SourceFile>yubico-c-client-ykclient-2.11/ykclient.c</SourceFile>
        <StartLine>319</StartLine>
        <EndLine>319</EndLine>
        <Explanation>p-&gt;easy is dereferenced here, but it is NULL.
The issue can occur if the highlighted code executes. [event 2] [event 7]</Explanation>
      </Location>
    </BugLocations>
    <BugGroup>Redundant Condition</BugGroup>
    <BugCode>LANG.STRUCT.RC</BugCode>
    <BugSeverity>None</BugSeverity>
    <BugMessage> Event 1 at yubico-c-client-ykclient-2.11/sha1.c:191: length == 0 always evaluates to false. This may be because:
   * There is a constant assignment to one or more of the variables involved.
   * An earlier conditional statement has already ensured that length == 0 cannot be true.
   * A crashing bug occurs on every path where length == 0 could have evaluated to true.  Look for a preceding Null Pointer Dereference or Division By Zero warning.

</BugMessage>
    <BugTrace>
      <AssessmentReportFile>10.xml</AssessmentReportFile>
    </BugTrace>
  </BugInstance>
  <BugInstance id="27">
    <Methods>
      <Method id="1" primary="true">SHA256FinalBits</Method>
    </Methods>
    <BugLocations>
      <Location id="1" primary="false">
        <SourceFile>yubico-c-client-ykclient-2.11/sha224-256.c</SourceFile>
        <StartLine>294</StartLine>
        <EndLine>294</EndLine>
        <Explanation>length == 0 always evaluates to false. This may be because</Explanation>
      </Location>
      <Location id="2" primary="false">
        <SourceFile>yubico-c-client-ykclient-2.11/ykclient.c</SourceFile>
        <StartLine>278</StartLine>
        <EndLine>278</EndLine>
        <Explanation>curl_multi_init() is an Undefined Function.</Explanation>
      </Location>
      <Location id="3" primary="false">
        <SourceFile>yubico-c-client-ykclient-2.11/ykclient.c</SourceFile>
        <StartLine>279</StartLine>
        <EndLine>279</EndLine>
        <Explanation>Skipping "if".  p-&gt;multi evaluates to true.</Explanation>
      </Location>
      <Location id="4" primary="false">
        <SourceFile>yubico-c-client-ykclient-2.11/ykclient.c</SourceFile>
        <StartLine>285</StartLine>
        <EndLine>285</EndLine>
        <Explanation>8 * ykc-&gt;num_templates is passed to malloc().
   * This multiplication may overflow and it is used as the allocation size later.</Explanation>
      </Location>
      <Location id="5" primary="false">
        <SourceFile>yubico-c-client-ykclient-2.11/ykclient.c</SourceFile>
        <StartLine>285</StartLine>
        <EndLine>285</EndLine>
        <Explanation>   * If the multiplication at  [event 4, ykclient.c</Explanation>
      </Location>
      <Location id="6" primary="false">
        <SourceFile>yubico-c-client-ykclient-2.11/ykclient.c</SourceFile>
        <StartLine>286</StartLine>
        <EndLine>286</EndLine>
        <Explanation>Leaving loop.  p-&gt;num_easy &lt; ykc-&gt;num_templates evaluates to false.</Explanation>
      </Location>
      <Location id="7" primary="false">
        <SourceFile>yubico-c-client-ykclient-2.11/ykclient.c</SourceFile>
        <StartLine>323</StartLine>
        <EndLine>323</EndLine>
        <Explanation>malloc() returns NULL.
   * Determines the freed value in the Free Null Pointer warning later.</Explanation>
      </Location>
      <Location id="8" primary="false">
        <SourceFile>yubico-c-client-ykclient-2.11/ykclient.c</SourceFile>
        <StartLine>323</StartLine>
        <EndLine>323</EndLine>
        <Explanation>p-&gt;url_exp is set to malloc(...), which evaluates to NULL, where p is malloc(sizeof( *p )) [event 1, ykclient.c</Explanation>
      </Location>
      <Location id="9" primary="false">
        <SourceFile>yubico-c-client-ykclient-2.11/ykclient.c</SourceFile>
        <StartLine>324</StartLine>
        <EndLine>324</EndLine>
        <Explanation>Taking true branch.  p-&gt;url_exp evaluates to false.</Explanation>
      </Location>
      <Location id="10" primary="false">
        <SourceFile>yubico-c-client-ykclient-2.11/ykclient.c</SourceFile>
        <StartLine>326</StartLine>
        <EndLine>326</EndLine>
        <Explanation>&amp;p is passed to ykclient_handle_done().</Explanation>
      </Location>
      <Location id="11" primary="false">
        <SourceFile>yubico-c-client-ykclient-2.11/ykclient.c</SourceFile>
        <StartLine>387</StartLine>
        <EndLine>387</EndLine>
        <Explanation>ykh is set to &amp;pykclient.c</Explanation>
      </Location>
      <Location id="12" primary="false">
        <SourceFile>yubico-c-client-ykclient-2.11/ykclient.c</SourceFile>
        <StartLine>392</StartLine>
        <EndLine>392</EndLine>
        <Explanation>Taking true branch.
   * ykh evaluates to true.
   * *ykh evaluates to true.</Explanation>
      </Location>
      <Location id="13" primary="false">
        <SourceFile>yubico-c-client-ykclient-2.11/ykclient.c</SourceFile>
        <StartLine>396</StartLine>
        <EndLine>396</EndLine>
        <Explanation>Leaving loop.  i &lt; (*ykh)-&gt;num_easy evaluates to false.</Explanation>
      </Location>
      <Location id="14" primary="false">
        <SourceFile>yubico-c-client-ykclient-2.11/ykclient.c</SourceFile>
        <StartLine>406</StartLine>
        <EndLine>406</EndLine>
        <Explanation>Taking true branch.  (*ykh)-&gt;multi evaluates to true.</Explanation>
      </Location>
      <Location id="15" primary="false">
        <SourceFile>yubico-c-client-ykclient-2.11/ykclient.c</SourceFile>
        <StartLine>408</StartLine>
        <EndLine>408</EndLine>
        <Explanation>curl_multi_cleanup() is an Undefined Function.</Explanation>
      </Location>
      <Location id="16" primary="false">
        <SourceFile>yubico-c-client-ykclient-2.11/ykclient.c</SourceFile>
        <StartLine>411</StartLine>
        <EndLine>411</EndLine>
        <Explanation>(*ykh)-&gt;url_exp, which evaluates to NULL, is passed to free(). [event 2] [event 8] [event 11]</Explanation>
      </Location>
      <Location id="17" primary="false">
        <SourceFile>yubico-c-client-ykclient-2.11/ykclient.c</SourceFile>
        <StartLine>411</StartLine>
        <EndLine>411</EndLine>
        <Explanation>(*ykh)-&gt;url_exp is not a valid address.
   * (*ykh)-&gt;url_exp evaluates to NULL.
   * Some older implementations of free() have unsafe behavior on NULL pointers.
The issue can occur if the highlighted code executes. [event 16]</Explanation>
      </Location>
      <Location id="18" primary="false">
        <SourceFile>yubico-c-client-ykclient-2.11/ykclient.c</SourceFile>
        <StartLine>315</StartLine>
        <EndLine>315</EndLine>
        <Explanation>curl_easy_setopt() is an Undefined Function.</Explanation>
      </Location>
      <Location id="19" primary="false">
        <SourceFile>yubico-c-client-ykclient-2.11/ykclient.c</SourceFile>
        <StartLine>316</StartLine>
        <EndLine>316</EndLine>
        <Explanation>Skipping "if".  0 evaluates to false.</Explanation>
      </Location>
      <Location id="20" primary="false">
        <SourceFile>yubico-c-client-ykclient-2.11/ykclient.c</SourceFile>
        <StartLine>316</StartLine>
        <EndLine>316</EndLine>
        <Explanation>curl_easy_setopt() is an Undefined Function.</Explanation>
      </Location>
      <Location id="21" primary="false">
        <SourceFile>yubico-c-client-ykclient-2.11/ykclient.c</SourceFile>
        <StartLine>318</StartLine>
        <EndLine>318</EndLine>
        <Explanation>curl_multi_add_handle() is an Undefined Function.</Explanation>
      </Location>
      <Location id="22" primary="true">
        <SourceFile>yubico-c-client-ykclient-2.11/ykclient.c</SourceFile>
        <StartLine>319</StartLine>
        <EndLine>319</EndLine>
        <Explanation>p-&gt;easy is dereferenced here, but it is NULL.
The issue can occur if the highlighted code executes. [event 2] [event 7]</Explanation>
      </Location>
    </BugLocations>
    <BugGroup>Redundant Condition</BugGroup>
    <BugCode>LANG.STRUCT.RC</BugCode>
    <BugSeverity>None</BugSeverity>
    <BugMessage> Event 1 at yubico-c-client-ykclient-2.11/sha224-256.c:294: length == 0 always evaluates to false. This may be because:
   * There is a constant assignment to one or more of the variables involved.
   * An earlier conditional statement has already ensured that length == 0 cannot be true.
   * A crashing bug occurs on every path where length == 0 could have evaluated to true.  Look for a preceding Null Pointer Dereference or Division By Zero warning.

</BugMessage>
    <BugTrace>
      <AssessmentReportFile>8.xml</AssessmentReportFile>
    </BugTrace>
  </BugInstance>
  <BugInstance id="28">
    <Methods>
      <Method id="1" primary="true">ykclient_set_client_hex</Method>
    </Methods>
    <BugLocations>
      <Location id="1" primary="false">
        <SourceFile>yubico-c-client-ykclient-2.11/ykclient.c</SourceFile>
        <StartLine>1362</StartLine>
        <EndLine>1362</EndLine>
        <Explanation>Taking true branch.  ykc_in == (void *)0 evaluates to true.</Explanation>
      </Location>
      <Location id="2" primary="false">
        <SourceFile>yubico-c-client-ykclient-2.11/ykclient.c</SourceFile>
        <StartLine>1364</StartLine>
        <EndLine>1364</EndLine>
        <Explanation>&amp;ykc is passed to ykclient_init().</Explanation>
      </Location>
      <Location id="3" primary="false">
        <SourceFile>yubico-c-client-ykclient-2.11/ykclient.c</SourceFile>
        <StartLine>130</StartLine>
        <EndLine>130</EndLine>
        <Explanation>ykc is set to &amp;ykcykclient.c</Explanation>
      </Location>
      <Location id="4" primary="false">
        <SourceFile>yubico-c-client-ykclient-2.11/ykclient.c</SourceFile>
        <StartLine>134</StartLine>
        <EndLine>134</EndLine>
        <Explanation>malloc() returns the address of a new object.</Explanation>
      </Location>
      <Location id="5" primary="false">
        <SourceFile>yubico-c-client-ykclient-2.11/ykclient.c</SourceFile>
        <StartLine>134</StartLine>
        <EndLine>134</EndLine>
        <Explanation>p is set to malloc(sizeof( *p )). [event 4]</Explanation>
      </Location>
      <Location id="6" primary="false">
        <SourceFile>yubico-c-client-ykclient-2.11/ykclient.c</SourceFile>
        <StartLine>136</StartLine>
        <EndLine>136</EndLine>
        <Explanation>Skipping "if".  p evaluates to true.</Explanation>
      </Location>
      <Location id="7" primary="false">
        <SourceFile>yubico-c-client-ykclient-2.11/ykclient.c</SourceFile>
        <StartLine>147</StartLine>
        <EndLine>147</EndLine>
        <Explanation>p-&gt;key_buf is set to NULL, where p is malloc(sizeof( *p )) [event 4, ykclient.c</Explanation>
      </Location>
      <Location id="8" primary="false">
        <SourceFile>yubico-c-client-ykclient-2.11/ykclient.c</SourceFile>
        <StartLine>160</StartLine>
        <EndLine>160</EndLine>
        <Explanation>*ykc is set to p, which evaluates to malloc(sizeof( *p )) [event 4, ykclient.c</Explanation>
      </Location>
      <Location id="9" primary="false">
        <SourceFile>yubico-c-client-ykclient-2.11/ykclient.c</SourceFile>
        <StartLine>1365</StartLine>
        <EndLine>1365</EndLine>
        <Explanation>Skipping "if".  out != YKCLIENT_OK evaluates to false.</Explanation>
      </Location>
      <Location id="10" primary="false">
        <SourceFile>yubico-c-client-ykclient-2.11/ykclient.c</SourceFile>
        <StartLine>1375</StartLine>
        <EndLine>1375</EndLine>
        <Explanation>ykc, which evaluates to malloc(sizeof( *p )) [event 4, ykclient.c</Explanation>
      </Location>
      <Location id="11" primary="false">
        <SourceFile>yubico-c-client-ykclient-2.11/ykclient.c</SourceFile>
        <StartLine>444</StartLine>
        <EndLine>444</EndLine>
        <Explanation>ykc is set to malloc(sizeof( *p )) [event 4, ykclient.c</Explanation>
      </Location>
      <Location id="12" primary="false">
        <SourceFile>yubico-c-client-ykclient-2.11/ykclient.c</SourceFile>
        <StartLine>452</StartLine>
        <EndLine>452</EndLine>
        <Explanation>Skipping "if".  key == (void *)0 evaluates to false.</Explanation>
      </Location>
      <Location id="13" primary="false">
        <SourceFile>yubico-c-client-ykclient-2.11/ykclient.c</SourceFile>
        <StartLine>459</StartLine>
        <EndLine>459</EndLine>
        <Explanation>Skipping "if".  key_len % 2 != 0 evaluates to false.</Explanation>
      </Location>
      <Location id="14" primary="false">
        <SourceFile>yubico-c-client-ykclient-2.11/ykclient.c</SourceFile>
        <StartLine>466</StartLine>
        <EndLine>466</EndLine>
        <Explanation>ykc-&gt;key_buf, which evaluates to NULL, is passed to free(). [event 7] [event 11]</Explanation>
      </Location>
      <Location id="15" primary="false">
        <SourceFile>yubico-c-client-ykclient-2.11/ykclient.c</SourceFile>
        <StartLine>466</StartLine>
        <EndLine>466</EndLine>
        <Explanation>ykc-&gt;key_buf is not a valid address.
   * ykc-&gt;key_buf evaluates to NULL.
   * Some older implementations of free() have unsafe behavior on NULL pointers.
The issue can occur if the highlighted code executes. [event 14]</Explanation>
      </Location>
      <Location id="16" primary="false">
        <SourceFile>yubico-c-client-ykclient-2.11/ykclient.c</SourceFile>
        <StartLine>411</StartLine>
        <EndLine>411</EndLine>
        <Explanation>(*ykh)-&gt;url_exp, which evaluates to NULL, is passed to free(). [event 2] [event 8] [event 11]</Explanation>
      </Location>
      <Location id="17" primary="false">
        <SourceFile>yubico-c-client-ykclient-2.11/ykclient.c</SourceFile>
        <StartLine>411</StartLine>
        <EndLine>411</EndLine>
        <Explanation>(*ykh)-&gt;url_exp is not a valid address.
   * (*ykh)-&gt;url_exp evaluates to NULL.
   * Some older implementations of free() have unsafe behavior on NULL pointers.
The issue can occur if the highlighted code executes. [event 16]</Explanation>
      </Location>
      <Location id="18" primary="false">
        <SourceFile>yubico-c-client-ykclient-2.11/ykclient.c</SourceFile>
        <StartLine>315</StartLine>
        <EndLine>315</EndLine>
        <Explanation>curl_easy_setopt() is an Undefined Function.</Explanation>
      </Location>
      <Location id="19" primary="false">
        <SourceFile>yubico-c-client-ykclient-2.11/ykclient.c</SourceFile>
        <StartLine>316</StartLine>
        <EndLine>316</EndLine>
        <Explanation>Skipping "if".  0 evaluates to false.</Explanation>
      </Location>
      <Location id="20" primary="false">
        <SourceFile>yubico-c-client-ykclient-2.11/ykclient.c</SourceFile>
        <StartLine>316</StartLine>
        <EndLine>316</EndLine>
        <Explanation>curl_easy_setopt() is an Undefined Function.</Explanation>
      </Location>
      <Location id="21" primary="false">
        <SourceFile>yubico-c-client-ykclient-2.11/ykclient.c</SourceFile>
        <StartLine>318</StartLine>
        <EndLine>318</EndLine>
        <Explanation>curl_multi_add_handle() is an Undefined Function.</Explanation>
      </Location>
      <Location id="22" primary="true">
        <SourceFile>yubico-c-client-ykclient-2.11/ykclient.c</SourceFile>
        <StartLine>319</StartLine>
        <EndLine>319</EndLine>
        <Explanation>p-&gt;easy is dereferenced here, but it is NULL.
The issue can occur if the highlighted code executes. [event 2] [event 7]</Explanation>
      </Location>
    </BugLocations>
    <BugGroup>Free Null Pointer</BugGroup>
    <BugCode>ALLOC.FNP</BugCode>
    <BugSeverity>None</BugSeverity>
    <BugMessage> Event 1 at yubico-c-client-ykclient-2.11/ykclient.c:1362: Taking true branch.  ykc_in == (void *)0 evaluates to true.

 Event 2 at yubico-c-client-ykclient-2.11/ykclient.c:1364: &amp;ykc is passed to ykclient_init().

 Event 3 at yubico-c-client-ykclient-2.11/ykclient.c:130: ykc is set to &amp;ykcykclient.c:1351. [event 2]

 Event 4 at yubico-c-client-ykclient-2.11/ykclient.c:134: malloc() returns the address of a new object.

 Event 5 at yubico-c-client-ykclient-2.11/ykclient.c:134: p is set to malloc(sizeof( *p )). [event 4]

 Event 6 at yubico-c-client-ykclient-2.11/ykclient.c:136: Skipping "if".  p evaluates to true.

 Event 7 at yubico-c-client-ykclient-2.11/ykclient.c:147: p-&gt;key_buf is set to NULL, where p is malloc(sizeof( *p )) [event 4, ykclient.c:134].
   * Determines the freed value in the Free Null Pointer warning later. [event 5]

 Event 8 at yubico-c-client-ykclient-2.11/ykclient.c:160: *ykc is set to p, which evaluates to malloc(sizeof( *p )) [event 4, ykclient.c:134], where ykc is &amp;ykcykclient.c:1351. [event 3] [event 5]

 Event 9 at yubico-c-client-ykclient-2.11/ykclient.c:1365: Skipping "if".  out != YKCLIENT_OK evaluates to false.

 Event 10 at yubico-c-client-ykclient-2.11/ykclient.c:1375: ykc, which evaluates to malloc(sizeof( *p )) [event 4, ykclient.c:134], is passed to ykclient_set_client_hex() as the first argument. [event 8]

 Event 11 at yubico-c-client-ykclient-2.11/ykclient.c:444: ykc is set to malloc(sizeof( *p )) [event 4, ykclient.c:134]. [event 10]

 Event 12 at yubico-c-client-ykclient-2.11/ykclient.c:452: Skipping "if".  key == (void *)0 evaluates to false.

 Event 13 at yubico-c-client-ykclient-2.11/ykclient.c:459: Skipping "if".  key_len % 2 != 0 evaluates to false.

 Event 14 at yubico-c-client-ykclient-2.11/ykclient.c:466: ykc-&gt;key_buf, which evaluates to NULL, is passed to free(). [event 7] [event 11]

 Event 15 at yubico-c-client-ykclient-2.11/ykclient.c:466: ykc-&gt;key_buf is not a valid address.
   * ykc-&gt;key_buf evaluates to NULL.
   * Some older implementations of free() have unsafe behavior on NULL pointers.
The issue can occur if the highlighted code executes. [event 14]

</BugMessage>
    <BugTrace>
      <AssessmentReportFile>31.xml</AssessmentReportFile>
    </BugTrace>
  </BugInstance>
  <BugInstance id="29">
    <Methods>
      <Method id="1" primary="true">ykclient_request_process</Method>
    </Methods>
    <BugLocations>
      <Location id="1" primary="false">
        <SourceFile>yubico-c-client-ykclient-2.11/ykclient.c</SourceFile>
        <StartLine>1288</StartLine>
        <EndLine>1288</EndLine>
        <Explanation>&amp;nonce is passed to ykclient_generate_nonce() as the second argument.</Explanation>
      </Location>
      <Location id="2" primary="false">
        <SourceFile>yubico-c-client-ykclient-2.11/ykclient.c</SourceFile>
        <StartLine>751</StartLine>
        <EndLine>751</EndLine>
        <Explanation>nonce is set to &amp;nonceykclient.c</Explanation>
      </Location>
      <Location id="3" primary="false">
        <SourceFile>yubico-c-client-ykclient-2.11/ykclient.c</SourceFile>
        <StartLine>759</StartLine>
        <EndLine>759</EndLine>
        <Explanation>Taking true branch.  ykc-&gt;nonce_supplied evaluates to true.</Explanation>
      </Location>
      <Location id="4" primary="false">
        <SourceFile>yubico-c-client-ykclient-2.11/ykclient.c</SourceFile>
        <StartLine>761</StartLine>
        <EndLine>761</EndLine>
        <Explanation>Taking true branch.  ykc-&gt;nonce evaluates to true.</Explanation>
      </Location>
      <Location id="5" primary="false">
        <SourceFile>yubico-c-client-ykclient-2.11/ykclient.c</SourceFile>
        <StartLine>763</StartLine>
        <EndLine>763</EndLine>
        <Explanation>strdup() returns NULL.
   * Determines the freed value in the Free Null Pointer warning later.</Explanation>
      </Location>
      <Location id="6" primary="false">
        <SourceFile>yubico-c-client-ykclient-2.11/ykclient.c</SourceFile>
        <StartLine>763</StartLine>
        <EndLine>763</EndLine>
        <Explanation>*nonce is set to strdup(ykc-&gt;nonce), which evaluates to NULL, where nonce is &amp;nonceykclient.c</Explanation>
      </Location>
      <Location id="7" primary="false">
        <SourceFile>yubico-c-client-ykclient-2.11/ykclient.c</SourceFile>
        <StartLine>764</StartLine>
        <EndLine>764</EndLine>
        <Explanation>Taking true branch.  *nonce == (void *)0 evaluates to true.</Explanation>
      </Location>
      <Location id="8" primary="false">
        <SourceFile>yubico-c-client-ykclient-2.11/ykclient.c</SourceFile>
        <StartLine>1289</StartLine>
        <EndLine>1289</EndLine>
        <Explanation>Taking true branch.  out != YKCLIENT_OK evaluates to true.</Explanation>
      </Location>
      <Location id="9" primary="false">
        <SourceFile>yubico-c-client-ykclient-2.11/ykclient.c</SourceFile>
        <StartLine>1305</StartLine>
        <EndLine>1305</EndLine>
        <Explanation>nonce, which evaluates to NULL, is passed to free(). [event 6]</Explanation>
      </Location>
      <Location id="10" primary="false">
        <SourceFile>yubico-c-client-ykclient-2.11/ykclient.c</SourceFile>
        <StartLine>1305</StartLine>
        <EndLine>1305</EndLine>
        <Explanation>nonce is not a valid address.
   * nonce evaluates to NULL.
   * Some older implementations of free() have unsafe behavior on NULL pointers.
The issue can occur if the highlighted code executes. [event 9]</Explanation>
      </Location>
      <Location id="11" primary="false">
        <SourceFile>yubico-c-client-ykclient-2.11/ykclient.c</SourceFile>
        <StartLine>444</StartLine>
        <EndLine>444</EndLine>
        <Explanation>ykc is set to malloc(sizeof( *p )) [event 4, ykclient.c</Explanation>
      </Location>
      <Location id="12" primary="false">
        <SourceFile>yubico-c-client-ykclient-2.11/ykclient.c</SourceFile>
        <StartLine>452</StartLine>
        <EndLine>452</EndLine>
        <Explanation>Skipping "if".  key == (void *)0 evaluates to false.</Explanation>
      </Location>
      <Location id="13" primary="false">
        <SourceFile>yubico-c-client-ykclient-2.11/ykclient.c</SourceFile>
        <StartLine>459</StartLine>
        <EndLine>459</EndLine>
        <Explanation>Skipping "if".  key_len % 2 != 0 evaluates to false.</Explanation>
      </Location>
      <Location id="14" primary="false">
        <SourceFile>yubico-c-client-ykclient-2.11/ykclient.c</SourceFile>
        <StartLine>466</StartLine>
        <EndLine>466</EndLine>
        <Explanation>ykc-&gt;key_buf, which evaluates to NULL, is passed to free(). [event 7] [event 11]</Explanation>
      </Location>
      <Location id="15" primary="false">
        <SourceFile>yubico-c-client-ykclient-2.11/ykclient.c</SourceFile>
        <StartLine>466</StartLine>
        <EndLine>466</EndLine>
        <Explanation>ykc-&gt;key_buf is not a valid address.
   * ykc-&gt;key_buf evaluates to NULL.
   * Some older implementations of free() have unsafe behavior on NULL pointers.
The issue can occur if the highlighted code executes. [event 14]</Explanation>
      </Location>
      <Location id="16" primary="false">
        <SourceFile>yubico-c-client-ykclient-2.11/ykclient.c</SourceFile>
        <StartLine>411</StartLine>
        <EndLine>411</EndLine>
        <Explanation>(*ykh)-&gt;url_exp, which evaluates to NULL, is passed to free(). [event 2] [event 8] [event 11]</Explanation>
      </Location>
      <Location id="17" primary="false">
        <SourceFile>yubico-c-client-ykclient-2.11/ykclient.c</SourceFile>
        <StartLine>411</StartLine>
        <EndLine>411</EndLine>
        <Explanation>(*ykh)-&gt;url_exp is not a valid address.
   * (*ykh)-&gt;url_exp evaluates to NULL.
   * Some older implementations of free() have unsafe behavior on NULL pointers.
The issue can occur if the highlighted code executes. [event 16]</Explanation>
      </Location>
      <Location id="18" primary="false">
        <SourceFile>yubico-c-client-ykclient-2.11/ykclient.c</SourceFile>
        <StartLine>315</StartLine>
        <EndLine>315</EndLine>
        <Explanation>curl_easy_setopt() is an Undefined Function.</Explanation>
      </Location>
      <Location id="19" primary="false">
        <SourceFile>yubico-c-client-ykclient-2.11/ykclient.c</SourceFile>
        <StartLine>316</StartLine>
        <EndLine>316</EndLine>
        <Explanation>Skipping "if".  0 evaluates to false.</Explanation>
      </Location>
      <Location id="20" primary="false">
        <SourceFile>yubico-c-client-ykclient-2.11/ykclient.c</SourceFile>
        <StartLine>316</StartLine>
        <EndLine>316</EndLine>
        <Explanation>curl_easy_setopt() is an Undefined Function.</Explanation>
      </Location>
      <Location id="21" primary="false">
        <SourceFile>yubico-c-client-ykclient-2.11/ykclient.c</SourceFile>
        <StartLine>318</StartLine>
        <EndLine>318</EndLine>
        <Explanation>curl_multi_add_handle() is an Undefined Function.</Explanation>
      </Location>
      <Location id="22" primary="true">
        <SourceFile>yubico-c-client-ykclient-2.11/ykclient.c</SourceFile>
        <StartLine>319</StartLine>
        <EndLine>319</EndLine>
        <Explanation>p-&gt;easy is dereferenced here, but it is NULL.
The issue can occur if the highlighted code executes. [event 2] [event 7]</Explanation>
      </Location>
    </BugLocations>
    <BugGroup>Free Null Pointer</BugGroup>
    <BugCode>ALLOC.FNP</BugCode>
    <BugSeverity>None</BugSeverity>
    <BugMessage> Event 1 at yubico-c-client-ykclient-2.11/ykclient.c:1288: &amp;nonce is passed to ykclient_generate_nonce() as the second argument.

 Event 2 at yubico-c-client-ykclient-2.11/ykclient.c:751: nonce is set to &amp;nonceykclient.c:1281. [event 1]

 Event 3 at yubico-c-client-ykclient-2.11/ykclient.c:759: Taking true branch.  ykc-&gt;nonce_supplied evaluates to true.

 Event 4 at yubico-c-client-ykclient-2.11/ykclient.c:761: Taking true branch.  ykc-&gt;nonce evaluates to true.

 Event 5 at yubico-c-client-ykclient-2.11/ykclient.c:763: strdup() returns NULL.
   * Determines the freed value in the Free Null Pointer warning later.

 Event 6 at yubico-c-client-ykclient-2.11/ykclient.c:763: *nonce is set to strdup(ykc-&gt;nonce), which evaluates to NULL, where nonce is &amp;nonceykclient.c:1281. [event 2] [event 5]

 Event 7 at yubico-c-client-ykclient-2.11/ykclient.c:764: Taking true branch.  *nonce == (void *)0 evaluates to true.

 Event 8 at yubico-c-client-ykclient-2.11/ykclient.c:1289: Taking true branch.  out != YKCLIENT_OK evaluates to true.

 Event 9 at yubico-c-client-ykclient-2.11/ykclient.c:1305: nonce, which evaluates to NULL, is passed to free(). [event 6]

 Event 10 at yubico-c-client-ykclient-2.11/ykclient.c:1305: nonce is not a valid address.
   * nonce evaluates to NULL.
   * Some older implementations of free() have unsafe behavior on NULL pointers.
The issue can occur if the highlighted code executes. [event 9]

</BugMessage>
    <BugTrace>
      <AssessmentReportFile>29.xml</AssessmentReportFile>
    </BugTrace>
  </BugInstance>
  <BugInstance id="30">
    <Methods>
      <Method id="1" primary="true">ykclient_init</Method>
    </Methods>
    <BugLocations>
      <Location id="1" primary="false">
        <SourceFile>yubico-c-client-ykclient-2.11/ykclient.c</SourceFile>
        <StartLine>151</StartLine>
        <EndLine>151</EndLine>
        <Explanation>This code assigns the variable the same value it already had.</Explanation>
      </Location>
      <Location id="2" primary="false">
        <SourceFile>yubico-c-client-ykclient-2.11/ykclient.c</SourceFile>
        <StartLine>751</StartLine>
        <EndLine>751</EndLine>
        <Explanation>nonce is set to &amp;nonceykclient.c</Explanation>
      </Location>
      <Location id="3" primary="false">
        <SourceFile>yubico-c-client-ykclient-2.11/ykclient.c</SourceFile>
        <StartLine>759</StartLine>
        <EndLine>759</EndLine>
        <Explanation>Taking true branch.  ykc-&gt;nonce_supplied evaluates to true.</Explanation>
      </Location>
      <Location id="4" primary="false">
        <SourceFile>yubico-c-client-ykclient-2.11/ykclient.c</SourceFile>
        <StartLine>761</StartLine>
        <EndLine>761</EndLine>
        <Explanation>Taking true branch.  ykc-&gt;nonce evaluates to true.</Explanation>
      </Location>
      <Location id="5" primary="false">
        <SourceFile>yubico-c-client-ykclient-2.11/ykclient.c</SourceFile>
        <StartLine>763</StartLine>
        <EndLine>763</EndLine>
        <Explanation>strdup() returns NULL.
   * Determines the freed value in the Free Null Pointer warning later.</Explanation>
      </Location>
      <Location id="6" primary="false">
        <SourceFile>yubico-c-client-ykclient-2.11/ykclient.c</SourceFile>
        <StartLine>763</StartLine>
        <EndLine>763</EndLine>
        <Explanation>*nonce is set to strdup(ykc-&gt;nonce), which evaluates to NULL, where nonce is &amp;nonceykclient.c</Explanation>
      </Location>
      <Location id="7" primary="false">
        <SourceFile>yubico-c-client-ykclient-2.11/ykclient.c</SourceFile>
        <StartLine>764</StartLine>
        <EndLine>764</EndLine>
        <Explanation>Taking true branch.  *nonce == (void *)0 evaluates to true.</Explanation>
      </Location>
      <Location id="8" primary="false">
        <SourceFile>yubico-c-client-ykclient-2.11/ykclient.c</SourceFile>
        <StartLine>1289</StartLine>
        <EndLine>1289</EndLine>
        <Explanation>Taking true branch.  out != YKCLIENT_OK evaluates to true.</Explanation>
      </Location>
      <Location id="9" primary="false">
        <SourceFile>yubico-c-client-ykclient-2.11/ykclient.c</SourceFile>
        <StartLine>1305</StartLine>
        <EndLine>1305</EndLine>
        <Explanation>nonce, which evaluates to NULL, is passed to free(). [event 6]</Explanation>
      </Location>
      <Location id="10" primary="false">
        <SourceFile>yubico-c-client-ykclient-2.11/ykclient.c</SourceFile>
        <StartLine>1305</StartLine>
        <EndLine>1305</EndLine>
        <Explanation>nonce is not a valid address.
   * nonce evaluates to NULL.
   * Some older implementations of free() have unsafe behavior on NULL pointers.
The issue can occur if the highlighted code executes. [event 9]</Explanation>
      </Location>
      <Location id="11" primary="false">
        <SourceFile>yubico-c-client-ykclient-2.11/ykclient.c</SourceFile>
        <StartLine>444</StartLine>
        <EndLine>444</EndLine>
        <Explanation>ykc is set to malloc(sizeof( *p )) [event 4, ykclient.c</Explanation>
      </Location>
      <Location id="12" primary="false">
        <SourceFile>yubico-c-client-ykclient-2.11/ykclient.c</SourceFile>
        <StartLine>452</StartLine>
        <EndLine>452</EndLine>
        <Explanation>Skipping "if".  key == (void *)0 evaluates to false.</Explanation>
      </Location>
      <Location id="13" primary="false">
        <SourceFile>yubico-c-client-ykclient-2.11/ykclient.c</SourceFile>
        <StartLine>459</StartLine>
        <EndLine>459</EndLine>
        <Explanation>Skipping "if".  key_len % 2 != 0 evaluates to false.</Explanation>
      </Location>
      <Location id="14" primary="false">
        <SourceFile>yubico-c-client-ykclient-2.11/ykclient.c</SourceFile>
        <StartLine>466</StartLine>
        <EndLine>466</EndLine>
        <Explanation>ykc-&gt;key_buf, which evaluates to NULL, is passed to free(). [event 7] [event 11]</Explanation>
      </Location>
      <Location id="15" primary="false">
        <SourceFile>yubico-c-client-ykclient-2.11/ykclient.c</SourceFile>
        <StartLine>466</StartLine>
        <EndLine>466</EndLine>
        <Explanation>ykc-&gt;key_buf is not a valid address.
   * ykc-&gt;key_buf evaluates to NULL.
   * Some older implementations of free() have unsafe behavior on NULL pointers.
The issue can occur if the highlighted code executes. [event 14]</Explanation>
      </Location>
      <Location id="16" primary="false">
        <SourceFile>yubico-c-client-ykclient-2.11/ykclient.c</SourceFile>
        <StartLine>411</StartLine>
        <EndLine>411</EndLine>
        <Explanation>(*ykh)-&gt;url_exp, which evaluates to NULL, is passed to free(). [event 2] [event 8] [event 11]</Explanation>
      </Location>
      <Location id="17" primary="false">
        <SourceFile>yubico-c-client-ykclient-2.11/ykclient.c</SourceFile>
        <StartLine>411</StartLine>
        <EndLine>411</EndLine>
        <Explanation>(*ykh)-&gt;url_exp is not a valid address.
   * (*ykh)-&gt;url_exp evaluates to NULL.
   * Some older implementations of free() have unsafe behavior on NULL pointers.
The issue can occur if the highlighted code executes. [event 16]</Explanation>
      </Location>
      <Location id="18" primary="false">
        <SourceFile>yubico-c-client-ykclient-2.11/ykclient.c</SourceFile>
        <StartLine>315</StartLine>
        <EndLine>315</EndLine>
        <Explanation>curl_easy_setopt() is an Undefined Function.</Explanation>
      </Location>
      <Location id="19" primary="false">
        <SourceFile>yubico-c-client-ykclient-2.11/ykclient.c</SourceFile>
        <StartLine>316</StartLine>
        <EndLine>316</EndLine>
        <Explanation>Skipping "if".  0 evaluates to false.</Explanation>
      </Location>
      <Location id="20" primary="false">
        <SourceFile>yubico-c-client-ykclient-2.11/ykclient.c</SourceFile>
        <StartLine>316</StartLine>
        <EndLine>316</EndLine>
        <Explanation>curl_easy_setopt() is an Undefined Function.</Explanation>
      </Location>
      <Location id="21" primary="false">
        <SourceFile>yubico-c-client-ykclient-2.11/ykclient.c</SourceFile>
        <StartLine>318</StartLine>
        <EndLine>318</EndLine>
        <Explanation>curl_multi_add_handle() is an Undefined Function.</Explanation>
      </Location>
      <Location id="22" primary="true">
        <SourceFile>yubico-c-client-ykclient-2.11/ykclient.c</SourceFile>
        <StartLine>319</StartLine>
        <EndLine>319</EndLine>
        <Explanation>p-&gt;easy is dereferenced here, but it is NULL.
The issue can occur if the highlighted code executes. [event 2] [event 7]</Explanation>
      </Location>
    </BugLocations>
    <BugGroup>Useless Assignment</BugGroup>
    <BugCode>LANG.STRUCT.UA</BugCode>
    <BugSeverity>None</BugSeverity>
    <BugMessage> Event 1 at yubico-c-client-ykclient-2.11/ykclient.c:151: This code assigns the variable the same value it already had.

</BugMessage>
    <BugTrace>
      <AssessmentReportFile>17.xml</AssessmentReportFile>
    </BugTrace>
  </BugInstance>
  <BugInstance id="31">
    <Methods>
      <Method id="1" primary="true">SHA512FinalBits</Method>
    </Methods>
    <BugLocations>
      <Location id="1" primary="false">
        <SourceFile>yubico-c-client-ykclient-2.11/sha384-512.c</SourceFile>
        <StartLine>532</StartLine>
        <EndLine>532</EndLine>
        <Explanation>length == 0 always evaluates to false. This may be because</Explanation>
      </Location>
      <Location id="2" primary="false">
        <SourceFile>yubico-c-client-ykclient-2.11/ykclient.c</SourceFile>
        <StartLine>751</StartLine>
        <EndLine>751</EndLine>
        <Explanation>nonce is set to &amp;nonceykclient.c</Explanation>
      </Location>
      <Location id="3" primary="false">
        <SourceFile>yubico-c-client-ykclient-2.11/ykclient.c</SourceFile>
        <StartLine>759</StartLine>
        <EndLine>759</EndLine>
        <Explanation>Taking true branch.  ykc-&gt;nonce_supplied evaluates to true.</Explanation>
      </Location>
      <Location id="4" primary="false">
        <SourceFile>yubico-c-client-ykclient-2.11/ykclient.c</SourceFile>
        <StartLine>761</StartLine>
        <EndLine>761</EndLine>
        <Explanation>Taking true branch.  ykc-&gt;nonce evaluates to true.</Explanation>
      </Location>
      <Location id="5" primary="false">
        <SourceFile>yubico-c-client-ykclient-2.11/ykclient.c</SourceFile>
        <StartLine>763</StartLine>
        <EndLine>763</EndLine>
        <Explanation>strdup() returns NULL.
   * Determines the freed value in the Free Null Pointer warning later.</Explanation>
      </Location>
      <Location id="6" primary="false">
        <SourceFile>yubico-c-client-ykclient-2.11/ykclient.c</SourceFile>
        <StartLine>763</StartLine>
        <EndLine>763</EndLine>
        <Explanation>*nonce is set to strdup(ykc-&gt;nonce), which evaluates to NULL, where nonce is &amp;nonceykclient.c</Explanation>
      </Location>
      <Location id="7" primary="false">
        <SourceFile>yubico-c-client-ykclient-2.11/ykclient.c</SourceFile>
        <StartLine>764</StartLine>
        <EndLine>764</EndLine>
        <Explanation>Taking true branch.  *nonce == (void *)0 evaluates to true.</Explanation>
      </Location>
      <Location id="8" primary="false">
        <SourceFile>yubico-c-client-ykclient-2.11/ykclient.c</SourceFile>
        <StartLine>1289</StartLine>
        <EndLine>1289</EndLine>
        <Explanation>Taking true branch.  out != YKCLIENT_OK evaluates to true.</Explanation>
      </Location>
      <Location id="9" primary="false">
        <SourceFile>yubico-c-client-ykclient-2.11/ykclient.c</SourceFile>
        <StartLine>1305</StartLine>
        <EndLine>1305</EndLine>
        <Explanation>nonce, which evaluates to NULL, is passed to free(). [event 6]</Explanation>
      </Location>
      <Location id="10" primary="false">
        <SourceFile>yubico-c-client-ykclient-2.11/ykclient.c</SourceFile>
        <StartLine>1305</StartLine>
        <EndLine>1305</EndLine>
        <Explanation>nonce is not a valid address.
   * nonce evaluates to NULL.
   * Some older implementations of free() have unsafe behavior on NULL pointers.
The issue can occur if the highlighted code executes. [event 9]</Explanation>
      </Location>
      <Location id="11" primary="false">
        <SourceFile>yubico-c-client-ykclient-2.11/ykclient.c</SourceFile>
        <StartLine>444</StartLine>
        <EndLine>444</EndLine>
        <Explanation>ykc is set to malloc(sizeof( *p )) [event 4, ykclient.c</Explanation>
      </Location>
      <Location id="12" primary="false">
        <SourceFile>yubico-c-client-ykclient-2.11/ykclient.c</SourceFile>
        <StartLine>452</StartLine>
        <EndLine>452</EndLine>
        <Explanation>Skipping "if".  key == (void *)0 evaluates to false.</Explanation>
      </Location>
      <Location id="13" primary="false">
        <SourceFile>yubico-c-client-ykclient-2.11/ykclient.c</SourceFile>
        <StartLine>459</StartLine>
        <EndLine>459</EndLine>
        <Explanation>Skipping "if".  key_len % 2 != 0 evaluates to false.</Explanation>
      </Location>
      <Location id="14" primary="false">
        <SourceFile>yubico-c-client-ykclient-2.11/ykclient.c</SourceFile>
        <StartLine>466</StartLine>
        <EndLine>466</EndLine>
        <Explanation>ykc-&gt;key_buf, which evaluates to NULL, is passed to free(). [event 7] [event 11]</Explanation>
      </Location>
      <Location id="15" primary="false">
        <SourceFile>yubico-c-client-ykclient-2.11/ykclient.c</SourceFile>
        <StartLine>466</StartLine>
        <EndLine>466</EndLine>
        <Explanation>ykc-&gt;key_buf is not a valid address.
   * ykc-&gt;key_buf evaluates to NULL.
   * Some older implementations of free() have unsafe behavior on NULL pointers.
The issue can occur if the highlighted code executes. [event 14]</Explanation>
      </Location>
      <Location id="16" primary="false">
        <SourceFile>yubico-c-client-ykclient-2.11/ykclient.c</SourceFile>
        <StartLine>411</StartLine>
        <EndLine>411</EndLine>
        <Explanation>(*ykh)-&gt;url_exp, which evaluates to NULL, is passed to free(). [event 2] [event 8] [event 11]</Explanation>
      </Location>
      <Location id="17" primary="false">
        <SourceFile>yubico-c-client-ykclient-2.11/ykclient.c</SourceFile>
        <StartLine>411</StartLine>
        <EndLine>411</EndLine>
        <Explanation>(*ykh)-&gt;url_exp is not a valid address.
   * (*ykh)-&gt;url_exp evaluates to NULL.
   * Some older implementations of free() have unsafe behavior on NULL pointers.
The issue can occur if the highlighted code executes. [event 16]</Explanation>
      </Location>
      <Location id="18" primary="false">
        <SourceFile>yubico-c-client-ykclient-2.11/ykclient.c</SourceFile>
        <StartLine>315</StartLine>
        <EndLine>315</EndLine>
        <Explanation>curl_easy_setopt() is an Undefined Function.</Explanation>
      </Location>
      <Location id="19" primary="false">
        <SourceFile>yubico-c-client-ykclient-2.11/ykclient.c</SourceFile>
        <StartLine>316</StartLine>
        <EndLine>316</EndLine>
        <Explanation>Skipping "if".  0 evaluates to false.</Explanation>
      </Location>
      <Location id="20" primary="false">
        <SourceFile>yubico-c-client-ykclient-2.11/ykclient.c</SourceFile>
        <StartLine>316</StartLine>
        <EndLine>316</EndLine>
        <Explanation>curl_easy_setopt() is an Undefined Function.</Explanation>
      </Location>
      <Location id="21" primary="false">
        <SourceFile>yubico-c-client-ykclient-2.11/ykclient.c</SourceFile>
        <StartLine>318</StartLine>
        <EndLine>318</EndLine>
        <Explanation>curl_multi_add_handle() is an Undefined Function.</Explanation>
      </Location>
      <Location id="22" primary="true">
        <SourceFile>yubico-c-client-ykclient-2.11/ykclient.c</SourceFile>
        <StartLine>319</StartLine>
        <EndLine>319</EndLine>
        <Explanation>p-&gt;easy is dereferenced here, but it is NULL.
The issue can occur if the highlighted code executes. [event 2] [event 7]</Explanation>
      </Location>
    </BugLocations>
    <BugGroup>Redundant Condition</BugGroup>
    <BugCode>LANG.STRUCT.RC</BugCode>
    <BugSeverity>None</BugSeverity>
    <BugMessage> Event 1 at yubico-c-client-ykclient-2.11/sha384-512.c:532: length == 0 always evaluates to false. This may be because:
   * There is a constant assignment to one or more of the variables involved.
   * An earlier conditional statement has already ensured that length == 0 cannot be true.
   * A crashing bug occurs on every path where length == 0 could have evaluated to true.  Look for a preceding Null Pointer Dereference or Division By Zero warning.

</BugMessage>
    <BugTrace>
      <AssessmentReportFile>9.xml</AssessmentReportFile>
    </BugTrace>
  </BugInstance>
  <BugInstance id="32">
    <Methods>
      <Method id="1" primary="true">ykclient_init</Method>
    </Methods>
    <BugLocations>
      <Location id="1" primary="false">
        <SourceFile>yubico-c-client-ykclient-2.11/ykclient.c</SourceFile>
        <StartLine>158</StartLine>
        <EndLine>158</EndLine>
        <Explanation>This code assigns the variable the same value it already had.</Explanation>
      </Location>
      <Location id="2" primary="false">
        <SourceFile>yubico-c-client-ykclient-2.11/ykclient.c</SourceFile>
        <StartLine>751</StartLine>
        <EndLine>751</EndLine>
        <Explanation>nonce is set to &amp;nonceykclient.c</Explanation>
      </Location>
      <Location id="3" primary="false">
        <SourceFile>yubico-c-client-ykclient-2.11/ykclient.c</SourceFile>
        <StartLine>759</StartLine>
        <EndLine>759</EndLine>
        <Explanation>Taking true branch.  ykc-&gt;nonce_supplied evaluates to true.</Explanation>
      </Location>
      <Location id="4" primary="false">
        <SourceFile>yubico-c-client-ykclient-2.11/ykclient.c</SourceFile>
        <StartLine>761</StartLine>
        <EndLine>761</EndLine>
        <Explanation>Taking true branch.  ykc-&gt;nonce evaluates to true.</Explanation>
      </Location>
      <Location id="5" primary="false">
        <SourceFile>yubico-c-client-ykclient-2.11/ykclient.c</SourceFile>
        <StartLine>763</StartLine>
        <EndLine>763</EndLine>
        <Explanation>strdup() returns NULL.
   * Determines the freed value in the Free Null Pointer warning later.</Explanation>
      </Location>
      <Location id="6" primary="false">
        <SourceFile>yubico-c-client-ykclient-2.11/ykclient.c</SourceFile>
        <StartLine>763</StartLine>
        <EndLine>763</EndLine>
        <Explanation>*nonce is set to strdup(ykc-&gt;nonce), which evaluates to NULL, where nonce is &amp;nonceykclient.c</Explanation>
      </Location>
      <Location id="7" primary="false">
        <SourceFile>yubico-c-client-ykclient-2.11/ykclient.c</SourceFile>
        <StartLine>764</StartLine>
        <EndLine>764</EndLine>
        <Explanation>Taking true branch.  *nonce == (void *)0 evaluates to true.</Explanation>
      </Location>
      <Location id="8" primary="false">
        <SourceFile>yubico-c-client-ykclient-2.11/ykclient.c</SourceFile>
        <StartLine>1289</StartLine>
        <EndLine>1289</EndLine>
        <Explanation>Taking true branch.  out != YKCLIENT_OK evaluates to true.</Explanation>
      </Location>
      <Location id="9" primary="false">
        <SourceFile>yubico-c-client-ykclient-2.11/ykclient.c</SourceFile>
        <StartLine>1305</StartLine>
        <EndLine>1305</EndLine>
        <Explanation>nonce, which evaluates to NULL, is passed to free(). [event 6]</Explanation>
      </Location>
      <Location id="10" primary="false">
        <SourceFile>yubico-c-client-ykclient-2.11/ykclient.c</SourceFile>
        <StartLine>1305</StartLine>
        <EndLine>1305</EndLine>
        <Explanation>nonce is not a valid address.
   * nonce evaluates to NULL.
   * Some older implementations of free() have unsafe behavior on NULL pointers.
The issue can occur if the highlighted code executes. [event 9]</Explanation>
      </Location>
      <Location id="11" primary="false">
        <SourceFile>yubico-c-client-ykclient-2.11/ykclient.c</SourceFile>
        <StartLine>444</StartLine>
        <EndLine>444</EndLine>
        <Explanation>ykc is set to malloc(sizeof( *p )) [event 4, ykclient.c</Explanation>
      </Location>
      <Location id="12" primary="false">
        <SourceFile>yubico-c-client-ykclient-2.11/ykclient.c</SourceFile>
        <StartLine>452</StartLine>
        <EndLine>452</EndLine>
        <Explanation>Skipping "if".  key == (void *)0 evaluates to false.</Explanation>
      </Location>
      <Location id="13" primary="false">
        <SourceFile>yubico-c-client-ykclient-2.11/ykclient.c</SourceFile>
        <StartLine>459</StartLine>
        <EndLine>459</EndLine>
        <Explanation>Skipping "if".  key_len % 2 != 0 evaluates to false.</Explanation>
      </Location>
      <Location id="14" primary="false">
        <SourceFile>yubico-c-client-ykclient-2.11/ykclient.c</SourceFile>
        <StartLine>466</StartLine>
        <EndLine>466</EndLine>
        <Explanation>ykc-&gt;key_buf, which evaluates to NULL, is passed to free(). [event 7] [event 11]</Explanation>
      </Location>
      <Location id="15" primary="false">
        <SourceFile>yubico-c-client-ykclient-2.11/ykclient.c</SourceFile>
        <StartLine>466</StartLine>
        <EndLine>466</EndLine>
        <Explanation>ykc-&gt;key_buf is not a valid address.
   * ykc-&gt;key_buf evaluates to NULL.
   * Some older implementations of free() have unsafe behavior on NULL pointers.
The issue can occur if the highlighted code executes. [event 14]</Explanation>
      </Location>
      <Location id="16" primary="false">
        <SourceFile>yubico-c-client-ykclient-2.11/ykclient.c</SourceFile>
        <StartLine>411</StartLine>
        <EndLine>411</EndLine>
        <Explanation>(*ykh)-&gt;url_exp, which evaluates to NULL, is passed to free(). [event 2] [event 8] [event 11]</Explanation>
      </Location>
      <Location id="17" primary="false">
        <SourceFile>yubico-c-client-ykclient-2.11/ykclient.c</SourceFile>
        <StartLine>411</StartLine>
        <EndLine>411</EndLine>
        <Explanation>(*ykh)-&gt;url_exp is not a valid address.
   * (*ykh)-&gt;url_exp evaluates to NULL.
   * Some older implementations of free() have unsafe behavior on NULL pointers.
The issue can occur if the highlighted code executes. [event 16]</Explanation>
      </Location>
      <Location id="18" primary="false">
        <SourceFile>yubico-c-client-ykclient-2.11/ykclient.c</SourceFile>
        <StartLine>315</StartLine>
        <EndLine>315</EndLine>
        <Explanation>curl_easy_setopt() is an Undefined Function.</Explanation>
      </Location>
      <Location id="19" primary="false">
        <SourceFile>yubico-c-client-ykclient-2.11/ykclient.c</SourceFile>
        <StartLine>316</StartLine>
        <EndLine>316</EndLine>
        <Explanation>Skipping "if".  0 evaluates to false.</Explanation>
      </Location>
      <Location id="20" primary="false">
        <SourceFile>yubico-c-client-ykclient-2.11/ykclient.c</SourceFile>
        <StartLine>316</StartLine>
        <EndLine>316</EndLine>
        <Explanation>curl_easy_setopt() is an Undefined Function.</Explanation>
      </Location>
      <Location id="21" primary="false">
        <SourceFile>yubico-c-client-ykclient-2.11/ykclient.c</SourceFile>
        <StartLine>318</StartLine>
        <EndLine>318</EndLine>
        <Explanation>curl_multi_add_handle() is an Undefined Function.</Explanation>
      </Location>
      <Location id="22" primary="true">
        <SourceFile>yubico-c-client-ykclient-2.11/ykclient.c</SourceFile>
        <StartLine>319</StartLine>
        <EndLine>319</EndLine>
        <Explanation>p-&gt;easy is dereferenced here, but it is NULL.
The issue can occur if the highlighted code executes. [event 2] [event 7]</Explanation>
      </Location>
    </BugLocations>
    <BugGroup>Useless Assignment</BugGroup>
    <BugCode>LANG.STRUCT.UA</BugCode>
    <BugSeverity>None</BugSeverity>
    <BugMessage> Event 1 at yubico-c-client-ykclient-2.11/ykclient.c:158: This code assigns the variable the same value it already had.

</BugMessage>
    <BugTrace>
      <AssessmentReportFile>23.xml</AssessmentReportFile>
    </BugTrace>
  </BugInstance>
  <BugInstance id="33">
    <Methods>
      <Method id="1" primary="true">ykclient_init</Method>
    </Methods>
    <BugLocations>
      <Location id="1" primary="false">
        <SourceFile>yubico-c-client-ykclient-2.11/ykclient.c</SourceFile>
        <StartLine>145</StartLine>
        <EndLine>145</EndLine>
        <Explanation>This code assigns the variable the same value it already had.</Explanation>
      </Location>
      <Location id="2" primary="false">
        <SourceFile>yubico-c-client-ykclient-2.11/ykclient.c</SourceFile>
        <StartLine>751</StartLine>
        <EndLine>751</EndLine>
        <Explanation>nonce is set to &amp;nonceykclient.c</Explanation>
      </Location>
      <Location id="3" primary="false">
        <SourceFile>yubico-c-client-ykclient-2.11/ykclient.c</SourceFile>
        <StartLine>759</StartLine>
        <EndLine>759</EndLine>
        <Explanation>Taking true branch.  ykc-&gt;nonce_supplied evaluates to true.</Explanation>
      </Location>
      <Location id="4" primary="false">
        <SourceFile>yubico-c-client-ykclient-2.11/ykclient.c</SourceFile>
        <StartLine>761</StartLine>
        <EndLine>761</EndLine>
        <Explanation>Taking true branch.  ykc-&gt;nonce evaluates to true.</Explanation>
      </Location>
      <Location id="5" primary="false">
        <SourceFile>yubico-c-client-ykclient-2.11/ykclient.c</SourceFile>
        <StartLine>763</StartLine>
        <EndLine>763</EndLine>
        <Explanation>strdup() returns NULL.
   * Determines the freed value in the Free Null Pointer warning later.</Explanation>
      </Location>
      <Location id="6" primary="false">
        <SourceFile>yubico-c-client-ykclient-2.11/ykclient.c</SourceFile>
        <StartLine>763</StartLine>
        <EndLine>763</EndLine>
        <Explanation>*nonce is set to strdup(ykc-&gt;nonce), which evaluates to NULL, where nonce is &amp;nonceykclient.c</Explanation>
      </Location>
      <Location id="7" primary="false">
        <SourceFile>yubico-c-client-ykclient-2.11/ykclient.c</SourceFile>
        <StartLine>764</StartLine>
        <EndLine>764</EndLine>
        <Explanation>Taking true branch.  *nonce == (void *)0 evaluates to true.</Explanation>
      </Location>
      <Location id="8" primary="false">
        <SourceFile>yubico-c-client-ykclient-2.11/ykclient.c</SourceFile>
        <StartLine>1289</StartLine>
        <EndLine>1289</EndLine>
        <Explanation>Taking true branch.  out != YKCLIENT_OK evaluates to true.</Explanation>
      </Location>
      <Location id="9" primary="false">
        <SourceFile>yubico-c-client-ykclient-2.11/ykclient.c</SourceFile>
        <StartLine>1305</StartLine>
        <EndLine>1305</EndLine>
        <Explanation>nonce, which evaluates to NULL, is passed to free(). [event 6]</Explanation>
      </Location>
      <Location id="10" primary="false">
        <SourceFile>yubico-c-client-ykclient-2.11/ykclient.c</SourceFile>
        <StartLine>1305</StartLine>
        <EndLine>1305</EndLine>
        <Explanation>nonce is not a valid address.
   * nonce evaluates to NULL.
   * Some older implementations of free() have unsafe behavior on NULL pointers.
The issue can occur if the highlighted code executes. [event 9]</Explanation>
      </Location>
      <Location id="11" primary="false">
        <SourceFile>yubico-c-client-ykclient-2.11/ykclient.c</SourceFile>
        <StartLine>444</StartLine>
        <EndLine>444</EndLine>
        <Explanation>ykc is set to malloc(sizeof( *p )) [event 4, ykclient.c</Explanation>
      </Location>
      <Location id="12" primary="false">
        <SourceFile>yubico-c-client-ykclient-2.11/ykclient.c</SourceFile>
        <StartLine>452</StartLine>
        <EndLine>452</EndLine>
        <Explanation>Skipping "if".  key == (void *)0 evaluates to false.</Explanation>
      </Location>
      <Location id="13" primary="false">
        <SourceFile>yubico-c-client-ykclient-2.11/ykclient.c</SourceFile>
        <StartLine>459</StartLine>
        <EndLine>459</EndLine>
        <Explanation>Skipping "if".  key_len % 2 != 0 evaluates to false.</Explanation>
      </Location>
      <Location id="14" primary="false">
        <SourceFile>yubico-c-client-ykclient-2.11/ykclient.c</SourceFile>
        <StartLine>466</StartLine>
        <EndLine>466</EndLine>
        <Explanation>ykc-&gt;key_buf, which evaluates to NULL, is passed to free(). [event 7] [event 11]</Explanation>
      </Location>
      <Location id="15" primary="false">
        <SourceFile>yubico-c-client-ykclient-2.11/ykclient.c</SourceFile>
        <StartLine>466</StartLine>
        <EndLine>466</EndLine>
        <Explanation>ykc-&gt;key_buf is not a valid address.
   * ykc-&gt;key_buf evaluates to NULL.
   * Some older implementations of free() have unsafe behavior on NULL pointers.
The issue can occur if the highlighted code executes. [event 14]</Explanation>
      </Location>
      <Location id="16" primary="false">
        <SourceFile>yubico-c-client-ykclient-2.11/ykclient.c</SourceFile>
        <StartLine>411</StartLine>
        <EndLine>411</EndLine>
        <Explanation>(*ykh)-&gt;url_exp, which evaluates to NULL, is passed to free(). [event 2] [event 8] [event 11]</Explanation>
      </Location>
      <Location id="17" primary="false">
        <SourceFile>yubico-c-client-ykclient-2.11/ykclient.c</SourceFile>
        <StartLine>411</StartLine>
        <EndLine>411</EndLine>
        <Explanation>(*ykh)-&gt;url_exp is not a valid address.
   * (*ykh)-&gt;url_exp evaluates to NULL.
   * Some older implementations of free() have unsafe behavior on NULL pointers.
The issue can occur if the highlighted code executes. [event 16]</Explanation>
      </Location>
      <Location id="18" primary="false">
        <SourceFile>yubico-c-client-ykclient-2.11/ykclient.c</SourceFile>
        <StartLine>315</StartLine>
        <EndLine>315</EndLine>
        <Explanation>curl_easy_setopt() is an Undefined Function.</Explanation>
      </Location>
      <Location id="19" primary="false">
        <SourceFile>yubico-c-client-ykclient-2.11/ykclient.c</SourceFile>
        <StartLine>316</StartLine>
        <EndLine>316</EndLine>
        <Explanation>Skipping "if".  0 evaluates to false.</Explanation>
      </Location>
      <Location id="20" primary="false">
        <SourceFile>yubico-c-client-ykclient-2.11/ykclient.c</SourceFile>
        <StartLine>316</StartLine>
        <EndLine>316</EndLine>
        <Explanation>curl_easy_setopt() is an Undefined Function.</Explanation>
      </Location>
      <Location id="21" primary="false">
        <SourceFile>yubico-c-client-ykclient-2.11/ykclient.c</SourceFile>
        <StartLine>318</StartLine>
        <EndLine>318</EndLine>
        <Explanation>curl_multi_add_handle() is an Undefined Function.</Explanation>
      </Location>
      <Location id="22" primary="true">
        <SourceFile>yubico-c-client-ykclient-2.11/ykclient.c</SourceFile>
        <StartLine>319</StartLine>
        <EndLine>319</EndLine>
        <Explanation>p-&gt;easy is dereferenced here, but it is NULL.
The issue can occur if the highlighted code executes. [event 2] [event 7]</Explanation>
      </Location>
    </BugLocations>
    <BugGroup>Useless Assignment</BugGroup>
    <BugCode>LANG.STRUCT.UA</BugCode>
    <BugSeverity>None</BugSeverity>
    <BugMessage> Event 1 at yubico-c-client-ykclient-2.11/ykclient.c:145: This code assigns the variable the same value it already had.

</BugMessage>
    <BugTrace>
      <AssessmentReportFile>21.xml</AssessmentReportFile>
    </BugTrace>
  </BugInstance>
  <BugSummary>
    <BugCategory group="Coercion Alters Value" code="LANG.CAST.COERCE" count="1" bytes="8228" />
    <BugCategory group="Format String" code="MISC.FMT" count="1" bytes="7170" />
    <BugCategory group="Free Null Pointer" code="ALLOC.FNP" count="6" bytes="54990" />
    <BugCategory group="Ignored Return Value" code="LANG.FUNCS.IRV" count="1" bytes="8499" />
    <BugCategory group="Integer Overflow of Allocation Size" code="ALLOC.IOAS" count="1" bytes="8065" />
    <BugCategory group="Leak" code="ALLOC.LEAK" count="1" bytes="11040" />
    <BugCategory group="Null Pointer Dereference" code="LANG.MEM.NPD" count="1" bytes="9247" />
    <BugCategory group="Redundant Condition" code="LANG.STRUCT.RC" count="3" bytes="23145" />
    <BugCategory group="Unreachable Data Flow" code="LANG.STRUCT.UC" count="1" bytes="7504" />
    <BugCategory group="Useless Assignment" code="LANG.STRUCT.UA" count="17" bytes="95804" />
  </BugSummary>
</AnalyzerReport>